● Read bugs/1293771e_fix_migration_cpu_stop_warn.md
  └ 41 lines read

● Read kmod/driver.h
  └ 110 lines read

● Read the commit patch
  $ cd /users/szhong/kSTEP && git -C linux/current show -U32 1293771e4353 2>/dev/null | head -300
  └ 129 lines...

● Check reproduce.py format
  $ cd /users/szhong/kSTEP && cat reproduce.py | head -60
  └ 61 lines...

● List existing drivers
  $ cd /users/szhong/kSTEP && ls kmod/drivers/ | head -20
  └ 21 lines...

● Read more patch context
  $ cd /users/szhong/kSTEP && git -C linux/current show -U32 1293771e4353 -- kernel/sched/core.c |
  head -100
  └ 100 lines...

I see there's already a driver for this bug! Let me check it.

● Read kmod/drivers/migration_cpu_stop_warn.c
  └ 104 lines read

● Check TODO status
  $ cd /users/szhong/kSTEP && grep "1293771e" TODO.md
  └ 2 lines...

● Check if already in reproduce.py
  $ cd /users/szhong/kSTEP && grep -n "migration_cpu_stop_warn\|1293771e" reproduce.py
  └ 1 line...

The driver already exists. Let me check what functions are available, then build and test it.

● Check ksym_lookup availability
  $ cd /users/szhong/kSTEP && grep -rn "kstep_ksym_lookup" kmod/ | head -10
  └ 11 lines...

● Check internal.h include
  $ cd /users/szhong/kSTEP && grep -rn "internal.h" kmod/drivers/migration_cpu_stop_warn.c
  └ 2 lines...

Good, the infrastructure is there. Let me checkout the buggy kernel and build.

● Checkout buggy kernel
  $ cd /users/szhong/kSTEP && python3 ./checkout_linux.py 1293771e4353~1
  migration_cpu_stop_warn_buggy 2>&1 | tail -5
  └ 4 lines...

● Build buggy kernel
  $ cd /users/szhong/kSTEP && make linux LINUX_NAME=migration_cpu_stop_warn_buggy 2>&1 | tail -10
  └ 11 lines...

Build failed with objtool error. Let me check if there's a pre-built kernel or investigate the build issue.

● Check pre-built kernels
  $ cd /users/szhong/kSTEP && ls build/ | head -20
  └ 21 lines...

● Check buggy build directory
  $ cd /users/szhong/kSTEP && ls build/migration_cpu_stop_warn_buggy/ 2>/dev/null | head -20
  └ 1 line...

● Check buggy build dir contents
  $ cd /users/szhong/kSTEP && ls build/migration_cpu_stop_warn_buggy/
  └ 2 lines...

● Check linux dirs for migration
  $ cd /users/szhong/kSTEP && ls linux/ | grep migrat
  └ 10 lines...

