● Read bugs/505da668_sched_clock_avoid_false_sharing.md
  └ 38 lines read

● Read kmod/driver.h
  └ 110 lines read

● Read the commit patch
  $ cd /users/szhong/kSTEP && git -C linux/current show -U32 505da6689305 2>/dev/null | head -200
  └ 201 lines...

● Check reproduce.py format
  $ cd /users/szhong/kSTEP && head -60 reproduce.py
  └ 61 lines...

● Read rest of the patch
  $ cd /users/szhong/kSTEP && git -C linux/current show -U32 505da6689305 2>/dev/null | tail -200
  └ 200 lines...

This is a boot-time initialization ordering bug - TSC marked unstable before `late_initcall()` leaves `sched_clock_irqtime` enabled. The bug file itself notes it "cannot be reliably reproduced within kSTEP's runtime environment since it requires control over TSC stability detection before `late_initcall()`."

Let me skip this and update TODO.md.

● Find the bug in TODO.md
  $ cd /users/szhong/kSTEP && grep -n '505da6689305' TODO.md
  └ 2 lines...

● Check TODO.md header
  $ cd /users/szhong/kSTEP && head -5 TODO.md
  └ 6 lines...

● Edit TODO.md (+1 -1)

