● Read bugs/5aec788a_task_state_comparisons.md
  └ 37 lines read

● Read kmod/driver.h
  └ 110 lines read

● Check patch stats
  $ cd /users/szhong/kSTEP && git -C linux/current show -U32 5aec788aeb8e --stat 2>/dev/null | head
  -30
  └ 31 lines...

✗ Look at existing driver examples
  $ cd /users/szhong/kSTEP && ls kmod/drivers/*.c | head -5 && cat kmod/drivers/$(ls
  kmod/drivers/*.c | head -1 | xargs basename) | head -80
  Command blocked: contains dangerous shell expansion patterns (e.g., parameter transformation,
  indirect expansion, or nested command substitution) that could enable arbitrary code
  execution. Please rewrite the command without these expansion patterns.

● Read AGENTS.md
  └ 43 lines read

● Read full patch
  $ cd /users/szhong/kSTEP && git -C linux/current show -U32 5aec788aeb8e -- include/linux/wait.h
  kernel/hung_task.c kernel/sched/core.c 2>/dev/null
  └ 81 lines...

✗ Read first example driver
  $ cd /users/szhong/kSTEP && cat kmod/drivers/$(ls kmod/drivers/*.c | head -1)
  Command blocked: contains dangerous shell expansion patterns (e.g., parameter transformation,
  indirect expansion, or nested command substitution) that could enable arbitrary code
  execution. Please rewrite the command without these expansion patterns.

● read_bash
  └ 81 lines...

● stop_bash
  └ 1 line...

● List driver files
  $ cd /users/szhong/kSTEP && ls kmod/drivers/*.c
  └ 13 lines...

● Read kmod/drivers/freeze.c
  └ 38 lines read

● Read sched/core.c and hung_task.c changes
  $ cd /users/szhong/kSTEP && git -C linux/current show --no-pager -U32 5aec788aeb8e --
  kernel/sched/core.c kernel/hung_task.c 2>/dev/null | cat
  └ 1 line...

● Read full patch without pager
  $ cd /users/szhong/kSTEP && git -C linux/current show --no-pager 5aec788aeb8e 2>/dev/null | cat
  └ 1 line...

● Read full diff
  $ cd /users/szhong/kSTEP && git -C linux/current diff 5aec788aeb8e~1 5aec788aeb8e 2>/dev/null |
  cat
  └ 53 lines...

Now let me understand the code paths better. Let me look at `state_filter_match` and its callers, plus the kernel version.

● Find callers of state_filter_match
  $ cd /users/szhong/kSTEP && git -C linux/current show 5aec788aeb8e~1:kernel/sched/core.c
  2>/dev/null | grep -n 'state_filter_match' | head -20
  └ 3 lines...

● Get kernel version info
  $ cd /users/szhong/kSTEP && git -C linux/current log --oneline 5aec788aeb8e~1 -1 2>/dev/null
  └ 2 lines...

● Read state_filter_match function
  $ cd /users/szhong/kSTEP && git -C linux/current show 5aec788aeb8e~1:kernel/sched/core.c
  2>/dev/null | grep -n -A 30 'state_filter_match' | head -60
  └ 61 lines...

● Read reproduce.py format
  $ cd /users/szhong/kSTEP && cat reproduce.py | head -40
  └ 41 lines...

● Get kernel version
  $ cd /users/szhong/kSTEP && git -C linux/current show 5aec788aeb8e~1:Makefile 2>/dev/null | head
  -5
  └ 6 lines...

● Get task state definitions
  $ cd /users/szhong/kSTEP && git -C linux/current show 5aec788aeb8e~1:include/linux/sched.h
  2>/dev/null | grep -n 'TASK_INTERRUPTIBLE\|TASK_UNINTERRUPTIBLE\|TASK_KILLABLE\|TASK_IDLE\|TASK_NO
  LOAD\|TASK_FREEZABLE\|TASK_WAKEKILL' | head -30
  └ 20 lines...

● Read full reproduce.py
  $ cd /users/szhong/kSTEP && cat reproduce.py | cat
  └ 388 lines...

● Find show_state_filter usage
  $ cd /users/szhong/kSTEP && git -C linux/current show 5aec788aeb8e~1:kernel/sched/core.c
  2>/dev/null | grep -n -B5 -A20 'show_state_filter' | head -60
  └ 27 lines...

● Read kernel.c implementation
  $ cd /users/szhong/kSTEP && cat kmod/kernel.c | head -100
  └ 101 lines...

● Find kstep_freeze_task implementation
  $ cd /users/szhong/kSTEP && grep -rn 'kstep_freeze_task' kmod/ --include='*.c' --include='*.h' |
  head -20
  └ 4 lines...

● Read kstep_freeze_task implementation
  $ cd /users/szhong/kSTEP && sed -n '200,250p' kmod/kernel.c
  └ 42 lines...

● Read task.c implementation
  $ cd /users/szhong/kSTEP && cat kmod/task.c
  └ 113 lines...

● Read user-space task code
  $ cd /users/szhong/kSTEP && cat user/task.c
  └ 67 lines...

● Read kthread.c implementation
  $ cd /users/szhong/kSTEP && cat kmod/kthread.c
  └ 157 lines...

● Response was interrupted due to a server error. Retrying...

● Find wait_event_freezable definition
  $ cd /users/szhong/kSTEP && git -C linux/current show 5aec788aeb8e~1:include/linux/wait.h
  2>/dev/null | grep -n -A10 'wait_event_freezable\b' | head -30
  └ 31 lines...

● Check TASK_FREEZABLE usage in wait.h
  $ cd /users/szhong/kSTEP && git -C linux/current show 5aec788aeb8e~1:include/linux/wait.h
  2>/dev/null | grep -n 'TASK_FREEZABLE\|TASK_INTERRUPTIBLE' | head -20
  └ 21 lines...

● Read ___wait_event macro
  $ cd /users/szhong/kSTEP && git -C linux/current show 5aec788aeb8e~1:include/linux/wait.h
  2>/dev/null | sed -n '290,340p'
  └ 52 lines...

● Check which drivers use version guards
  $ cd /users/szhong/kSTEP && grep -l 'LINUX_VERSION_CODE\|KERNEL_VERSION' kmod/drivers/*.c | head
  -5
  └ 6 lines...

● Check a driver with version guard
  $ cd /users/szhong/kSTEP && cat kmod/drivers/rq_qos_wakeup.c | head -20
  └ 21 lines...

● Check version guards in existing drivers
  $ cd /users/szhong/kSTEP && head -3 kmod/drivers/freeze.c kmod/drivers/sync_wakeup.c
  kmod/drivers/vruntime_overflow.c
  └ 15 lines...

● Read internal.h
  $ cd /users/szhong/kSTEP && cat kmod/internal.h | head -50
  └ 51 lines...

● Check KSYM_IMPORT macro
  $ cd /users/szhong/kSTEP && grep -rn 'KSYM_IMPORT\|KSYM_' kmod/internal.h | head -20
  └ 11 lines...

● Find symbol resolution mechanism
  $ cd /users/szhong/kSTEP && grep -n 'KSYM_IMPORT_RAW\|resolve_sym\|kallsyms' kmod/internal.h
  kmod/main.c 2>/dev/null | head -20
  └ 4 lines...

● Read __schedule for TASK_FREEZABLE handling
  $ cd /users/szhong/kSTEP && git -C linux/current show 5aec788aeb8e~1:kernel/sched/core.c
  2>/dev/null | grep -n -A30 'static void __sched notrace __schedule' | head -80
  └ 32 lines...

● Read __schedule TASK_FREEZABLE handling
  $ cd /users/szhong/kSTEP && git -C linux/current show 5aec788aeb8e~1:kernel/sched/core.c
  2>/dev/null | sed -n '6400,6470p'
  └ 72 lines...

● Find TASK_FREEZABLE handling in core.c
  $ cd /users/szhong/kSTEP && git -C linux/current show 5aec788aeb8e~1:kernel/sched/core.c
  2>/dev/null | grep -n 'TASK_FREEZABLE\|TASK_FROZEN\|frozen\|freezable' | head -30
  └ 8 lines...

● Read freezer.c
  $ cd /users/szhong/kSTEP && git -C linux/current show 5aec788aeb8e~1:kernel/freezer.c 2>/dev/null
  | cat
  └ 236 lines...

