● Read bugs/70ee7947_fix_warning_in_schedsetaffinity.md
  └ 38 lines read

● Read kmod/driver.h
  └ 110 lines read

● Read the patch
  $ cd /users/szhong/kSTEP && git -C linux/current show -U32 70ee7947a290 2>/dev/null | head -200
  └ 101 lines...

● Check reproduce.py format
  $ cd /users/szhong/kSTEP && tail -30 reproduce.py
  └ 31 lines...

● List existing drivers
  $ cd /users/szhong/kSTEP && ls kmod/drivers/ | head -20
  └ 21 lines...

● Check if driver exists
  $ cd /users/szhong/kSTEP && cat kmod/drivers/setaffinity_warn.c 2>/dev/null || echo "driver
  doesn't exist yet"
  └ 2 lines...

● Check reproduce.py structure
  $ cd /users/szhong/kSTEP && head -80 reproduce.py
  └ 81 lines...

● Read similar warning driver
  $ cd /users/szhong/kSTEP && cat kmod/drivers/migration_cpu_stop_warn.c
  └ 107 lines...

● Find drivers using cgroups
  $ cd /users/szhong/kSTEP && grep -l "cgroup" kmod/drivers/*.c | head -5
  └ 6 lines...

● Check kernel version around commit
  $ cd /users/szhong/kSTEP && git -C linux/current log --oneline 70ee7947a290~2..70ee7947a290
  2>/dev/null | head -5
  └ 3 lines...

● Check kernel version
  $ cd /users/szhong/kSTEP && git -C linux/current describe --tags 70ee7947a290~1 2>/dev/null || git
   -C linux/current log -1 --format="%H %s" 70ee7947a290~1 2>/dev/null
  └ 2 lines...

● Read cgroup driver example
  $ cd /users/szhong/kSTEP && cat kmod/drivers/h_nr_runnable.c
  └ 77 lines...

● Check for affinity helpers
  $ cd /users/szhong/kSTEP && grep -n
  "kstep_ksym_lookup\|kstep_task_setaffinity\|sched_setaffinity\|set_cpus_allowed" kmod/drivers/*.c
  kmod/*.c kmod/*.h 2>/dev/null | head -20
  └ 21 lines...

● Read kthread implementation
  $ cd /users/szhong/kSTEP && cat kmod/kthread.c
  └ 157 lines...

● Read kernel.c for cgroup helpers
  $ cd /users/szhong/kSTEP && cat kmod/kernel.c
  └ 241 lines...

● Read buggy sched_setaffinity code
  $ cd /users/szhong/kSTEP && git -C linux/current show 70ee7947a290~1:kernel/sched/syscalls.c |
  head -1220 | tail -100
  └ 101 lines...

● Find SCA_CHECK handling
  $ cd /users/szhong/kSTEP && grep -n "SCA_CHECK\|__set_cpus_allowed_ptr_locked\|SCA_USER"
  linux/current/kernel/sched/core.c 2>/dev/null | head -20
  └ 11 lines...

● Read tick implementation
  $ cd /users/szhong/kSTEP && cat kmod/tick.c
  └ 165 lines...

● Read internal header
  $ cd /users/szhong/kSTEP && cat kmod/internal.h
  └ 90 lines...

● Check CPU configuration
  $ cd /users/szhong/kSTEP && grep -n "num_cpus\|qemu.*smp\|CPUS" run.py | head -20
  └ 5 lines...

● Check QEMU SMP settings
  $ cd /users/szhong/kSTEP && grep -n "num_cpus\|smp" scripts/*.py scripts/*.sh 2>/dev/null | head
  -20
  └ 1 line...

● Read run.py structure
  $ cd /users/szhong/kSTEP && head -50 run.py
  └ 51 lines...

● Read task.c implementation
  $ cd /users/szhong/kSTEP && cat kmod/task.c
  └ 113 lines...

● Request failed due to a transient API error. Retrying...

