● Read AGENTS.md
  └ 43 lines read

● Read bugs/76f970ce_schedcore_reduce_cost_of_schedmovetask.md
  └ 42 lines read

● Read the patch
  $ cd /users/szhong/kSTEP && git -C linux/current show -U32 76f970ce51c8 2>/dev/null | head -300
  └ 259 lines...

● List directory kmod
  └ 25 files found

● Read driver.h header
  $ cd /users/szhong/kSTEP && head -200 kmod/driver.h
  └ 111 lines...

● List existing drivers
  $ cd /users/szhong/kSTEP && ls kmod/drivers/ | head -20
  └ 21 lines...

● Understand task_fork API
  $ cd /users/szhong/kSTEP && cat kmod/driver.h | grep -A5 "kstep_task_fork"
  └ 7 lines...

● Read task.c implementation
  $ cd /users/szhong/kSTEP && cat kmod/task.c | head -200
  └ 113 lines...

● Read an example driver
  $ cd /users/szhong/kSTEP && ls kmod/drivers/*.c | wc -l && cat kmod/drivers/even_idle_cpu.c
  └ 44 lines...

● Read user-side task code
  $ cd /users/szhong/kSTEP && cat user/task.c
  └ 67 lines...

● Read internal.h
  $ cd /users/szhong/kSTEP && cat kmod/internal.h | head -100
  └ 90 lines...

● Read another example driver
  $ cd /users/szhong/kSTEP && cat kmod/drivers/h_nr_runnable.c 2>/dev/null || cat
  kmod/drivers/balance_push_splice.c 2>/dev/null
  └ 77 lines...

● Read reproduce.py pattern
  $ cd /users/szhong/kSTEP && cat reproduce.py | head -60
  └ 61 lines...

● Checkout buggy kernel
  $ cd /users/szhong/kSTEP && python3 ./checkout_linux.py 76f970ce51c8~1 sched_move_buggy 2>&1 |
  tail -5
  └ 6 lines...

● Check kernel version
  $ cd /users/szhong/kSTEP && git -C linux/current log --oneline -3
  └ 4 lines...

● Check buggy sched_move_task
  $ cd /users/szhong/kSTEP && grep -n "sched_move_task\|sched_get_task_group\|sched_change_group"
  linux/current/kernel/sched/core.c | head -20
  └ 9 lines...

● Check autogroup config
  $ cd /users/szhong/kSTEP && grep "CONFIG_SCHED_AUTOGROUP" linux/current/kernel/sched/Makefile
  build/current/.config 2>/dev/null | head -10
  └ 1 line...

● Read buggy sched_move_task
  $ cd /users/szhong/kSTEP && sed -n '9050,9095p' linux/current/kernel/sched/core.c
  └ 47 lines...

● Find autogroup config
  $ cd /users/szhong/kSTEP && grep "CONFIG_SCHED_AUTOGROUP" build/sched_move_buggy/.config
  2>/dev/null; grep "CONFIG_SCHED_AUTOGROUP" scripts/linux_config 2>/dev/null; grep -r "autogroup"
  scripts/ 2>/dev/null | head -10
  └ 1 line...

● Read Makefile
  $ cd /users/szhong/kSTEP && cat Makefile | head -80
  └ 80 lines...

● Find kernel config
  $ cd /users/szhong/kSTEP && find scripts/ -name "*config*" -o -name "*.config" | head -10 && ls
  scripts/
  └ 5 lines...

● Read linux-config target
  $ cd /users/szhong/kSTEP && grep -A5 "linux-config" Makefile | head -20
  └ 15 lines...

● Find kstep config location
  $ cd /users/szhong/kSTEP && grep "KSTEP_CONFIG" Makefile
  └ 3 lines...

● Check autogroup in kstep config
  $ cd /users/szhong/kSTEP && grep -i "autogroup\|CGROUP_SCHED\|FAIR_GROUP" linux/config.kstep
  linux/config.kstep.x86_64 2>/dev/null
  └ 3 lines...

● Read util_avg driver for reference
  $ cd /users/szhong/kSTEP && cat kmod/drivers/util_avg.c 2>/dev/null
  └ 53 lines...

● Read user.h
  $ cd /users/szhong/kSTEP && cat kmod/user.h
  └ 18 lines...

● Check autogroup code
  $ cd /users/szhong/kSTEP && grep -n
  "sched_autogroup_exit_task\|sched_move_task\|detach_task_cfs_rq"
  linux/current/kernel/sched/autogroup.c 2>/dev/null | head -20
  └ 8 lines...

● Request failed due to a transient API error. Retrying...

