● Read bugs/77d7dc8b_the_complex_cid_management.md
  └ 39 lines read

● Read kmod/driver.h
  └ 110 lines read

● Check patch stats
  $ cd /users/szhong/kSTEP && git -C linux/current show -U32 77d7dc8bef48 --stat | head -30
  └ 31 lines...

● List existing drivers
  $ cd /users/szhong/kSTEP && ls kmod/drivers/ | head -30
  └ 31 lines...

● Check drivers Makefile
  $ cd /users/szhong/kSTEP && cat kmod/drivers/Makefile
  └ 2 lines...

● Read patch for core.c and sched.h
  $ cd /users/szhong/kSTEP && git -C linux/current show -U32 77d7dc8bef48 -- kernel/sched/core.c
  kernel/sched/sched.h | head -500
  └ 501 lines...

● Read existing mm_cid driver
  $ cd /users/szhong/kSTEP && cat kmod/drivers/mm_cid_perf.c
  └ 101 lines...

● Read sched.h patch
  $ cd /users/szhong/kSTEP && git -C linux/current show -U32 77d7dc8bef48 -- kernel/sched/sched.h |
  head -800
  └ 411 lines...

● Read rest of core.c patch
  $ cd /users/szhong/kSTEP && git -C linux/current show -U32 77d7dc8bef48 -- kernel/sched/core.c |
  tail -600
  └ 599 lines...

● Check reproduce.py format
  $ cd /users/szhong/kSTEP && cat reproduce.py | tail -40
  └ 41 lines...

● Read mm_types.h changes
  $ cd /users/szhong/kSTEP && git -C linux/current show -U32 77d7dc8bef48 --
  include/linux/mm_types.h | head -120
  └ 120 lines...

● Check kernel version of buggy commit
  $ cd /users/szhong/kSTEP && git -C linux/current log --oneline 77d7dc8bef48~1 -1 && git -C
  linux/current show 77d7dc8bef48~1:Makefile | head -5
  └ 7 lines...

● Read reproduce.py header
  $ cd /users/szhong/kSTEP && head -80 reproduce.py
  └ 81 lines...

● Read a reference driver
  $ cd /users/szhong/kSTEP && cat kmod/drivers/exit_mm_membarrier.c
  └ 106 lines...

● Read internal.h header
  $ cd /users/szhong/kSTEP && cat kmod/drivers/internal.h | head -80
  └ 2 lines...

● Check fork usage
  $ cd /users/szhong/kSTEP && grep -r "kstep_task_fork" kmod/ --include="*.c" --include="*.h" | head
   -20
  └ 5 lines...

● Find internal.h
  $ cd /users/szhong/kSTEP && find kmod/drivers -name "internal.h"
  └ 1 line...

● Read task.c for fork implementation
  $ cd /users/szhong/kSTEP && cat kmod/task.c | head -80
  └ 81 lines...

● Find and read internal.h
  $ cd /users/szhong/kSTEP && find kmod -name "internal.h" | xargs cat 2>/dev/null | head -50
  └ 51 lines...

● Check internal includes
  $ cd /users/szhong/kSTEP && grep -r "#include.*internal" kmod/drivers/*.c | head -10
  └ 11 lines...

Now I understand the bug. The complex CID management keeps cidmask bits set (LAZY) after task switch-out, requiring compaction work that causes latency spikes. The fix clears cidmask bits immediately. Let me create the driver.

● Checkout buggy kernel
  $ cd /users/szhong/kSTEP && ./checkout_linux.py 77d7dc8bef48~1 mmcid_compact_buggy 2>&1 | tail -5
  └ 6 lines...

Good. Now let me create the driver:

● Create kmod/drivers/mmcid_compact.c (+91)

● Build buggy kernel
  $ cd /users/szhong/kSTEP && make linux LINUX_NAME=mmcid_compact_buggy 2>&1 | tail -5
  └ 6 lines...

● Build kstep module for buggy
  $ cd /users/szhong/kSTEP && make kstep LINUX_NAME=mmcid_compact_buggy 2>&1 | tail -10
  └ 11 lines...

● Run driver on buggy kernel
  $ cd /users/szhong/kSTEP && ./run.py mmcid_compact --linux_name mmcid_compact_buggy 2>&1 | tail
  -20
  └ 21 lines...

Need more CPUs. Let me check the run.py options:

● Check run.py options
  $ cd /users/szhong/kSTEP && ./run.py --help 2>&1 | head -20
  └ 17 lines...

● Run with 3 CPUs on buggy kernel
  $ cd /users/szhong/kSTEP && ./run.py mmcid_compact --linux_name mmcid_compact_buggy --num_cpus 3
  2>&1 | tail -20
  └ 21 lines...

Bug triggered on buggy kernel: `weight_a=1` after pause (CID lazy-cached). Let me check the output file:

● Check JSONL output
  $ cd /users/szhong/kSTEP && cat data/latest.jsonl
  └ 2 lines...

Bug triggers correctly on the buggy kernel. Now build and test the fixed kernel:

● Checkout fixed kernel
  $ cd /users/szhong/kSTEP && ./checkout_linux.py 77d7dc8bef48 mmcid_compact_fixed 2>&1 | tail -5
  └ 6 lines...

● Build fixed kernel
  $ cd /users/szhong/kSTEP && make linux LINUX_NAME=mmcid_compact_fixed 2>&1 | tail -5
  └ 6 lines...

● Build kstep for fixed kernel
  $ cd /users/szhong/kSTEP && make kstep LINUX_NAME=mmcid_compact_fixed 2>&1 | tail -5
  └ 6 lines...

● Run on fixed kernel
  $ cd /users/szhong/kSTEP && ./run.py mmcid_compact --linux_name mmcid_compact_fixed --num_cpus 3
  2>&1 | tail -20
  └ 21 lines...

● Check fixed output
  $ cat /users/szhong/kSTEP/data/latest.jsonl
  └ 2 lines...

Bug confirmed:
- **Buggy**: `weight_a=1` after pause (CID lazy-cached, fail)
- **Fixed**: `weight_a=0` after pause (CID freed immediately, pass)

Now let me update `reproduce.py`, `TODO.md`, and commit:

● Find bug in TODO.md
  $ cd /users/szhong/kSTEP && grep -n "77d7dc8bef48" TODO.md
  └ 2 lines...

● Check reproduce.py entries
  $ cd /users/szhong/kSTEP && grep -n "Bug.*driver=Driver.*name=" reproduce.py | tail -5
  └ 1 line...

● Find total counter
  $ cd /users/szhong/kSTEP && grep -n "Total:.*reproduced" TODO.md | head -3
  └ 2 lines...

● Check end of reproduce.py bugs list
  $ cd /users/szhong/kSTEP && tail -20 reproduce.py | head -10
  └ 11 lines...

● Find bugs list bounds
  $ cd /users/szhong/kSTEP && grep -n "^bugs\|^]" reproduce.py
  └ 3 lines...

● Read reproduce.py lines 370-382
  └ 13 lines read

Now let me make all the updates:

● Edit reproduce.py (+7)

● Edit TODO.md (+1 -1)

● Edit TODO.md (+1 -1)

