● Read AGENTS.md
  └ 43 lines read

● Read bugs/7fb3ff22_archscalefreqtick_on_tickless_systems.md
  └ 40 lines read

● Read the patch
  $ cd /users/szhong/kSTEP && git -C linux/current show -U32 7fb3ff22ad87 2>/dev/null | head -200
  └ 105 lines...

Let me examine the kernel source and kSTEP framework to understand the bug mechanism better.

● Read kmod/driver.h
  └ 110 lines read

● Check buggy kernel scheduler_tick
  $ cd /users/szhong/kSTEP && git -C linux/current show -U32 7fb3ff22ad87~1 -- kernel/sched/core.c |
   head -100
  └ 1 line...

● Find freq invariance code
  $ cd /users/szhong/kSTEP && grep -n
  "arch_scale_freq_tick\|scale_freq_tick\|check_shl_overflow\|went wobbly\|freq_invariance"
  linux/current/kernel/sched/core.c 2>/dev/null | head -30
  └ 2 lines...

● Find x86 freq scale code
  $ cd /users/szhong/kSTEP && grep -rn "scale_freq_tick\|check_shl_overflow\|went
  wobbly\|arch_set_freq_scale\|freq_scale" linux/current/arch/x86/kernel/smpboot.c 2>/dev/null |
  head -30
  └ 1 line...

● Find scale_freq_tick implementation
  $ cd /users/szhong/kSTEP && grep -rn "scale_freq_tick\|check_shl_overflow\|went
  wobbly\|freq_max\|ARCH_SCALE_FREQ\|acnt.*mcnt\|arch_freq_scale" linux/current/kernel/sched/
  2>/dev/null | head -40
  └ 4 lines...

● Find x86 scale_freq_tick
  $ cd /users/szhong/kSTEP && grep -rn "scale_freq_tick\|went wobbly\|check_shl_overflow"
  linux/current/arch/x86/ 2>/dev/null | head -20
  └ 9 lines...

● List existing drivers
  $ cd /users/szhong/kSTEP && ls kmod/drivers/ | head -20
  └ 21 lines...

● Read scale_freq_tick implementation
  $ cd /users/szhong/kSTEP && sed -n '420,500p' linux/current/arch/x86/kernel/cpu/aperfmperf.c
  └ 81 lines...

● Check run.py for boot params
  $ cd /users/szhong/kSTEP && cat run.py | head -80
  └ 81 lines...

● Read default driver example
  $ cd /users/szhong/kSTEP && cat kmod/drivers/default.c
  └ 58 lines...

● Check nohz/housekeeping in sched
  $ cd /users/szhong/kSTEP && grep -rn "nohz\|HK_TYPE\|housekeeping\|NOHZ\|nohz_full"
  linux/current/kernel/sched/core.c 2>/dev/null | head -20
  └ 21 lines...

● Read boot args in run.py
  $ cd /users/szhong/kSTEP && sed -n '75,120p' run.py
  └ 47 lines...

● Check freq invariance config
  $ cd /users/szhong/kSTEP && grep -rn "APERFMPERF\|X86_FEATURE_APERFMPERF\|CONFIG_X86_64.*SMP\|ARCH
  _FREQ\|arch_freq_scale\|freq_invariance\|arch_scale_freq_invariant\|arch_max_freq_ratio"
  linux/current/arch/x86/kernel/cpu/aperfmperf.c | head -20
  └ 21 lines...

● List kmod files
  $ cd /users/szhong/kSTEP && ls kmod/*.h kmod/*.c | head -20
  └ 21 lines...

● Read an existing driver
  $ cd /users/szhong/kSTEP && cat kmod/drivers/freeze.c
  └ 39 lines...

● Read internal.h
  $ cd /users/szhong/kSTEP && cat kmod/internal.h
  └ 90 lines...

● Read tick.c implementation
  $ cd /users/szhong/kSTEP && cat kmod/tick.c
  └ 165 lines...

● Read main.c implementation
  $ cd /users/szhong/kSTEP && cat kmod/main.c
  └ 64 lines...

● List scripts directory
  $ cd /users/szhong/kSTEP && ls scripts/
  └ 5 lines...

● Check kernel config for APERFMPERF
  $ cd /users/szhong/kSTEP && grep -r "APERFMPERF\|FREQ_INVARIANT\|APERF\|MPERF" build/*/config
  2>/dev/null | head -10
  └ 1 line...

● Check build config
  $ cd /users/szhong/kSTEP && grep -r "APERFMPERF\|SMP.*X86_64" scripts/ 2>/dev/null | head -10; cat
   Makefile | head -60
  └ 61 lines...

● Find kernel config in Makefile
  $ cd /users/szhong/kSTEP && grep -r "config\|defconfig\|menuconfig\|\.config\|kconfig" Makefile |
  head -10
  └ 7 lines...

● Find kernel configs
  $ cd /users/szhong/kSTEP && find build/ -name ".config" -o -name "config" 2>/dev/null | head -5
  └ 1 line...

● Check kSTEP config for relevant options
  $ cd /users/szhong/kSTEP && cat linux/config.kstep 2>/dev/null | grep -i
  "aperfmperf\|freq\|no_hz\|nohz\|x86_64\|SMP\|TICK" | head -20
  └ 9 lines...

● Read full kernel configs
  $ cd /users/szhong/kSTEP && cat linux/config.kstep 2>/dev/null; echo "---"; cat
  linux/config.kstep.x86_64 2>/dev/null
  └ 105 lines...

● Read more of Makefile
  $ cd /users/szhong/kSTEP && sed -n '60,130p' Makefile
  └ 46 lines...

● Read Makefile linux targets
  $ cd /users/szhong/kSTEP && grep -A5 "^linux:" Makefile; echo "==="; grep -A5
  "linux-build\|linux-patch" Makefile | head -30
  └ 21 lines...

Let me start by checking out the buggy kernel and examining what version we're dealing with.

● Get commit info
  $ cd /users/szhong/kSTEP && git -C linux/current log --oneline 7fb3ff22ad87 -1
  └ 2 lines...

● Get kernel version
  $ cd /users/szhong/kSTEP && git -C linux/current describe --tags 7fb3ff22ad87~1 2>/dev/null || git
   -C linux/current log --oneline -1 7fb3ff22ad87~1
  └ 2 lines...

● Checkout buggy kernel
  $ cd /users/szhong/kSTEP && ./checkout_linux.py 7fb3ff22ad87~1 freq_tick_buggy 2>&1
  └ 10 lines...

Good, kernel checked out. Now I need to modify the config to enable NO_HZ_FULL, then build. Let me also check the KERNEL_VERSION for the guards.

● Get kernel version numbers
  $ cd /users/szhong/kSTEP && head -5 linux/freq_tick_buggy/Makefile | grep -E
  "VERSION|PATCHLEVEL|SUBLEVEL"
  └ 5 lines...

● Generate initial kernel config
  $ cd /users/szhong/kSTEP && make linux-config LINUX_NAME=freq_tick_buggy 2>&1 | tail -20
  └ 21 lines...

● Check current NO_HZ config
  $ cd /users/szhong/kSTEP/linux/freq_tick_buggy && grep "NO_HZ\|CONTEXT_TRACKING" .config | head
  -10
  └ 8 lines...

● Enable NO_HZ_FULL in config
  $ cd /users/szhong/kSTEP/linux/freq_tick_buggy && \
    sed -i 's/# CONFIG_NO_HZ_FULL is not set/CONFIG_NO_HZ_FULL=y/' .config && \
    sed -i 's/# CONFIG_NO_HZ is not set/CONFIG_NO_HZ=y/' .config && \
    make olddefconfig 2>&1 | tail -5
  └ 5 lines...

● Verify NO_HZ_FULL enabled
  $ cd /users/szhong/kSTEP/linux/freq_tick_buggy && grep "NO_HZ\|CONTEXT_TRACKING\|HOUSEKEEPING"
  .config | head -15
  └ 11 lines...

CONFIG_NO_HZ_FULL is enabled. Now let me build the kernel and write the driver in parallel.

● Build buggy kernel
  $ cd /users/szhong/kSTEP && touch linux/freq_tick_buggy/.config && make linux
  LINUX_NAME=freq_tick_buggy 2>&1 | tail -5
  └ 6 lines...

Kernel built. Now let me examine the `arch_scale_freq_tick` and `scale_freq_tick` more carefully and write the driver.

● Read scale_freq_tick in buggy kernel
  $ cd /users/szhong/kSTEP && sed -n '425,500p'
  linux/freq_tick_buggy/arch/x86/kernel/cpu/aperfmperf.c
  └ 28 lines...

● Find freq invariant flag
  $ cd /users/szhong/kSTEP && grep -n
  "arch_scale_freq_key\|arch_scale_freq_invariant\|scale_freq_invariant"
  linux/freq_tick_buggy/arch/x86/kernel/cpu/aperfmperf.c | head -10
  └ 6 lines...

● Read arch_scale_freq_key
  $ cd /users/szhong/kSTEP && sed -n '80,95p' linux/freq_tick_buggy/arch/x86/kernel/cpu/aperfmperf.c
  └ 17 lines...

● Find arch_scale_freq_invariant definition
  $ cd /users/szhong/kSTEP && grep -n "arch_scale_freq_invariant"
  linux/freq_tick_buggy/include/linux/sched/topology.h 2>/dev/null | head -5; grep -rn
  "arch_scale_freq_invariant" linux/freq_tick_buggy/arch/x86/ | head -5
  └ 3 lines...

● Get aperfmperf struct definition
  $ cd /users/szhong/kSTEP && grep -A20 "struct aperfmperf"
  linux/freq_tick_buggy/arch/x86/kernel/cpu/aperfmperf.c | head -25
  └ 26 lines...

● Read scale_freq_tick and disable fn
  $ cd /users/szhong/kSTEP && sed -n '330,370p'
  linux/freq_tick_buggy/arch/x86/kernel/cpu/aperfmperf.c
  └ 41 lines...

● Read arch_scale_freq_tick
  $ cd /users/szhong/kSTEP && sed -n '370,410p'
  linux/freq_tick_buggy/arch/x86/kernel/cpu/aperfmperf.c
  └ 42 lines...

● Read reproduce.py
  $ cd /users/szhong/kSTEP && cat reproduce.py | head -80
  └ 81 lines...

● Read more of reproduce.py
  $ cd /users/szhong/kSTEP && sed -n '80,180p' reproduce.py
  └ 102 lines...

● Check reproduce.py build functions
  $ cd /users/szhong/kSTEP && grep -A10 "def print_run_results\|def make_linux\|def make_kstep"
  reproduce.py | head -30
  └ 1 line...

● Check Linux class definition
  $ cd /users/szhong/kSTEP && grep -A20 "class Linux" checkout_linux.py | head -25
  └ 22 lines...

● Check config in Makefile
  $ cd /users/szhong/kSTEP && grep "config" Makefile
  └ 7 lines...

● Check how config is used in checkout
  $ cd /users/szhong/kSTEP && grep -A30 "def checkout_linux\|config" checkout_linux.py | head -50
  └ 51 lines...

● Check make_linux function
  $ cd /users/szhong/kSTEP && grep -A30 "make_linux\|make_kstep" run.py | head -50
  └ 50 lines...

● Check config usage in reproduce.py
  $ cd /users/szhong/kSTEP && grep -n "config" reproduce.py | head -20
  └ 12 lines...

● Read config merge logic
  $ cd /users/szhong/kSTEP && sed -n '405,425p' reproduce.py
  └ 22 lines...

● Read example config fragment
  $ cd /users/szhong/kSTEP && cat linux/forceidle_balancing.config 2>/dev/null
  └ 2 lines...

There's already a mechanism for extra config fragments in `reproduce.py`! Now let me create the config fragment and write the driver. Since I already built the kernel with NO_HZ_FULL, I just need the driver now.

● Create linux/freq_tick.config (+3)

● Create kmod/drivers/freq_tick.c (+132)

Now let me build kstep and run on the buggy kernel:

● Build kstep for buggy kernel
  $ cd /users/szhong/kSTEP && make kstep LINUX_NAME=freq_tick_buggy 2>&1 | tail -20
  └ 21 lines...

Build succeeded. Let me run the driver on the buggy kernel:

● Run driver on buggy kernel
  $ cd /users/szhong/kSTEP && ./run.py freq_tick --linux_name freq_tick_buggy 2>&1 | tail -20
  └ 21 lines...

