● Read bugs/8feb053d_fix_trace_sched_switch_prev.md
  └ 42 lines read

● Read kmod/driver.h
  └ 110 lines read

● Read the patch
  $ cd /users/szhong/kSTEP && git -C linux/current show -U32 8feb053d5319 2>/dev/null | head -200
  └ 160 lines...

● Check kthread implementation
  $ cd /users/szhong/kSTEP && cat kmod/kthread.c 2>/dev/null | head -100
  └ 101 lines...

● List existing drivers
  $ cd /users/szhong/kSTEP && ls kmod/drivers/ | head -20
  └ 21 lines...

● See rest of patch
  $ cd /users/szhong/kSTEP && git -C linux/current show -U32 8feb053d5319 | tail -100
  └ 101 lines...

● Find drivers using kthreads
  $ cd /users/szhong/kSTEP && grep -l "kstep_kthread" kmod/drivers/*.c | head -5
  └ 6 lines...

● Check default driver
  $ cd /users/szhong/kSTEP && ls kmod/drivers/ | wc -l && cat kmod/drivers/default.c
  └ 59 lines...

● Find signal-related drivers
  $ cd /users/szhong/kSTEP && grep -l "signal\|__state\|TASK_INTERRUPTIBLE\|TASK_RUNNING"
  kmod/drivers/*.c 2>/dev/null | head -10
  └ 9 lines...

● Read task_state_cmp driver
  $ cd /users/szhong/kSTEP && cat kmod/drivers/task_state_cmp.c
  └ 92 lines...

● Read kthread race driver
  $ cd /users/szhong/kSTEP && cat kmod/drivers/pf_kthread_race.c
  └ 76 lines...

● Check internal header
  $ cd /users/szhong/kSTEP && cat kmod/internal.h | head -50
  └ 51 lines...

● Check kernel version near commit
  $ cd /users/szhong/kSTEP && git -C linux/current log --oneline -3 8feb053d5319 2>/dev/null
  └ 4 lines...

● Get kernel version
  $ cd /users/szhong/kSTEP && git -C linux/current describe --tags 8feb053d5319~1 2>/dev/null
  └ 2 lines...

● Check internal header tail
  $ cd /users/szhong/kSTEP && cat kmod/internal.h | tail -40
  └ 41 lines...

● Find tracepoint/symbol utilities
  $ cd /users/szhong/kSTEP && grep -r
  "kstep_ksym_lookup\|tracepoint\|register_trace\|trace_sched_switch" kmod/ --include="*.c"
  --include="*.h" | grep -v ".o:" | head -20
  └ 21 lines...

● Find trace_sched_switch usage
  $ cd /users/szhong/kSTEP && grep -rn "trace_sched_switch" linux/current/kernel/sched/core.c | head
   -10
  └ 2 lines...

● Find sched_switch trace event
  $ cd /users/szhong/kSTEP && grep -rn "TRACE_EVENT.*sched_switch\|DEFINE_EVENT.*sched_switch"
  linux/current/include/trace/events/sched.h | head -5
  └ 2 lines...

● Read sched_switch trace event definition
  $ cd /users/szhong/kSTEP && sed -n '215,290p' linux/current/include/trace/events/sched.h
  └ 77 lines...

● Check trace_sched_switch in buggy
  $ cd /users/szhong/kSTEP && git -C linux/current show 8feb053d5319~1:kernel/sched/core.c | grep -n
   "trace_sched_switch" | head -5
  └ 2 lines...

● Check buggy trace event def
  $ cd /users/szhong/kSTEP && git -C linux/current show 8feb053d5319~1:include/trace/events/sched.h
  | grep -A 30 "TRACE_EVENT(sched_switch,"
  └ 32 lines...

● Check buggy __schedule context
  $ cd /users/szhong/kSTEP && git -C linux/current show 8feb053d5319~1:kernel/sched/core.c | sed -n
  '6730,6775p'
  └ 46 lines...

● Read full kthread.c
  $ cd /users/szhong/kSTEP && cat kmod/kthread.c
  └ 157 lines...

● Check reproduce.py format
  $ cd /users/szhong/kSTEP && cat reproduce.py | head -40
  └ 41 lines...

● Get kernel version from Makefile
  $ cd /users/szhong/kSTEP && git -C linux/current show 8feb053d5319~1:Makefile | head -5
  └ 6 lines...

● Check reproduce.py end
  $ cd /users/szhong/kSTEP && cat reproduce.py | tail -100
  └ 101 lines...

● Check run.py for Driver format
  $ cd /users/szhong/kSTEP && cat run.py | head -60
  └ 61 lines...

● Check trace.c
  $ cd /users/szhong/kSTEP && cat kmod/trace.c
  └ 107 lines...

● Search for tracepoint usage in kmod
  $ cd /users/szhong/kSTEP && grep -rn "register_trace\|tracepoint_probe\|trace/events" kmod/
  --include="*.c" --include="*.h" 2>/dev/null | head -10
  └ 1 line...

Now I have a good understanding of the bug and the kSTEP framework. Let me write the driver.

● Check tracepoint_probe_register usage
  $ cd /users/szhong/kSTEP && grep -rn "tracepoint_probe_register" kmod/ --include="*.c"
  --include="*.h" 2>/dev/null | head -5
  └ 1 line...

● Check tracepoint export
  $ cd /users/szhong/kSTEP && grep -n
  "EXPORT_TRACEPOINT_SYMBOL.*sched_switch\|__tracepoint_sched_switch"
  linux/current/kernel/sched/core.c 2>/dev/null | head -5
  └ 1 line...

● Check trace header for exports
  $ cd /users/szhong/kSTEP && grep -rn "EXPORT_TRACEPOINT_SYMBOL"
  linux/current/include/trace/events/sched.h 2>/dev/null | head -5
  └ 1 line...

● Find exported sched tracepoints
  $ cd /users/szhong/kSTEP && grep -rn "EXPORT_TRACEPOINT_SYMBOL.*sched" linux/current/kernel/
  2>/dev/null | head -10
  └ 6 lines...

● Check tracepoint API export
  $ cd /users/szhong/kSTEP && grep -rn "EXPORT_SYMBOL.*tracepoint_probe_register"
  linux/current/kernel/ 2>/dev/null | head -5
  └ 3 lines...

Good, `tracepoint_probe_register` is exported and I can find `__tracepoint_sched_switch` via `kstep_ksym_lookup`. Let me write the driver.

● Create kmod/drivers/sched_switch_prev_state.c (+150)

Now let me checkout the buggy kernel and build:

● Checkout buggy kernel
  $ cd /users/szhong/kSTEP && ./checkout_linux.py 8feb053d5319~1 sched_switch_prev_state_buggy 2>&1
  | tail -5
  └ 1 line...

● read_bash
  └ 1 line...

● read_bash
  └ 1 line...

● read_bash
  └ 1 line...

● read_bash
  └ 1 line...

● read_bash
  └ 1 line...

● read_bash
  └ 1 line...

● read_bash
  └ 6 lines...

● Build buggy kernel
  $ cd /users/szhong/kSTEP && make linux LINUX_NAME=sched_switch_prev_state_buggy 2>&1 | tail -20
  └ 21 lines...

● Build kstep module
  $ cd /users/szhong/kSTEP && make kstep LINUX_NAME=sched_switch_prev_state_buggy 2>&1 | tail -30
  └ 31 lines...

● Check vfs_mkdir usage
  $ cd /users/szhong/kSTEP && grep -n "vfs_mkdir" kmod/kernel.c
  └ 6 lines...

● Check version guards
  $ cd /users/szhong/kSTEP && sed -n '85,115p' kmod/kernel.c
  └ 32 lines...

● Check if vfs_mkdir commit exists
  $ cd /users/szhong/kSTEP && git -C linux/sched_switch_prev_state_buggy log --oneline c54b386969a5
  2>/dev/null | head -2
  └ 3 lines...

● Check vfs_mkdir commit
  $ cd /users/szhong/kSTEP && git -C linux/current log --oneline --all | grep -i "vfs_mkdir" | head
  -5
  └ 6 lines...

● Verify vfs_mkdir commit is ancestor
  $ cd /users/szhong/kSTEP && git -C linux/sched_switch_prev_state_buggy merge-base --is-ancestor
  c54b386969a5 HEAD && echo "vfs_mkdir change is in tree"
  └ 2 lines...

● Check vfs_mkdir declaration
  $ cd /users/szhong/kSTEP && grep -rn "vfs_mkdir"
  linux/sched_switch_prev_state_buggy/include/linux/fs.h 2>/dev/null | head -5
  └ 2 lines...

● Check kernel.c history
  $ cd /users/szhong/kSTEP && git --no-pager log --oneline -10 kmod/kernel.c
  └ 11 lines...

● Check if vfs_mkdir changed after v6.14
  $ cd /users/szhong/kSTEP && git -C linux/sched_switch_prev_state_buggy log --oneline v6.14..HEAD
  -- fs/ | grep -i "vfs_mkdir\|mkdir" | head -5
  └ 6 lines...

● Check for 6.14 version guards
  $ cd /users/szhong/kSTEP && grep -r "KERNEL_VERSION(6, 14" kmod/drivers/*.c 2>/dev/null | head -10
  └ 6 lines...

The build fails due to a `vfs_mkdir` API mismatch in the development kernel. Let me fix the version guard in kernel.c:

● Read kmod/kernel.c lines 91-105
  └ 15 lines read

● Edit kmod/kernel.c (+5 -5)

● Build kstep module
  $ cd /users/szhong/kSTEP && make kstep LINUX_NAME=sched_switch_prev_state_buggy 2>&1 | tail -20
  └ 21 lines...

● Check __state type
  $ cd /users/szhong/kSTEP && grep "__state"
  linux/sched_switch_prev_state_buggy/include/linux/sched.h | head -5
  └ 6 lines...

● Find __state declaration
  $ cd /users/szhong/kSTEP && grep -n "unsigned.*__state\|__state"
  linux/sched_switch_prev_state_buggy/include/linux/sched.h | head -10
  └ 11 lines...

● Find __state type declaration
  $ cd /users/szhong/kSTEP && grep -n "unsigned int __state\|unsigned long __state\|int __state"
  linux/sched_switch_prev_state_buggy/include/linux/sched.h | head -5
  └ 1 line...

● Find __state in struct task_struct
  $ cd /users/szhong/kSTEP && grep -n "__state"
  linux/sched_switch_prev_state_buggy/include/linux/sched.h | grep -i "field\|decl\|struct" | head
  -5; grep -B2 -A2 "__state;" linux/sched_switch_prev_state_buggy/include/linux/sched.h | head -10
  └ 10 lines...

● Edit kmod/drivers/sched_switch_prev_state.c (+1 -1)

● Edit kmod/drivers/sched_switch_prev_state.c (+1 -1)

● Edit kmod/drivers/sched_switch_prev_state.c (+2 -2)

● Build kstep module again
  $ cd /users/szhong/kSTEP && make kstep LINUX_NAME=sched_switch_prev_state_buggy 2>&1 | tail -15
  └ 16 lines...

Build succeeded. Let me run the driver:

● Run driver on buggy kernel
  $ cd /users/szhong/kSTEP && ./run.py sched_switch_prev_state --linux_name
  sched_switch_prev_state_buggy 2>&1 | tail -20
  └ 1 line...

● read_bash
  └ 1 line...

● read_bash
  └ 1 line...

● read_bash
  └ 1 line...

● read_bash
  └ 1 line...

● stop_bash
  └ 1 line...

● Check log output
  $ cd /users/szhong/kSTEP && cat data/logs/latest.log 2>/dev/null | tail -50
  └ 1 line...

● Check any log files
  $ cd /users/szhong/kSTEP && ls -la data/logs/latest.log 2>/dev/null && cat data/logs/*.log
  2>/dev/null | tail -30
  └ 1 line...

● Check logs directory
  $ cd /users/szhong/kSTEP && ls -la data/logs/ 2>/dev/null
  └ 8 lines...

● Check latest logs
  $ cd /users/szhong/kSTEP && ls -lt data/logs/ | head -5
  └ 6 lines...

● Check latest log content
  $ cd /users/szhong/kSTEP && ls -lt data/logs/ | head -3 && echo "---" && cat
  data/logs/log-20260310_092438.log | tail -30
  └ 35 lines...

● Check for recent logs
  $ cd /users/szhong/kSTEP && ls -lt data/logs/ | grep "2603101[34]" | head -5
  └ 1 line...

● Check recent log files
  $ cd /users/szhong/kSTEP && date && ls -lt data/logs/ | head -3
  └ 5 lines...

● Check log beginning
  $ cd /users/szhong/kSTEP && head -20 data/logs/log-20260310_092438.log
  └ 21 lines...

● Run driver with timeout
  $ cd /users/szhong/kSTEP && timeout 120 ./run.py sched_switch_prev_state --linux_name
  sched_switch_prev_state_buggy 2>&1 | tail -40
  └ 1 line...

● stop_bash
  └ 1 line...

● Check for new log files
  $ cd /users/szhong/kSTEP && ls -lt data/logs/ | head -5
  └ 6 lines...

● Check new log
  $ cd /users/szhong/kSTEP && head -5 data/logs/log-20260310_092752.log && echo "---" && grep -i
  "sched_switch_prev_state\|kstep\|victim\|probe\|fail\|pass\|panic\|BUG"
  data/logs/log-20260310_092752.log | head -20
  └ 27 lines...

● Check other log file
  $ cd /users/szhong/kSTEP && head -5 data/logs/log-20260310_092750.log && echo "---" && grep -i
  "sched_switch_prev_state\|kstep\|victim\|probe\|fail\|pass\|panic\|driver="
  data/logs/log-20260310_092750.log | head -20
  └ 13 lines...

● Check current symlinks
  $ cd /users/szhong/kSTEP && ls -la linux/current build/current && ls
  build/sched_switch_prev_state_buggy/
  └ 4 lines...

● Verify build artifacts
  $ cd /users/szhong/kSTEP && ls build/sched_switch_prev_state_buggy/kmod/kmod.ko && file
  build/sched_switch_prev_state_buggy/image
  └ 3 lines...

Good, the image is correct. The QEMU must be running another kernel. Let me check if there are concurrent QEMU processes:

● Check for running QEMU
  $ ps aux | grep qemu | grep -v grep | head -5
  └ 3 lines...

● Run QEMU directly
  $ cd /users/szhong/kSTEP && python3 -c "
  from run import Driver, run_qemu, make_kstep
  from pathlib import Path
  driver = Driver(name='sched_switch_prev_state', num_cpus=2)
  run_qemu(linux_name='sched_switch_prev_state_buggy', driver=driver)...
  └ 2 lines...

● Check for new logs
  $ ls -lt /users/szhong/kSTEP/data/logs/ | head -5
  └ 6 lines...

● Check new log content
  $ grep -i
  "sched_switch_prev_state\|driver=\|victim\|probe\|fail\|pass\|panic\|tracepoint\|Starting"
  /users/szhong/kSTEP/data/logs/log-20260310_092948.log | head -20
  └ 8 lines...

● stop_bash
  └ 1 line...

● Check all recent logs
  $ cd /users/szhong/kSTEP && ls -lt data/logs/ | head -8
  └ 9 lines...

● Check 092843 log
  $ head -3 /users/szhong/kSTEP/data/logs/log-20260310_092843.log
  └ 4 lines...

Found it! The 092843 log is my driver. Let me check it:

● Check my driver log
  $ grep -i "victim\|probe\|fail\|pass\|panic\|tracepoint\|Starting\|Running\|Exiting\|TRACE_INFO\|s
  tale\|sched_switch" /users/szhong/kSTEP/data/logs/log-20260310_092843.log | head -30
  └ 11 lines...

● Check end of my log
  $ tail -30 /users/szhong/kSTEP/data/logs/log-20260310_092843.log
  └ 31 lines...

● Check tick.c implementation
  $ cd /users/szhong/kSTEP && cat kmod/tick.c | head -80
  └ 81 lines...

● Check kstep_tick function
  $ cd /users/szhong/kSTEP && cat kmod/tick.c | grep -A 30 "void kstep_tick("
  └ 32 lines...

● Check kstep_sleep
  $ cd /users/szhong/kSTEP && grep -A 20 "void kstep_sleep(" kmod/tick.c
  └ 15 lines...

I see - the log shows the driver started but hung. The issue is `wait_event_interruptible` detects signals before calling `schedule()`, so the bug path is never hit. I need to call `schedule()` directly. Let me rewrite the driver:

● Read kmod/drivers/sched_switch_prev_state.c
  └ 149 lines read

