● Read bugs/91dabf33_fix_race_task_call_func.md
  └ 31 lines read

● Read kmod/driver.h
  └ 110 lines read

● Read the commit patch
  $ cd /users/szhong/kSTEP && git -C linux/current show -U32 91dabf33ae5d 2>/dev/null | head -200
  └ 193 lines...

● Look at kstep_freeze_task impl
  $ cd /users/szhong/kSTEP && cat kmod/kernel.c | head -80
  └ 81 lines...

● List existing drivers
  $ cd /users/szhong/kSTEP && ls kmod/drivers/ | head -20
  └ 21 lines...

● Find freeze_task implementation
  $ cd /users/szhong/kSTEP && grep -n "freeze_task\|task_call_func" kmod/kernel.c
  └ 4 lines...

● View freeze_task implementation
  $ cd /users/szhong/kSTEP && sed -n '200,240p' kmod/kernel.c
  └ 42 lines...

● Look at existing freeze driver
  $ cd /users/szhong/kSTEP && cat kmod/drivers/freeze.c
  └ 39 lines...

● Look at kthread implementation
  $ cd /users/szhong/kSTEP && cat kmod/kthread.c
  └ 157 lines...

● View task.c implementation
  $ cd /users/szhong/kSTEP && cat kmod/task.c
  └ 113 lines...

● View internal.h
  $ cd /users/szhong/kSTEP && cat kmod/internal.h
  └ 90 lines...

● Checkout buggy kernel
  $ cd /users/szhong/kSTEP && ./checkout_linux.py 91dabf33ae5d~1 task_call_func_buggy 2>&1 | tail -5
  └ 1 line...

● read_bash
  └ 1 line...

● read_bash
  └ 1 line...

● read_bash
  └ 1 line...

● read_bash
  └ 1 line...

● read_bash
  └ 1 line...

● Check checkout process
  $ ps aux | grep checkout_linux | head -5
  └ 6 lines...

● read_bash
  └ 6 lines...

● Check kernel version
  $ cd /users/szhong/kSTEP && git -C linux/current log --oneline -1
  └ 2 lines...

● Find __set_task_frozen
  $ cd /users/szhong/kSTEP && grep -n "task_call_func\|__set_task_frozen"
  linux/current/kernel/freezer.c 2>/dev/null || grep -rn "__set_task_frozen"
  linux/current/kernel/sched/ | head -10
  └ 4 lines...

● Find task_call_func in buggy kernel
  $ cd /users/szhong/kSTEP && grep -n "task_call_func\|__set_task_frozen\|freeze_task"
  linux/current/kernel/sched/core.c | head -20
  └ 3 lines...

● View buggy task_call_func
  $ cd /users/szhong/kSTEP && sed -n '4200,4260p' linux/current/kernel/sched/core.c
  └ 62 lines...

● View __set_task_frozen
  $ cd /users/szhong/kSTEP && sed -n '95,145p' linux/current/kernel/sched/core.c
  └ 52 lines...

● Find __set_task_frozen in freezer.c
  $ cd /users/szhong/kSTEP && grep -n "__set_task_frozen" linux/current/kernel/freezer.c | head -5
  └ 3 lines...

● View __set_task_frozen
  $ cd /users/szhong/kSTEP && sed -n '100,145p' linux/current/kernel/freezer.c
  └ 47 lines...

● Check kernel config for lockdep
  $ cd /users/szhong/kSTEP && cat scripts/linux.config | grep -i lock 2>/dev/null; ls
  scripts/*.config 2>/dev/null
  └ 2 lines...

● Check lockdep config
  $ cd /users/szhong/kSTEP && grep -E "CONFIG_PROVE_LOCKING|CONFIG_LOCKDEP|CONFIG_DEBUG_LOCK"
  build/current/.config 2>/dev/null || grep -E "PROVE_LOCKING|LOCKDEP" scripts/linux.config
  2>/dev/null | head -10
  └ 1 line...

● Find kernel config
  $ cd /users/szhong/kSTEP && find . -name "*.config" -path "*/scripts/*" -o -name "linux_config*"
  -o -name "kstep.config" 2>/dev/null | head -10; ls build/task_call_func_buggy/.config 2>/dev/null
  && grep -E "PROVE_LOCKING|LOCKDEP|DEBUG_LOCK" build/task_call_func_buggy/.config | head -10
  └ 1 line...

● read_bash
  └ 1 line...

● stop_bash
  └ 1 line...

● Check Makefile for config
  $ cd /users/szhong/kSTEP && cat Makefile | head -60
  └ 61 lines...

● Find config scripts
  $ cd /users/szhong/kSTEP && grep -E "PROVE_LOCKING|LOCKDEP|DEBUG_LOCK" scripts/config_*
  2>/dev/null; ls scripts/ | head -20
  └ 20 lines...

● Find how config is set up
  $ cd /users/szhong/kSTEP && grep -rn "defconfig\|config\|LOCKDEP\|PROVE" Makefile
  checkout_linux.py | head -20
  └ 9 lines...

● Check kstep config for lockdep
  $ cd /users/szhong/kSTEP && cat linux/config.kstep | grep -E "LOCK|DEBUG" | head -20
  └ 9 lines...

Let me look at how the user-mode tasks work and understand the signal handling:

● View tick implementation
  $ cd /users/szhong/kSTEP && cat kmod/tick.c
  └ 165 lines...

● View user task implementation
  $ cd /users/szhong/kSTEP && cat user/task.c
  └ 67 lines...

● Get kernel version from Makefile
  $ cd /users/szhong/kSTEP && head -5 linux/current/Makefile
  └ 6 lines...

● Check kernel version
  $ cd /users/szhong/kSTEP && git -C linux/current log --oneline -5 && git -C linux/current describe
   --tags --always 2>/dev/null | head -5
  └ 7 lines...

● Get buggy kernel version
  $ cd /users/szhong/kSTEP && head -5 linux/task_call_func_buggy/Makefile
  └ 6 lines...

● Check buggy kernel HEAD
  $ cd /users/szhong/kSTEP && git -C linux/task_call_func_buggy log --oneline -3
  └ 4 lines...

● Find task_call_f typedef
  $ cd /users/szhong/kSTEP && grep "task_call_f\b" linux/task_call_func_buggy/include/linux/sched.h
  | head -5
  └ 1 line...

● Check task_call_func export
  $ cd /users/szhong/kSTEP && grep -n "EXPORT.*task_call_func\|int task_call_func"
  linux/task_call_func_buggy/kernel/sched/core.c | head -5
  └ 2 lines...

● Find task_call_func declaration
  $ cd /users/szhong/kSTEP && grep -rn "task_call_f\|task_call_func"
  linux/task_call_func_buggy/include/linux/sched.h | head -10
  └ 1 line...

● Find task_call_f typedef in headers
  $ cd /users/szhong/kSTEP && grep -rn "task_call_f" linux/task_call_func_buggy/include/ | head -10
  └ 3 lines...

● Check task_curr declaration
  $ cd /users/szhong/kSTEP && grep -n "task_curr" linux/task_call_func_buggy/include/linux/sched.h |
   head -5
  └ 2 lines...

● Check task_curr implementation
  $ cd /users/szhong/kSTEP && grep -A3 "^int task_curr"
  linux/task_call_func_buggy/kernel/sched/core.c
  └ 1 line...

● Find task_curr in core.c
  $ cd /users/szhong/kSTEP && grep -n "task_curr" linux/task_call_func_buggy/kernel/sched/core.c |
  head -10
  └ 11 lines...

● View task_curr implementation
  $ cd /users/szhong/kSTEP && sed -n '2144,2155p' linux/task_call_func_buggy/kernel/sched/core.c
  └ 13 lines...

● Review freeze driver again
  $ cd /users/szhong/kSTEP && cat kmod/drivers/freeze.c
  └ 39 lines...

● Check on_cpu field
  $ cd /users/szhong/kSTEP && grep "on_cpu" linux/task_call_func_buggy/include/linux/sched.h | head
  -5
  └ 6 lines...

● Check run.py for QEMU config
  $ cd /users/szhong/kSTEP && head -60 run.py
  └ 61 lines...

● Check CPU config in run.py
  $ cd /users/szhong/kSTEP && grep -n "num_cpus\|ncpus\|smp" run.py | head -10
  └ 5 lines...

Now I have a clear plan. Let me create the driver:

● Create kmod/drivers/task_call_func_race.c (+99)

Now let me build the buggy kernel and kstep module:

● Build buggy kernel
  $ cd /users/szhong/kSTEP && make linux LINUX_NAME=task_call_func_buggy 2>&1 | tail -20
  └ 21 lines...

● Build kstep for buggy kernel
  $ cd /users/szhong/kSTEP && make kstep LINUX_NAME=task_call_func_buggy 2>&1 | tail -30
  └ 31 lines...

● Find KSYM_IMPORT usage in drivers
  $ cd /users/szhong/kSTEP && grep -rn "KSYM_IMPORT" kmod/drivers/ | head -10
  └ 11 lines...

● Check driver include pattern
  $ cd /users/szhong/kSTEP && head -10 kmod/drivers/forceidle_starvation.c
  └ 11 lines...

● Check includes in forceidle driver
  $ cd /users/szhong/kSTEP && grep -B2 "KSYM_IMPORT\|#include" kmod/drivers/forceidle_starvation.c |
   head -15
  └ 8 lines...

● Check symbol resolution
  $ cd /users/szhong/kSTEP && grep -A20 "kstep_ksym_lookup\|KSYM" kmod/sym.c | head -40
  └ 41 lines...

● Read symbol auto-resolution
  $ cd /users/szhong/kSTEP && sed -n '55,100p' kmod/sym.c
  └ 17 lines...

● Edit kmod/drivers/task_call_func_race.c (+4 -2)

● Edit kmod/drivers/task_call_func_race.c (-2)

● Rebuild kstep module
  $ cd /users/szhong/kSTEP && make kstep LINUX_NAME=task_call_func_buggy 2>&1 | tail -15
  └ 16 lines...

Build succeeded. Now let me run the driver on the buggy kernel:

● Run driver on buggy kernel
  $ cd /users/szhong/kSTEP && ./run.py task_call_func_race --linux_name task_call_func_buggy
  --num_cpus 3 2>&1 | tail -30
  └ 31 lines...

The race is detected on the buggy kernel. Let me verify the output log:

● Check pass/fail status
  $ cd /users/szhong/kSTEP && cat data/logs/latest.log | grep -E "pass|fail|RACE"
  └ 2 lines...

● Check output from latest log
  $ cd /users/szhong/kSTEP && cat data/latest.log | grep -E "pass|fail|RACE"
  └ 3 lines...

● Check JSON output
  $ cd /users/szhong/kSTEP && cat data/latest.jsonl
  └ 3 lines...

● Check output files
  $ cd /users/szhong/kSTEP && ls data/latest.* 2>/dev/null && echo "---" && ls data/logs/
  2>/dev/null | tail -5
  └ 9 lines...

● Check latest.out for results
  $ cd /users/szhong/kSTEP && grep -E "RACE|pass|fail|status" data/latest.out | head -10
  └ 2 lines...

● Check latest log tail
  $ cd /users/szhong/kSTEP && cat data/latest.log | tail -30
  └ 31 lines...

● Rerun with captured output
  $ cd /users/szhong/kSTEP && ./run.py task_call_func_race --linux_name task_call_func_buggy
  --num_cpus 3 2>&1 | tee /tmp/buggy_run.log | tail -40
  └ 41 lines...

● Check JSON output
  $ cd /users/szhong/kSTEP && cat data/latest.jsonl
  └ 2 lines...

The bug is reproduced — "pass" status confirms the race was detected on the buggy kernel. Now let me build and test on the fixed kernel:

● Checkout fixed kernel
  $ cd /users/szhong/kSTEP && ./checkout_linux.py 91dabf33ae5d task_call_func_fixed 2>&1 | tail -5
  └ 1 line...

● read_bash
  └ 1 line...

● read_bash
  └ 6 lines...

● Build fixed kernel
  $ cd /users/szhong/kSTEP && make linux LINUX_NAME=task_call_func_fixed 2>&1 | tail -5
  └ 6 lines...

● Build kstep for fixed kernel
  $ cd /users/szhong/kSTEP && make kstep LINUX_NAME=task_call_func_fixed 2>&1 | tail -10
  └ 11 lines...

● Run driver on fixed kernel
  $ cd /users/szhong/kSTEP && ./run.py task_call_func_race --linux_name task_call_func_fixed
  --num_cpus 3 2>&1 | tee /tmp/fixed_run.log | tail -20
  └ 21 lines...

● Check fixed kernel results
  $ cat /tmp/fixed_run.log | grep -E "RACE|pass|fail|status" && echo "---JSONL---" && cat
  /users/szhong/kSTEP/data/latest.jsonl
  └ 5 lines...

The results confirm:
- **Buggy kernel**: `pass` — race detected (on_cpu=1 without rq_lock)
- **Fixed kernel**: `fail` — no race (smp_cond_load_acquire waited for on_cpu=0)

Now let me update TODO.md, reproduce.py, and commit:

● Find bug in TODO.md
  $ cd /users/szhong/kSTEP && grep -n "91dabf33ae5d" TODO.md
  └ 2 lines...

● Count current reproduced
  $ cd /users/szhong/kSTEP && grep -c "^\- \[x\]" TODO.md
  └ 2 lines...

● Find counter line
  $ cd /users/szhong/kSTEP && grep -n "Total:.*reproduced" TODO.md
  └ 2 lines...

● Edit TODO.md (+1 -1)

● Edit TODO.md (+1 -1)

Now let me add the driver to reproduce.py:

● Check reproduce.py format
  $ cd /users/szhong/kSTEP && tail -30 reproduce.py
  └ 31 lines...

● Check bugs list format
  $ cd /users/szhong/kSTEP && grep -A10 "^bugs = \[" reproduce.py | head -20; echo "---"; grep -B2
  -A15 "^class Bug" reproduce.py | head -30
  └ 31 lines...

● Check Linux class
  $ cd /users/szhong/kSTEP && grep -B2 -A20 "class Linux" reproduce.py | head -25
  └ 1 line...

● Check reproduce.py header
  $ cd /users/szhong/kSTEP && head -60 reproduce.py
  └ 61 lines...

● Find end of bugs list
  $ cd /users/szhong/kSTEP && grep -n "^]" reproduce.py | head -3
  └ 2 lines...

● See end of bugs list
  $ cd /users/szhong/kSTEP && sed -n '455,462p' reproduce.py
  └ 9 lines...

● Edit reproduce.py (+7)

Now let me commit and push:

● Check git status
  $ cd /users/szhong/kSTEP && git add -A && git status --short
  └ 7 lines...

● Check staged files
  $ cd /users/szhong/kSTEP && git --no-pager diff --cached --name-only
  └ 6 lines...

● Check unstaged and untracked
  $ cd /users/szhong/kSTEP && git --no-pager diff --name-only && echo "---UNTRACKED---" && git
  ls-files --others --exclude-standard | head -20
  └ 8 lines...

● Check specific file diffs
  $ cd /users/szhong/kSTEP && git --no-pager diff TODO.md | head -20 && echo "---" && git --no-pager
   diff reproduce.py | head -20 && echo "---" && git --no-pager diff --cached
  kmod/drivers/task_call_func_race.c | head -5
  └ 3 lines...

● Check specific file status
  $ cd /users/szhong/kSTEP && git --no-pager status TODO.md reproduce.py
  kmod/drivers/task_call_func_race.c
  └ 5 lines...

● Check git log and TODO state
  $ cd /users/szhong/kSTEP && git --no-pager log --oneline -5 && echo "---" && grep "91dabf33ae5d"
  TODO.md
  └ 8 lines...

● Verify files are in place
  $ cd /users/szhong/kSTEP && cat kmod/drivers/task_call_func_race.c | head -5 && echo "---" && grep
   "task_call_func_race" reproduce.py
  └ 8 lines...

● Full git status
  $ cd /users/szhong/kSTEP && git --no-pager status
  └ 24 lines...

My changes are already committed and pushed via the ralph-loop auto-save. Let me verify everything is in order:

● Verify all changes committed
  $ cd /users/szhong/kSTEP && git --no-pager log --oneline -1 && echo "---" && git --no-pager show
  --stat HEAD | grep -E "task_call_func|TODO|reproduce" && echo "---" && echo "Driver exists:" &&
  test -f kmod/drivers/task_call_func_race.c && echo "YES" && echo "TODO updated:" && grep
  "91dabf33ae5d" TODO.md | head -1 && echo "reproduce.py updated:" && grep "task_call_func_race"
  reproduce.py | head -1
  └ 14 lines...

All changes are committed and pushed. Let me do a proper commit now:

