● Read bugs/b6e13e85_ttwu_race.md
  └ 40 lines read

● Read kmod/driver.h
  └ 110 lines read

● Read the patch
  $ cd /users/szhong/kSTEP && git -C linux/current show -U32 b6e13e85829f 2>/dev/null | head -300
  └ 301 lines...

● Read AGENTS.md
  └ 43 lines read

● List existing drivers
  $ cd /users/szhong/kSTEP && ls kmod/drivers/ | head -20
  └ 21 lines...

● Read rest of patch
  $ cd /users/szhong/kSTEP && git -C linux/current show -U32 b6e13e85829f 2>/dev/null | tail -200
  └ 201 lines...

Let me look at existing driver examples and understand the kernel version.

● Read example driver
  $ cd /users/szhong/kSTEP && cat kmod/drivers/cpus_share_cache.c
  └ 113 lines...

● Get kernel version info
  $ cd /users/szhong/kSTEP && git -C linux/current log --oneline b6e13e85829f~1 -1
  └ 2 lines...

● Find related drivers
  $ cd /users/szhong/kSTEP && ls kmod/drivers/ttwu* 2>/dev/null; grep -l
  "ttwu\|wake_entry\|wakelist" kmod/drivers/*.c 2>/dev/null | head -5
  └ 6 lines...

● Read wakelist driver
  $ cd /users/szhong/kSTEP && cat kmod/drivers/nr_running_wakelist.c
  └ 111 lines...

● Read internal header
  $ cd /users/szhong/kSTEP && cat kmod/internal.h | head -60
  └ 61 lines...

● Get kernel version
  $ cd /users/szhong/kSTEP && git -C linux/current log --oneline b6e13e85829f~1 -1 && git -C
  linux/current describe --tags b6e13e85829f~1 2>/dev/null || echo "No tag" && head -5
  linux/current/Makefile
  └ 8 lines...

● Check KSYM_IMPORT definition
  $ cd /users/szhong/kSTEP && cat kmod/internal.h | grep -A2 "KSYM_IMPORT"
  └ 12 lines...

● Get kernel version at buggy commit
  $ cd /users/szhong/kSTEP && git -C linux/current show b6e13e85829f~1:Makefile | head -6
  └ 2 lines...

● Find ksym lookup functions
  $ cd /users/szhong/kSTEP && grep -l "KSYM_IMPORT\|kstep_ksym_lookup" kmod/*.h kmod/*.c 2>/dev/null
   | head -5
  └ 6 lines...

● Checkout buggy kernel
  $ cd /users/szhong/kSTEP && ./checkout_linux.py b6e13e85829f~1 ttwu_race_buggy 2>&1 | tail -5
  └ 1 line...

● Read shell output: Waiting up to 30 seconds for command output
  └ 1 line...

● Read shell output: Waiting up to 30 seconds for command output
  └ 1 line...

● Read shell output: Waiting up to 60 seconds for command output
  └ 1 line...

● Read shell output: Waiting up to 60 seconds for command output
  └ 1 line...

● Read shell output: Waiting up to 120 seconds for command output
  └ 1 line...

● Read shell output: Waiting up to 120 seconds for command output
  └ 6 lines...

● Get kernel version
  $ cd /users/szhong/kSTEP && head -5 linux/ttwu_race_buggy/Makefile
  └ 6 lines...

● Check group sched config
  $ cd /users/szhong/kSTEP && grep -n "CONFIG_FAIR_GROUP_SCHED" build/ttwu_race_buggy/.config
  2>/dev/null || grep -rn "CONFIG_FAIR_GROUP_SCHED" linux/ttwu_race_buggy/kernel/sched/Makefile
  2>/dev/null
  └ 1 line...

● Find kstep config
  $ cd /users/szhong/kSTEP && grep "CONFIG_FAIR_GROUP_SCHED\|CONFIG_CGROUP_SCHED" build/kstep_config
   2>/dev/null || find . -name "kstep_config" -o -name ".config" 2>/dev/null | head -5
  └ 1 line...

● Stop shell
  └ 1 line...

● Find kernel config
  $ cd /users/szhong/kSTEP && ls scripts/kstep_config* 2>/dev/null; grep "FAIR_GROUP" scripts/*.py
  scripts/*.sh 2>/dev/null | head -5; grep "FAIR_GROUP" Makefile 2>/dev/null
  └ 1 line...

● Check scripts dir
  $ cd /users/szhong/kSTEP && grep "FAIR_GROUP\|CGROUP_SCHED" scripts/config 2>/dev/null; ls
  scripts/
  └ 5 lines...

● Check Makefile for config
  $ cd /users/szhong/kSTEP && grep -n "FAIR_GROUP\|config_text\|\.config" Makefile | head -20
  └ 3 lines...

● Find config path
  $ cd /users/szhong/kSTEP && cat Makefile | grep -A2 "KSTEP_CONFIG" | head -10
  └ 7 lines...

● Check kstep config for group sched
  $ cd /users/szhong/kSTEP && grep "FAIR_GROUP\|CGROUP_SCHED" linux/config.kstep
  linux/config.kstep.* 2>/dev/null
  └ 3 lines...

Good, `CONFIG_FAIR_GROUP_SCHED=y` is enabled. The NULL deref in `is_same_group()` will trigger. Now let me write the driver.

● Verify sched_ttwu_pending in buggy kernel
  $ cd /users/szhong/kSTEP && sed -n '2275,2300p' linux/ttwu_race_buggy/kernel/sched/core.c
  └ 27 lines...

● Find ttwu functions
  $ cd /users/szhong/kSTEP && grep -n "sched_ttwu_pending\|ttwu_do_activate\|WF_ON_RQ\|WF_ON_CPU"
  linux/ttwu_race_buggy/kernel/sched/core.c | head -20
  └ 9 lines...

Good. Now I can see that the buggy `sched_ttwu_pending` has no defensive checks. Let me write the driver:

● Create kmod/drivers/ttwu_race.c (+138)

Now let me build and test on the buggy kernel:

● Build buggy kernel
  $ cd /users/szhong/kSTEP && make linux LINUX_NAME=ttwu_race_buggy 2>&1 | tail -5
  └ 6 lines...

● Check build errors
  $ cd /users/szhong/kSTEP && make linux LINUX_NAME=ttwu_race_buggy 2>&1 | grep -i "error" | head
  -20
  └ 6 lines...

● Check specific build error
  $ cd /users/szhong/kSTEP && make linux LINUX_NAME=ttwu_race_buggy 2>&1 | grep -B3 "thunk_64.o" |
  head -10
  └ 8 lines...

● Check objtool config
  $ cd /users/szhong/kSTEP && grep -r "objtool\|CONFIG_STACK_VALIDATION" linux/config.kstep*
  2>/dev/null
  └ 1 line...

● Check build dir and source file
  $ cd /users/szhong/kSTEP && ls build/ttwu_race_buggy/ 2>/dev/null | head -5; ls
  linux/ttwu_race_buggy/arch/x86/entry/thunk_64.S 2>/dev/null
  └ 2 lines...

● Check objtool/stack config
  $ cd /users/szhong/kSTEP && grep "STACK_VALIDATION\|OBJTOOL\|UNWINDER" linux/config.kstep
  linux/config.kstep.* 2>/dev/null
  └ 1 line...

● Read kstep config
  $ cd /users/szhong/kSTEP && cat linux/config.kstep | head -40
  └ 41 lines...

● Check unwinder config
  $ cd /users/szhong/kSTEP && cat linux/config.kstep | grep -i
  "stack_valid\|objtool\|orc\|unwinder\|frame_pointer"
  └ 1 line...

● Check arch config
  $ cd /users/szhong/kSTEP && cat linux/config.kstep.x86_64 2>/dev/null
  └ 6 lines...

● Check generated config
  $ cd /users/szhong/kSTEP && grep "STACK_VALIDATION\|OBJTOOL" linux/ttwu_race_buggy/.config
  2>/dev/null
  └ 3 lines...

● Check build target
  $ cd /users/szhong/kSTEP && cat Makefile | grep -A10 "linux:" | head -15
  └ 12 lines...

● Read checkout script
  $ cd /users/szhong/kSTEP && cat checkout_linux.py
  └ 123 lines...

● Check patch mechanism
  $ cd /users/szhong/kSTEP && ls linux/patches* 2>/dev/null; ls -d linux/patch* 2>/dev/null; cat
  Makefile | grep -A5 "linux-patch"
  └ 14 lines...

● Disable stack validation
  $ cd /users/szhong/kSTEP/linux/ttwu_race_buggy && scripts/config --disable STACK_VALIDATION &&
  make olddefconfig 2>&1 | tail -3
  └ 4 lines...

● Build buggy kernel
  $ cd /users/szhong/kSTEP && make linux LINUX_NAME=ttwu_race_buggy 2>&1 | tail -10
  └ 11 lines...

● Verify config change
  $ cd /users/szhong/kSTEP && grep "STACK_VALIDATION" linux/ttwu_race_buggy/.config
  └ 3 lines...

● List existing kernel builds
  $ cd /users/szhong/kSTEP && ls linux/ | head -20 && ls build/ | head -20
  └ 41 lines...

● Check versions of similar drivers
  $ cd /users/szhong/kSTEP && for d in linux/cpus_share_cache_buggy linux/nr_running_wakelist_buggy;
   do echo "==$d=="; head -5 "$d/Makefile" 2>/dev/null; done
  └ 13 lines...

● Check stack config
  $ cd /users/szhong/kSTEP && cat linux/config.kstep | grep -i stack
  └ 1 line...

● Check objtool
  $ cd /users/szhong/kSTEP/linux/ttwu_race_buggy && cat tools/objtool/Makefile | head -20
  2>/dev/null; which objtool 2>/dev/null; ls tools/objtool/objtool 2>/dev/null
  └ 22 lines...

● Rebuild objtool
  $ cd /users/szhong/kSTEP/linux/ttwu_race_buggy && rm -f tools/objtool/objtool && make
  tools/objtool/objtool 2>&1 | tail -5
  └ 3 lines...

● Rebuild objtool directly
  $ cd /users/szhong/kSTEP/linux/ttwu_race_buggy && rm tools/objtool/objtool && make -C
  tools/objtool 2>&1 | tail -10
  └ 2 lines...

● Find objtool binary
  $ cd /users/szhong/kSTEP/linux/ttwu_race_buggy && find . -name objtool -type f 2>/dev/null
  └ 1 line...

● Find objtool
  $ cd /users/szhong/kSTEP/linux/ttwu_race_buggy && find . -name objtool 2>/dev/null; ls
  tools/objtool/ | head -10
  └ 12 lines...

● Check objtool type
  $ cd /users/szhong/kSTEP/linux/ttwu_race_buggy && file tools/objtool/objtool 2>/dev/null; ls -la
  tools/objtool/objtool 2>/dev/null
  └ 2 lines...

● List objtool dir
  $ cd /users/szhong/kSTEP/linux/ttwu_race_buggy && ls -la tools/objtool/
  └ 78 lines...

● Find objtool issue
  $ cd /users/szhong/kSTEP/linux/ttwu_race_buggy && grep -n "missing symbol table\|symtab"
  tools/objtool/elf.c | head -10
  └ 11 lines...

● Find section lookup
  $ cd /users/szhong/kSTEP/linux/ttwu_race_buggy && grep -n "find_section_by_name"
  tools/objtool/elf.c | head -10
  └ 8 lines...

● Read elf section parsing
  $ cd /users/szhong/kSTEP/linux/ttwu_race_buggy && sed -n '90,160p' tools/objtool/elf.c
  └ 71 lines...

● Read elf_read sections parsing
  $ cd /users/szhong/kSTEP/linux/ttwu_race_buggy && sed -n '200,310p' tools/objtool/elf.c
  └ 112 lines...

● Check entry Makefile
  $ cd /users/szhong/kSTEP/linux/ttwu_race_buggy && grep "thunk_64\|OBJECT_FILES_NON_STANDARD"
  arch/x86/entry/Makefile
  └ 1 line...

● Check assembler and object
  $ cd /users/szhong/kSTEP/linux/ttwu_race_buggy && as --version | head -1; readelf -S
  arch/x86/entry/thunk_64.o 2>/dev/null | head -20
  └ 2 lines...

● Build objtool
  $ cd /users/szhong/kSTEP/linux/ttwu_race_buggy && make -C tools/objtool 2>&1 | tail -20
  └ 21 lines...

● Build objtool without Werror
  $ cd /users/szhong/kSTEP/linux/ttwu_race_buggy && make HOSTCFLAGS="-Wno-error" -C tools/objtool
  2>&1 | tail -10
  └ 11 lines...

● Build objtool forcing no Werror
  $ cd /users/szhong/kSTEP/linux/ttwu_race_buggy && EXTRA_CFLAGS="-Wno-error" CFLAGS="-Wno-error"
  make -C tools/objtool CC="gcc -Wno-error" 2>&1 | tail -10
  └ 11 lines...

Good, objtool is now built. Let me retry the kernel build:

● Build buggy kernel
  $ cd /users/szhong/kSTEP && make linux LINUX_NAME=ttwu_race_buggy 2>&1 | tail -10
  └ 11 lines...

● Find build errors
  $ cd /users/szhong/kSTEP && make linux LINUX_NAME=ttwu_race_buggy 2>&1 | grep -i "error:" | head
  -10
  └ 1 line...

● Find all errors
  $ cd /users/szhong/kSTEP && make linux LINUX_NAME=ttwu_race_buggy 2>&1 | grep -i
  "error\|Error\|ERROR" | head -20
  └ 6 lines...

● Check objtool exists
  $ cd /users/szhong/kSTEP/linux/ttwu_race_buggy && ls -la tools/objtool/objtool
  └ 2 lines...

● Test objtool on thunk_64
  $ cd /users/szhong/kSTEP/linux/ttwu_race_buggy && rm -f arch/x86/entry/thunk_64.o &&
  tools/objtool/objtool check arch/x86/entry/thunk_64.S 2>&1; echo "---"; gcc -c -o
  /tmp/thunk_64_test.o arch/x86/entry/thunk_64.S 2>&1 | head -5; tools/objtool/objtool check
  /tmp/thunk_64_test.o 2>&1
  └ 8 lines...

● Skip objtool for thunk_64
  $ cd /users/szhong/kSTEP/linux/ttwu_race_buggy && echo 'OBJECT_FILES_NON_STANDARD_thunk_64.o := y'
   >> arch/x86/entry/Makefile
  └ 1 line...

● Build buggy kernel
  $ cd /users/szhong/kSTEP && make linux LINUX_NAME=ttwu_race_buggy 2>&1 | tail -20
  └ 21 lines...

Kernel built. Now build kstep module and run:

● Build kstep module
  $ cd /users/szhong/kSTEP && make kstep LINUX_NAME=ttwu_race_buggy 2>&1 | tail -20
  └ 21 lines...

Good, it built successfully. Let me run it:

● Run on buggy kernel
  $ cd /users/szhong/kSTEP && ./run.py ttwu_race --linux_name ttwu_race_buggy 2>&1 | tail -5
  └ 6 lines...

Kernel panic! Let me check the log:

● Check crash log
  $ cd /users/szhong/kSTEP && cat data/logs/latest.log | head -80
  └ 2 lines...

● Check latest log
  $ cd /users/szhong/kSTEP && cat data/latest.log | head -100
  └ 101 lines...

● Check for bug trace
  $ cd /users/szhong/kSTEP && cat data/latest.log | grep -A5
  "kstep\|TRACE\|BUG\|NULL\|panic\|ttwu\|is_same_group\|find_matching" | head -60
  └ 41 lines...

● Check QEMU CPU config
  $ cd /users/szhong/kSTEP && grep -n "cpu\|smp\|CPUS" run.py | head -20
  └ 10 lines...

● Check CPU parameter handling
  $ cd /users/szhong/kSTEP && grep -A5 "num_cpus" run.py | head -20
  └ 21 lines...

I see - default is 2 CPUs. I need to either use `--num_cpus 3` or redesign my driver for 2 CPUs. Let me redesign for 2 CPUs (CPU 0 reserved, CPU 1 for both tasks).

Actually, looking at the bug description strategy: "Need minimum 3 CPUs (CPU 0 reserved)". Let me use `--num_cpus 3`:

● Run with 3 CPUs
  $ cd /users/szhong/kSTEP && ./run.py ttwu_race --linux_name ttwu_race_buggy --num_cpus 3 2>&1 |
  tail -10
  └ 11 lines...

● Check for relevant output
  $ cd /users/szhong/kSTEP && cat data/latest.log | grep -E
  "kstep|TRACE|ttwu_race|sched_ttwu|is_same_group|find_matching|NULL|Oops|BUG|Call Trace|task_x" |
  head -30
  └ 11 lines...

● Check module loading
  $ cd /users/szhong/kSTEP && cat data/latest.log | grep -E "kstep|kmod|insmod|init" | head -20
  └ 21 lines...

● Check QEMU machine config
  $ cd /users/szhong/kSTEP && grep "acpi\|ACPI\|machine" run.py | head -10
  └ 3 lines...

● Check ACPI config
  $ cd /users/szhong/kSTEP && grep "CONFIG_ACPI" linux/config.kstep linux/config.kstep.x86_64
  └ 3 lines...

● Disable ACPI
  $ cd /users/szhong/kSTEP/linux/ttwu_race_buggy && scripts/config --disable ACPI --disable
  ACPI_PROCESSOR && make olddefconfig 2>&1 | tail -3
  └ 4 lines...

● Rebuild kernel without ACPI
  $ cd /users/szhong/kSTEP && make linux LINUX_NAME=ttwu_race_buggy 2>&1 | tail -5
  └ 6 lines...

● Build kstep module
  $ cd /users/szhong/kSTEP && make kstep LINUX_NAME=ttwu_race_buggy 2>&1 | tail -5
  └ 3 lines...

● Force rebuild kstep
  $ cd /users/szhong/kSTEP && make kstep LINUX_NAME=ttwu_race_buggy 2>&1
  └ 3 lines...

● Check kmod exists
  $ cd /users/szhong/kSTEP && ls -la build/ttwu_race_buggy/kmod/kmod.ko && ls -la
  build/ttwu_race_buggy/rootfs.cpio
  └ 3 lines...

● Force rebuild kstep
  $ cd /users/szhong/kSTEP && rm -f build/ttwu_race_buggy/kmod/kmod.ko && make kstep
  LINUX_NAME=ttwu_race_buggy 2>&1 | tail -10
  └ 11 lines...

● Run with 3 CPUs no ACPI
  $ cd /users/szhong/kSTEP && ./run.py ttwu_race --linux_name ttwu_race_buggy --num_cpus 3 2>&1 |
  tail -10
  └ 11 lines...

● Check output
  $ cd /users/szhong/kSTEP && cat data/latest.log | grep -E
  "kstep|TRACE|ttwu|task|cpu|affinity|BUG|Oops|fail|pass" | head -30
  └ 19 lines...

● Re-enable ACPI
  $ cd /users/szhong/kSTEP/linux/ttwu_race_buggy && scripts/config --enable ACPI --enable
  ACPI_PROCESSOR && make olddefconfig 2>&1 | tail -3
  └ 4 lines...

● Check log location
  $ cd /users/szhong/kSTEP && cat data/latest.log 2>/dev/null | head -1; ls -la data/logs/
  2>/dev/null | head -5
  └ 7 lines...

● Rebuild with ACPI
  $ cd /users/szhong/kSTEP && make linux LINUX_NAME=ttwu_race_buggy 2>&1 | tail -5
  └ 6 lines...

● Rebuild kstep
  $ cd /users/szhong/kSTEP && rm -f build/ttwu_race_buggy/kmod/kmod.ko && make kstep
  LINUX_NAME=ttwu_race_buggy 2>&1 | tail -5
  └ 6 lines...

● Run with ACPI and 3 CPUs
  $ cd /users/szhong/kSTEP && ./run.py ttwu_race --linux_name ttwu_race_buggy --num_cpus 3 2>&1 |
  tail -5
  └ 6 lines...

● Check get_map crash
  $ cd /users/szhong/kSTEP && cat data/latest.log | grep -A30 "get_map"
  └ 47 lines...

● Try SLAB allocator
  $ cd /users/szhong/kSTEP/linux/ttwu_race_buggy && scripts/config --disable SLUB --enable SLAB &&
  make olddefconfig 2>&1 | tail -3
  └ 4 lines...

● Build with SLAB
  $ cd /users/szhong/kSTEP && make linux LINUX_NAME=ttwu_race_buggy 2>&1 | tail -5
  └ 6 lines...

● Rebuild kstep
  $ cd /users/szhong/kSTEP && rm -f build/ttwu_race_buggy/kmod/kmod.ko && make kstep
  LINUX_NAME=ttwu_race_buggy 2>&1 | tail -5
  └ 6 lines...

● Run with SLAB allocator
  $ cd /users/szhong/kSTEP && ./run.py ttwu_race --linux_name ttwu_race_buggy --num_cpus 3 2>&1 |
  tail -10
  └ 11 lines...

● Check crash type
  $ cd /users/szhong/kSTEP && cat data/latest.log | grep -E
  "kstep|TRACE|ttwu|task_x|BUG|NULL|Oops|is_same|sched_ttwu|fatal|Fatal" | head -20
  └ 20 lines...

The bug is triggered! I can see:
1. `BUG: kernel NULL pointer dereference, address: 0000000000000078`
2. `ttwu_do_wakeup → sched_ttwu_pending → trigger_ttwu_pending [kmod]`

This is exactly the NULL deref in `is_same_group()` when iterating mismatched `se->cfs_rq` pointers. Now let me verify it's fixed on the fixed kernel.

