● Read bugs/ce3614da_fix_rseq_cpu_id_tasks.md
  └ 41 lines read

● Read kmod/driver.h
  └ 110 lines read

● Read the commit patch
  $ cd /users/szhong/kSTEP && git -C linux/current show -U32 ce3614daabea 2>/dev/null | head -300
  └ 191 lines...

● Read task.c for kstep APIs
  $ cd /users/szhong/kSTEP && cat kmod/task.c
  └ 113 lines...

● List existing drivers
  $ cd /users/szhong/kSTEP && ls kmod/drivers/ | head -20
  └ 21 lines...

● Check rseq_migrate in fixed code
  $ cd /users/szhong/kSTEP && git -C linux/current show ce3614daabea -- kernel/sched/core.c | grep
  -A5 -B5 "rseq_migrate" 2>/dev/null
  └ 37 lines...

● Read existing driver for patterns
  $ cd /users/szhong/kSTEP && cat kmod/drivers/affine_move_self.c
  └ 155 lines...

● Check rseq fields in task_struct
  $ cd /users/szhong/kSTEP && grep -n "rseq_event_mask\|RSEQ_EVENT"
  linux/current/include/linux/sched.h 2>/dev/null | head -10
  └ 3 lines...

● Find rseq_migrate definition
  $ cd /users/szhong/kSTEP && grep -rn "rseq_migrate" linux/current/include/
  linux/current/kernel/sched/ 2>/dev/null | head -30
  └ 7 lines...

● Read rseq.h for rseq_migrate
  $ cd /users/szhong/kSTEP && cat linux/current/include/linux/rseq.h
  └ 132 lines...

● Check TIF_NOTIFY_RESUME
  $ cd /users/szhong/kSTEP && grep -n "TIF_NOTIFY_RESUME\|set_notify_resume\|rseq_event_mask"
  linux/current/include/linux/sched.h linux/current/include/linux/rseq.h
  linux/current/arch/x86/include/asm/thread_info.h 2>/dev/null | head -30
  └ 18 lines...

● Read user-space task code
  $ cd /users/szhong/kSTEP && cat user/task.c
  └ 67 lines...

● Check rseq usage in kSTEP
  $ cd /users/szhong/kSTEP && grep -rn "rseq\|RSEQ" user/ kmod/ --include="*.c" --include="*.h"
  2>/dev/null | grep -v "linux/" | head -20
  └ 1 line...

● Get kernel version from Makefile
  $ cd /users/szhong/kSTEP && git -C linux/current show ce3614daabea~1:Makefile 2>/dev/null | head
  -10
  └ 11 lines...

● Check parent commit
  $ cd /users/szhong/kSTEP && git -C linux/current log --oneline ce3614daabea~1 -1 2>/dev/null
  └ 2 lines...

● Find RSEQ_EVENT_MIGRATE value
  $ cd /users/szhong/kSTEP && grep -n "RSEQ_CS_FLAG_NO_RESTART_ON_MIGRATE_BIT\|RSEQ_EVENT_MIGRATE"
  linux/current/include/linux/rseq.h linux/current/include/uapi/linux/rseq.h 2>/dev/null
  └ 3 lines...

● Read run.py for QEMU config
  $ cd /users/szhong/kSTEP && cat run.py | head -80
  └ 81 lines...

● Check QEMU CPU config
  $ cd /users/szhong/kSTEP && grep -n "cpu\|CPU\|SMP" scripts/qemu*.sh scripts/run*.sh Makefile
  2>/dev/null | grep -i "smp\|cpus\|cpu" | head -10
  └ 1 line...

● Read more of run.py
  $ cd /users/szhong/kSTEP && cat run.py | grep -A 40 "isol_cpus"
  └ 50 lines...

Now I have a good understanding. The bug is that `rseq_migrate()` is not called in `sched_fork()` and `wake_up_new_task()`. Let me write the driver to detect this via `rseq_event_mask`.

● Check driver build system
  $ cd /users/szhong/kSTEP && ls kmod/drivers/*.c | wc -l && head -5 kmod/drivers/Makefile
  2>/dev/null || head -5 kmod/Makefile 2>/dev/null
  └ 2 lines...

● Verify rseq in sched/core.c
  $ cd /users/szhong/kSTEP && grep -rn "rseq_event_mask\|RSEQ_EVENT_MIGRATE"
  linux/current/kernel/sched/core.c | head -20
  └ 1 line...

● Check kmod Makefile
  $ cd /users/szhong/kSTEP && head -30 kmod/Makefile
  └ 2 lines...

● Check rseq references in core.c
  $ cd /users/szhong/kSTEP && grep -n "rseq" linux/current/kernel/sched/core.c | head -20
  └ 6 lines...

● Read main Makefile
  $ cd /users/szhong/kSTEP && cat Makefile | head -50
  └ 51 lines...

● Read simple driver example
  $ cd /users/szhong/kSTEP && cat kmod/drivers/default.c
  └ 58 lines...

● Read internal.h
  $ cd /users/szhong/kSTEP && cat kmod/internal.h
  └ 90 lines...

● Find drivers using fork
  $ cd /users/szhong/kSTEP && grep -l "kstep_task_fork\|rseq_event_mask\|for_each_process"
  kmod/drivers/*.c
  └ 2 lines...

● Read driver using fork
  $ cd /users/szhong/kSTEP && cat kmod/drivers/long_balance.c | head -60
  └ 59 lines...

● Check rseq in build configs
  $ cd /users/szhong/kSTEP && grep -rn "CONFIG_RSEQ\|rseq" scripts/ --include="*.py"
  --include="*.sh" --include="*.config" 2>/dev/null | head -10
  └ 1 line...

● Check if CONFIG_RSEQ is enabled
  $ cd /users/szhong/kSTEP && grep "CONFIG_RSEQ" linux/current/.config 2>/dev/null || grep
  "CONFIG_RSEQ" scripts/*.config scripts/*.py 2>/dev/null | head -5
  └ 4 lines...

● List config scripts
  $ cd /users/szhong/kSTEP && ls scripts/*.py scripts/*.config 2>/dev/null
  └ 6 lines...

● Check gen_config for RSEQ
  $ cd /users/szhong/kSTEP && grep -n "RSEQ\|rseq" scripts/gen_config.py 2>/dev/null | head -5
  └ 1 line...

● Check checkout script for RSEQ
  $ cd /users/szhong/kSTEP && grep -rn "RSEQ\|rseq" checkout_linux.py | head -5
  └ 1 line...

Good. CONFIG_RSEQ=y is in the kernel config. Now let me create the driver:

● Create kmod/drivers/rseq_cpu_id_fork.c (+94)

Now let me checkout the buggy kernel and build:

● Checkout buggy kernel
  $ cd /users/szhong/kSTEP && ./checkout_linux.py ce3614daabea~1 rseq_cpu_id_fork_buggy 2>&1 | tail
  -5
  └ 1 line...

● Read shell output: Waiting up to 30 seconds for command output
  └ 1 line...

● Read shell output: Waiting up to 30 seconds for command output
  └ 1 line...

● Read shell output: Waiting up to 30 seconds for command output
  └ 1 line...

● Read shell output: Waiting up to 60 seconds for command output
  └ 1 line...

● Read shell output: Waiting up to 60 seconds for command output
  └ 1 line...

● Read shell output: Waiting up to 60 seconds for command output
  └ 1 line...

● Read shell output: Waiting up to 120 seconds for command output
  └ 1 line...

● Check linux directory
  $ ls /users/szhong/kSTEP/linux/ 2>/dev/null
  └ 61 lines...

● Read shell output: Waiting up to 5 seconds for command output
  └ 6 lines...

● Build buggy kernel
  $ cd /users/szhong/kSTEP && make linux LINUX_NAME=rseq_cpu_id_fork_buggy 2>&1 | tail -5
  └ 6 lines...

● Check build errors
  $ cd /users/szhong/kSTEP && make linux LINUX_NAME=rseq_cpu_id_fork_buggy 2>&1 | grep -i "error" |
  tail -20
  └ 6 lines...

● Check thunk_64 error details
  $ cd /users/szhong/kSTEP && make linux LINUX_NAME=rseq_cpu_id_fork_buggy 2>&1 | grep -B3
  "thunk_64" | head -20
  └ 8 lines...

● Check for objtool patch
  $ cd /users/szhong/kSTEP && ls linux/objtool_symtab.patch 2>/dev/null && cat
  linux/objtool_symtab.patch | head -30
  └ 15 lines...

● Apply objtool patch
  $ cd /users/szhong/kSTEP && cd linux/rseq_cpu_id_fork_buggy && git apply ../objtool_symtab.patch
  2>&1
  └ 1 line...

● Rebuild buggy kernel
  $ cd /users/szhong/kSTEP && make linux LINUX_NAME=rseq_cpu_id_fork_buggy 2>&1 | tail -5
  └ 6 lines...

Now build kSTEP:

● Build kSTEP for buggy kernel
  $ cd /users/szhong/kSTEP && make kstep LINUX_NAME=rseq_cpu_id_fork_buggy 2>&1 | tail -20
  └ 21 lines...

● Check ttwu_race version guard
  $ cd /users/szhong/kSTEP && grep "LINUX_VERSION_CODE\|KERNEL_VERSION" kmod/drivers/ttwu_race.c |
  head -5
  └ 2 lines...

● Check wake_entry usage
  $ cd /users/szhong/kSTEP && grep -n "wake_entry" kmod/drivers/ttwu_race.c
  └ 3 lines...

● Check wake_entry type in 5.8
  $ cd /users/szhong/kSTEP && grep -n "wake_entry"
  linux/rseq_cpu_id_fork_buggy/include/linux/sched.h | head -5
  └ 2 lines...

● Check __call_single_node struct
  $ cd /users/szhong/kSTEP && grep -n "struct __call_single_node"
  linux/rseq_cpu_id_fork_buggy/include/linux/smp_types.h 2>/dev/null | head -5
  └ 3 lines...

● Check struct definition
  $ cd /users/szhong/kSTEP && grep -A10 "struct __call_single_node {"
  linux/rseq_cpu_id_fork_buggy/include/linux/smp_types.h
  └ 10 lines...

● Fix ttwu_race build error
  $ cd /users/szhong/kSTEP && sed -i 's/p->wake_entry.next/p->wake_entry.llist.next/'
  kmod/drivers/ttwu_race.c
  └ 1 line...

● Rebuild kSTEP
  $ cd /users/szhong/kSTEP && make kstep LINUX_NAME=rseq_cpu_id_fork_buggy 2>&1 | tail -10
  └ 11 lines...

Build succeeded. Now let's run the driver on the buggy kernel:

● Run driver on buggy kernel
  $ cd /users/szhong/kSTEP && ./run.py rseq_cpu_id_fork --linux_name rseq_cpu_id_fork_buggy 2>&1 |
  tail -5
  └ 6 lines...

● Check driver logs
  $ cd /users/szhong/kSTEP && cat data/logs/latest.log | grep -E
  "kstep|TRACE|fail|pass|panic|error|rseq|BUG|WARN" | head -40
  └ 2 lines...

● Check latest log
  $ cd /users/szhong/kSTEP && cat data/latest.log | grep -E
  "kstep|TRACE|fail|pass|panic|error|rseq|BUG|WARN" | head -40
  └ 11 lines...

● Full log tail
  $ cd /users/szhong/kSTEP && cat data/latest.log | tail -60
  └ 61 lines...

● Check sched_fork_buggy version
  $ cd /users/szhong/kSTEP && git -C linux/sched_fork_buggy log --oneline -1 2>/dev/null && head -5
  linux/sched_fork_buggy/Makefile 2>/dev/null
  └ 7 lines...

● Check ACPI config
  $ cd /users/szhong/kSTEP && grep "ACPI" linux/rseq_cpu_id_fork_buggy/.config | head -10
  └ 11 lines...

● Check SLUB config
  $ cd /users/szhong/kSTEP && grep "SLUB_DEBUG\|SLAB\|SLUB" linux/rseq_cpu_id_fork_buggy/.config |
  head -5
  └ 6 lines...

● Check how driver params are set
  $ cd /users/szhong/kSTEP && grep -A30 "def main\|args\.\|argparse\|Driver(" run.py | head -60
  └ 61 lines...

● Check main function in run.py
  $ cd /users/szhong/kSTEP && grep -A30 "if __name__\|def main" run.py | head -40
  └ 35 lines...

● Run with acpi=off
  $ cd /users/szhong/kSTEP && ./run.py rseq_cpu_id_fork --linux_name rseq_cpu_id_fork_buggy
  --kernel_params "acpi=off" 2>&1 | tail -5
  └ 6 lines...

● Check log output
  $ cd /users/szhong/kSTEP && cat data/latest.log | grep -E "kstep|TRACE|fail|pass|rseq|panic|BUG" |
   head -30
  └ 7 lines...

● Check specific driver output
  $ cd /users/szhong/kSTEP && cat data/latest.log | grep -E
  "TRACE|fail|pass|parent|child|rseq|panic|Oops" | head -30
  └ 7 lines...

● Check log tail
  $ cd /users/szhong/kSTEP && cat data/latest.log | tail -30
  └ 31 lines...

● Check set_proc_affinity
  $ cd /users/szhong/kSTEP && grep -n "set_proc_affinity" user/utils.h user/task.c
  └ 4 lines...

● Read utils.h
  $ cd /users/szhong/kSTEP && cat user/utils.h
  └ 21 lines...

● Run with 4 CPUs
  $ cd /users/szhong/kSTEP && ./run.py rseq_cpu_id_fork --linux_name rseq_cpu_id_fork_buggy
  --kernel_params "acpi=off" --num_cpus 4 2>&1 | tail -10
  └ 11 lines...

● Check init implementation
  $ cd /users/szhong/kSTEP && cat user/init.c 2>/dev/null || cat user/init.sh 2>/dev/null || ls
  user/
  └ 72 lines...

● Check CPU status in boot log
  $ cd /users/szhong/kSTEP && cat data/latest.log | grep -i
  "smp\|cpu\|processor\|online\|offline\|isolcpus" | head -20
  └ 21 lines...

● Find recent logs
  $ cd /users/szhong/kSTEP && ls -lt data/logs/*.log 2>/dev/null | head -5
  └ 6 lines...

● Check our log for CPU info
  $ cd /users/szhong/kSTEP && cat data/logs/log-20260310_134411.log | grep -i
  "smp\|cpu.*online\|nr_cpu\|Allowing\|Failed\|affinity" | head -15
  └ 16 lines...

● Find our specific logs
  $ cd /users/szhong/kSTEP && grep -l "rseq_cpu_id_fork" data/logs/*.log 2>/dev/null
  └ 4 lines...

● Check CPU info in our log
  $ cd /users/szhong/kSTEP && cat data/logs/log-20260310_134351.log | grep -E
  "smp|Allowing|nr_cpu|Bringing|Brought|CPU|affinity|online|Failed" | head -20
  └ 18 lines...

● Check first log CPU info
  $ cd /users/szhong/kSTEP && cat data/logs/log-20260310_134236.log | grep -E
  "smp|Allowing|nr_cpu|Bringing|Brought|CPU|affinity|online|Failed|BUG|panic" | head -20
  └ 18 lines...

● Check first run (with ACPI) log
  $ cd /users/szhong/kSTEP && cat data/logs/log-20260310_134124.log | grep -E
  "smp|Allowing|nr_cpu|Bringing|Brought|CPU|affinity|online|Failed|BUG|panic|Oops" | head -20
  └ 21 lines...

● Run with SLUB debug off
  $ cd /users/szhong/kSTEP && ./run.py rseq_cpu_id_fork --linux_name rseq_cpu_id_fork_buggy
  --kernel_params "slub_debug=-" 2>&1 | tail -10
  └ 11 lines...

● Run with acpi=noirq
  $ cd /users/szhong/kSTEP && ./run.py rseq_cpu_id_fork --linux_name rseq_cpu_id_fork_buggy
  --kernel_params "acpi=noirq" 2>&1 | tail -10
  └ 11 lines...

● Check current and rebuild
  $ cd /users/szhong/kSTEP && readlink linux/current && make kstep LINUX_NAME=rseq_cpu_id_fork_buggy
   2>&1 | tail -5
  └ 7 lines...

● Check all errors
  $ cd /users/szhong/kSTEP && make kstep LINUX_NAME=rseq_cpu_id_fork_buggy 2>&1 | grep "error:" |
  head -5
  └ 4 lines...

● Check ptrace_freeze version guard
  $ cd /users/szhong/kSTEP && grep "LINUX_VERSION\|KERNEL_VERSION" kmod/drivers/ptrace_freeze.c |
  head -3
  └ 2 lines...

● Check ptrace_freeze includes
  $ cd /users/szhong/kSTEP && grep -n "cpu_rq\|internal.h" kmod/drivers/ptrace_freeze.c | head -5
  └ 2 lines...

● Check ptrace_freeze header
  $ cd /users/szhong/kSTEP && head -5 kmod/drivers/ptrace_freeze.c
  └ 6 lines...

● Check ptrace_freeze includes
  $ cd /users/szhong/kSTEP && grep -n "#include" kmod/drivers/ptrace_freeze.c | head -5
  └ 4 lines...

● Edit kmod/drivers/ptrace_freeze.c (+1)

● Rebuild kSTEP
  $ cd /users/szhong/kSTEP && make kstep LINUX_NAME=rseq_cpu_id_fork_buggy 2>&1 | tail -10
  └ 11 lines...

Now let me try with `acpi=noirq`:

● Run with acpi=noirq
  $ cd /users/szhong/kSTEP && ./run.py rseq_cpu_id_fork --linux_name rseq_cpu_id_fork_buggy
  --kernel_params "acpi=noirq" 2>&1 | tail -10
  └ 11 lines...

● Check SMP with acpi=noirq
  $ cd /users/szhong/kSTEP && ls -lt data/logs/*.log | head -1 | awk '{print $NF}' | xargs grep -E
  "Allowing|Brought|nr_cpu_ids|SMP"
  └ 9 lines...

● Read checkout script
  $ cd /users/szhong/kSTEP && cat checkout_linux.py
  └ 123 lines...

● Check Makefile linux target
  $ cd /users/szhong/kSTEP && head -20 Makefile | grep -A5 "linux"
  └ 13 lines...

● Check linux build target
  $ cd /users/szhong/kSTEP && grep -A20 "^linux:" Makefile
  └ 22 lines...

● Read kstep config
  $ cd /users/szhong/kSTEP && cat linux/config.kstep | head -50
  └ 51 lines...

● Check SLUB and ACPI in config
  $ cd /users/szhong/kSTEP && grep "SLUB\|SLAB\|ACPI" linux/config.kstep
  └ 2 lines...

● Disable SLUB_DEBUG and update config
  $ cd /users/szhong/kSTEP/linux/rseq_cpu_id_fork_buggy && sed -i 's/CONFIG_SLUB_DEBUG=y/#
  CONFIG_SLUB_DEBUG is not set/' .config && make olddefconfig 2>&1 | tail -3
  └ 4 lines...

● Rebuild kernel without SLUB_DEBUG
  $ cd /users/szhong/kSTEP && make linux LINUX_NAME=rseq_cpu_id_fork_buggy 2>&1 | tail -5
  └ 6 lines...

● Build kSTEP
  $ cd /users/szhong/kSTEP && make kstep LINUX_NAME=rseq_cpu_id_fork_buggy 2>&1 | tail -5
  └ 3 lines...

● Run on buggy kernel
  $ cd /users/szhong/kSTEP && ./run.py rseq_cpu_id_fork --linux_name rseq_cpu_id_fork_buggy 2>&1 |
  tail -15
  └ 16 lines...

● Check JSON output
  $ cd /users/szhong/kSTEP && cat data/latest.jsonl
  └ 2 lines...

The bug triggered on the buggy kernel — `rseq_event_mask` is `0x2` (SIGNAL only, no MIGRATE bit). Now let me verify it's fixed on the fixed kernel:

● Checkout fixed kernel
  $ cd /users/szhong/kSTEP && ./checkout_linux.py ce3614daabea rseq_cpu_id_fork_fixed 2>&1 | tail -3
  └ 1 line...

● Read shell output: Waiting up to 120 seconds for command output
  └ 4 lines...

● Read shell output: Waiting up to 5 seconds for command output
  └ 1 line...

● Apply patches to fixed kernel
  $ cd /users/szhong/kSTEP && cd linux/rseq_cpu_id_fork_fixed && git apply ../objtool_symtab.patch
  2>&1 && sed -i 's/CONFIG_SLUB_DEBUG=y/# CONFIG_SLUB_DEBUG is not set/' .config 2>/dev/null; echo
  "done"
  └ 2 lines...

● Build fixed kernel
  $ cd /users/szhong/kSTEP && make linux LINUX_NAME=rseq_cpu_id_fork_fixed 2>&1 | tail -5
  └ 6 lines...

● Build kSTEP for fixed kernel
  $ cd /users/szhong/kSTEP && make kstep LINUX_NAME=rseq_cpu_id_fork_fixed 2>&1 | tail -5
  └ 6 lines...

● Run on fixed kernel
  $ cd /users/szhong/kSTEP && ./run.py rseq_cpu_id_fork --linux_name rseq_cpu_id_fork_fixed 2>&1 |
  tail -15
  └ 16 lines...

● Disable SLUB_DEBUG in fixed kernel
  $ cd /users/szhong/kSTEP/linux/rseq_cpu_id_fork_fixed && sed -i 's/CONFIG_SLUB_DEBUG=y/#
  CONFIG_SLUB_DEBUG is not set/' .config && make olddefconfig 2>&1 | tail -3
  └ 4 lines...

