● Read bugs/d707faa6_affine_move_task_completion.md
  └ 38 lines read

● Read kmod/driver.h
  └ 110 lines read

● Read the patch
  $ cd /users/szhong/kSTEP && git -C linux/current show -U32 d707faa64d03 2>/dev/null | head -300
  └ 132 lines...

● List existing drivers
  $ cd /users/szhong/kSTEP && ls kmod/drivers/ | head -20
  └ 21 lines...

● Check kernel version
  $ cd /users/szhong/kSTEP && git -C linux/current log --oneline d707faa64d03 -1 | cat
  └ 2 lines...

● Get kernel version for buggy
  $ cd /users/szhong/kSTEP && git -C linux/current describe --tags d707faa64d03~1 2>/dev/null || git
   -C linux/current log --oneline d707faa64d03~1 -1
  └ 2 lines...

● Read related driver for reference
  $ cd /users/szhong/kSTEP && cat kmod/drivers/affine_move_self.c
  └ 155 lines...

● Read related driver
  $ cd /users/szhong/kSTEP && cat kmod/drivers/do_set_cpus_fix.c
  └ 114 lines...

● Read internal.h
  $ cd /users/szhong/kSTEP && cat kmod/internal.h
  └ 90 lines...

● Read full patch context
  $ cd /users/szhong/kSTEP && git -C linux/current show -U32 d707faa64d03 -- kernel/sched/core.c |
  head -600
  └ 132 lines...

● Find relevant structures
  $ cd /users/szhong/kSTEP && git -C linux/current show d707faa64d03~1:kernel/sched/core.c | grep -n
   "affine_move_task\|set_affinity_pending\|migration_arg\|migration_cpu_stop" | head -30
  └ 24 lines...

● Read migration_cpu_stop
  $ cd /users/szhong/kSTEP && git -C linux/current show d707faa64d03~1:kernel/sched/core.c | sed -n
  '1830,1980p'
  └ 151 lines...

● Read affine_move_task
  $ cd /users/szhong/kSTEP && git -C linux/current show d707faa64d03~1:kernel/sched/core.c | sed -n
  '2149,2260p'
  └ 112 lines...

● Find rq struct
  $ cd /users/szhong/kSTEP && git -C linux/current show d707faa64d03~1:kernel/sched/sched.h | grep
  -n "struct rq {" | head -5
  └ 2 lines...

● Read rest of affine_move_task
  $ cd /users/szhong/kSTEP && git -C linux/current show d707faa64d03~1:kernel/sched/core.c | sed -n
  '2260,2290p'
  └ 31 lines...

● Find migration_arg struct
  $ cd /users/szhong/kSTEP && git -C linux/current show d707faa64d03~1:kernel/sched/core.c | grep -n
   "struct migration_arg" | head -5
  └ 6 lines...

● Get kernel version from Makefile
  $ cd /users/szhong/kSTEP && git -C linux/current show d707faa64d03~1:Makefile | head -5
  └ 6 lines...

● Read migration_arg struct
  $ cd /users/szhong/kSTEP && git -C linux/current show d707faa64d03~1:kernel/sched/core.c | sed -n
  '1826,1840p'
  └ 16 lines...

Now let me check how QEMU CPUs are configured and look at the checkout process:

● Check QEMU CPU config
  $ cd /users/szhong/kSTEP && grep -n "cpu\|CPU\|smp" run.py | head -20
  └ 10 lines...

● Check reproduce.py format
  $ cd /users/szhong/kSTEP && cat reproduce.py | head -50
  └ 51 lines...

● Check reproduce.py end format
  $ cd /users/szhong/kSTEP && cat reproduce.py | tail -80
  └ 81 lines...

Now I have a good understanding of the bug. Let me create the driver:

● Create kmod/drivers/affine_move_completion.c (+159)

Now let me checkout the buggy kernel and build:

● Checkout buggy kernel
  $ cd /users/szhong/kSTEP && ./checkout_linux.py d707faa64d03~1 affine_move_completion_buggy 2>&1 |
   tail -5
  └ 1 line...

● Read shell output: Waiting up to 30 seconds for command output
  └ 1 line...

● Read shell output: Waiting up to 60 seconds for command output
  └ 1 line...

● Read shell output: Waiting up to 60 seconds for command output
  └ 1 line...

● Read shell output: Waiting up to 120 seconds for command output
  └ 6 lines...



Good, checkout complete. Now build:

● Build buggy kernel
  $ cd /users/szhong/kSTEP && make linux LINUX_NAME=affine_move_completion_buggy 2>&1 | tail -20
  └ 21 lines...

● Check build errors
  $ cd /users/szhong/kSTEP && make linux LINUX_NAME=affine_move_completion_buggy 2>&1 | grep -i
  "error:" | head -20
  └ 1 line...

● Check build errors
  $ cd /users/szhong/kSTEP && make linux LINUX_NAME=affine_move_completion_buggy 2>&1 | grep -iE
  "error|warning|fail" | head -20
  └ 7 lines...

● Check project Makefile
  $ cd /users/szhong/kSTEP && cat Makefile | head -100
  └ 100 lines...

● Check toolchain versions
  $ cd /users/szhong/kSTEP && objdump --version | head -1 && objtool --version 2>&1 | head -1;
  readelf --version | head -1
  └ 4 lines...

● Check kernel config
  $ cd /users/szhong/kSTEP && cat linux/config.kstep
  └ 109 lines...

● Check arch-specific config
  $ cd /users/szhong/kSTEP && cat linux/config.kstep.x86_64
  └ 6 lines...

● Check objtool config
  $ cd /users/szhong/kSTEP && grep -i "objtool\|stack_valid\|UNWINDER"
  linux/affine_move_completion_buggy/.config | head -10
  └ 6 lines...

● Disable objtool
  $ cd /users/szhong/kSTEP/linux/affine_move_completion_buggy && ./scripts/config --disable
  STACK_VALIDATION --set-str UNWINDER_ORC n --enable UNWINDER_FRAME_POINTER && make olddefconfig
  2>&1 | tail -5
  └ 6 lines...

● Build buggy kernel again
  $ cd /users/szhong/kSTEP && make linux LINUX_NAME=affine_move_completion_buggy 2>&1 | tail -20
  └ 21 lines...

● Find build errors
  $ cd /users/szhong/kSTEP && make linux LINUX_NAME=affine_move_completion_buggy 2>&1 | grep -iE
  "error" | head -20
  └ 6 lines...

● Get detailed thunk_64 error
  $ cd /users/szhong/kSTEP && make linux LINUX_NAME=affine_move_completion_buggy 2>&1 | grep -B5
  "thunk_64" | head -20
  └ 10 lines...

● Check current config
  $ cd /users/szhong/kSTEP && grep -i "STACK_VALID\|UNWINDER\|OBJTOOL"
  linux/affine_move_completion_buggy/.config
  └ 6 lines...

● Force disable stack validation
  $ cd /users/szhong/kSTEP/linux/affine_move_completion_buggy && sed -i
  's/CONFIG_STACK_VALIDATION=y/# CONFIG_STACK_VALIDATION is not set/' .config && make olddefconfig
  2>&1 | tail -5
  └ 6 lines...

● Verify config
  $ grep "STACK_VALIDATION" /users/szhong/kSTEP/linux/affine_move_completion_buggy/.config
  └ 3 lines...

● Find STACK_VALIDATION Kconfig
  $ cd /users/szhong/kSTEP/linux/affine_move_completion_buggy && grep -A10 "config STACK_VALIDATION"
   arch/x86/Kconfig.debug 2>/dev/null || grep -rn "STACK_VALIDATION" Kconfig* arch/x86/Kconfig* |
  head -10
  └ 7 lines...

● Check RETPOLINE
  $ grep "RETPOLINE" /users/szhong/kSTEP/linux/affine_move_completion_buggy/.config
  └ 2 lines...

● Check STATIC_CALL
  $ grep "STATIC_CALL" /users/szhong/kSTEP/linux/affine_move_completion_buggy/.config
  └ 4 lines...

● Check thunk_64.S
  $ cd /users/szhong/kSTEP/linux/affine_move_completion_buggy && cat arch/x86/entry/thunk_64.S |
  head -40
  └ 41 lines...

● Full thunk_64.S
  $ cd /users/szhong/kSTEP/linux/affine_move_completion_buggy && cat arch/x86/entry/thunk_64.S
  └ 62 lines...

● List existing kernel builds
  $ cd /users/szhong/kSTEP && ls linux/ | grep -v current | head -20
  └ 21 lines...

● Check existing affine_move build
  $ cd /users/szhong/kSTEP && git -C linux/affine_move_buggy log --oneline -1 2>/dev/null; ls
  build/affine_move_buggy/ 2>/dev/null | head -5
  └ 7 lines...

● Compare commits
  $ cd /users/szhong/kSTEP && git -C linux/current log --oneline d707faa64d03~1 -1 && git -C
  linux/affine_move_buggy log --oneline -1
  └ 2 lines...

● Check current symlink
  $ cd /users/szhong/kSTEP && readlink linux/current && git -C linux/affine_move_buggy log --oneline
   -3
  └ 5 lines...

● Check commit relationship
  $ cd /users/szhong/kSTEP && git -C linux/affine_move_buggy log --oneline
  3f1bc119cd7f..d707faa64d03 2>/dev/null | head -5; git -C linux/affine_move_buggy log --oneline
  d707faa64d03..3f1bc119cd7f 2>/dev/null | head -5
  └ 6 lines...

● Check preemption config
  $ grep "PREEMPTION\|PREEMPT_NONE\|PREEMPT_VOLUNTARY\|PREEMPT="
  /users/szhong/kSTEP/linux/affine_move_completion_buggy/.config | head -10
  └ 3 lines...

● Find objtool error source
  $ cd /users/szhong/kSTEP/linux/affine_move_completion_buggy && grep -rn "missing symbol table"
  tools/objtool/ 2>/dev/null | head -5
  └ 2 lines...

● Read objtool elf.c around error
  $ cd /users/szhong/kSTEP/linux/affine_move_completion_buggy && sed -n '340,370p'
  tools/objtool/elf.c
  └ 31 lines...

● Test assembly output
  $ cd /users/szhong/kSTEP/linux/affine_move_completion_buggy && as arch/x86/entry/thunk_64.S -o
  /tmp/thunk_test.o 2>&1; readelf -S /tmp/thunk_test.o 2>/dev/null | head -20
  └ 19 lines...

● Check entry Makefile
  $ cd /users/szhong/kSTEP/linux/affine_move_completion_buggy && grep -n
  "thunk_64\|OBJECT_FILES_NON_STANDARD\|objtool" arch/x86/entry/Makefile | head -10
  └ 1 line...

● Read entry Makefile
  $ cd /users/szhong/kSTEP/linux/affine_move_completion_buggy && cat arch/x86/entry/Makefile
  └ 32 lines...

● Skip objtool for thunk_64
  $ cd /users/szhong/kSTEP/linux/affine_move_completion_buggy && echo
  "OBJECT_FILES_NON_STANDARD_thunk_64.o := y" >> arch/x86/entry/Makefile
  └ 1 line...

● Build buggy kernel attempt 2
  $ cd /users/szhong/kSTEP && make linux LINUX_NAME=affine_move_completion_buggy 2>&1 | tail -20
  └ 21 lines...

Kernel built. Now build kstep:

● Build kstep module
  $ cd /users/szhong/kSTEP && make kstep LINUX_NAME=affine_move_completion_buggy 2>&1 | tail -30
  └ 31 lines...

● Check my driver build
  $ cd /users/szhong/kSTEP && make kstep LINUX_NAME=affine_move_completion_buggy 2>&1 | grep -E
  "affine_move_completion|error" | head -10
  └ 11 lines...

● Check ptrace_freeze version guard
  $ cd /users/szhong/kSTEP && grep "LINUX_VERSION_CODE\|KERNEL_VERSION" kmod/drivers/ptrace_freeze.c
   | head -5
  └ 2 lines...

● Check ptrace_freeze on_tick usage
  $ cd /users/szhong/kSTEP && grep -n "on_tick" kmod/drivers/ptrace_freeze.c
  └ 4 lines...

● Check ptrace_freeze structure
  $ cd /users/szhong/kSTEP && sed -n '65,80p' kmod/drivers/ptrace_freeze.c
  └ 14 lines...

● Edit kmod/drivers/ptrace_freeze.c (+1)

● Build kstep again
  $ cd /users/szhong/kSTEP && make kstep LINUX_NAME=affine_move_completion_buggy 2>&1 | tail -10
  └ 11 lines...

Build successful. Now run the driver:

● Run on buggy kernel
  $ cd /users/szhong/kSTEP && ./run.py affine_move_completion --linux_name
  affine_move_completion_buggy --num_cpus 3 2>&1 | tail -20
  └ 1 line...

● Read shell output: Waiting up to 60 seconds for command output
  └ 1 line...

● Read shell output: Waiting up to 60 seconds for command output
  └ 1 line...

● Read shell output: Waiting up to 120 seconds for command output
  └ 1 line...

● Stop shell
  └ 1 line...

● Check logs
  $ cd /users/szhong/kSTEP && cat data/logs/latest.log 2>/dev/null | head -50
  └ 1 line...

● Check log files
  $ cd /users/szhong/kSTEP && ls -la data/logs/ 2>/dev/null | head -10
  └ 11 lines...

● Check for affine logs
  $ cd /users/szhong/kSTEP && ls -la data/logs/ | grep affine
  └ 1 line...

● Read run.py
  $ cd /users/szhong/kSTEP && cat run.py | head -160
  └ 161 lines...

● Check latest.log symlink
  $ cd /users/szhong/kSTEP && ls -la data/logs/latest.log
  └ 2 lines...

● Find latest log path
  $ cd /users/szhong/kSTEP && python3 -c "from scripts import LATEST_LOG; print(LATEST_LOG)"
  └ 2 lines...

● Check latest.log
  $ cd /users/szhong/kSTEP && ls -la data/latest.log && wc -l data/latest.log && head -50
  data/latest.log
  └ 53 lines...

● Check log tail
  $ cd /users/szhong/kSTEP && tail -50 data/latest.log
  └ 51 lines...

The QEMU hung because `stop_one_cpu()` blocks waiting for the stopper to run, but kSTEP needs ticks to advance. I need to use `stop_one_cpu_nowait()` and tick the scheduler. Let me also simplify by creating the task on CPU 2 directly.

● Edit kmod/drivers/affine_move_completion.c (+48 -52)

● Rebuild kstep module
  $ cd /users/szhong/kSTEP && make kstep LINUX_NAME=affine_move_completion_buggy 2>&1 | tail -10
  └ 11 lines...

● Run on buggy kernel
  $ cd /users/szhong/kSTEP && timeout 120 ./run.py affine_move_completion --linux_name
  affine_move_completion_buggy --num_cpus 3 2>&1 | tail -5
  └ 6 lines...

Good, it completed! Let me check the results:

● Check test results
  $ cd /users/szhong/kSTEP && grep -E "TRACE_INFO|kstep_|pass|fail|completion|target|migration"
  data/latest.log | tail -30
  └ 14 lines...

● Check JSON output
  $ cd /users/szhong/kSTEP && cat data/latest.jsonl
  └ 2 lines...

Bug triggers on the buggy kernel. Now let me verify the fix:

● Checkout fixed kernel
  $ cd /users/szhong/kSTEP && ./checkout_linux.py d707faa64d03 affine_move_completion_fixed 2>&1 |
  tail -5
  └ 1 line...

● Read shell output: Waiting up to 120 seconds for command output
  └ 1 line...

● Read shell output: Waiting up to 120 seconds for command output
  └ 6 lines...

Now apply the same objtool fix and build the fixed kernel:

● Build fixed kernel
  $ cd /users/szhong/kSTEP && echo "OBJECT_FILES_NON_STANDARD_thunk_64.o := y" >>
  linux/affine_move_completion_fixed/arch/x86/entry/Makefile && make linux
  LINUX_NAME=affine_move_completion_fixed 2>&1 | tail -10
  └ 11 lines...

● Build kstep for fixed kernel
  $ cd /users/szhong/kSTEP && make kstep LINUX_NAME=affine_move_completion_fixed 2>&1 | tail -10
  └ 11 lines...

● Run on fixed kernel
  $ cd /users/szhong/kSTEP && timeout 120 ./run.py affine_move_completion --linux_name
  affine_move_completion_fixed --num_cpus 3 2>&1 | tail -5
  └ 6 lines...

● Check fixed kernel results
  $ cd /users/szhong/kSTEP && grep -E "target|completion|pass|fail|migration" data/latest.log | tail
   -10 && echo "---" && cat data/latest.jsonl
  └ 13 lines...

Bug reproduces on buggy kernel (fail) and is