● Read AGENTS.md
  └ 43 lines read

● Read bugs/dbfb089d_fix_loadavg_accounting_race.md
  └ 38 lines read

● Read the patch
  $ cd /users/szhong/kSTEP && git -C linux/current show -U32 dbfb089d360b 2>&1 | head -300
  └ 301 lines...

● Read kmod/driver.h
  └ 110 lines read

● List existing drivers
  $ ls /users/szhong/kSTEP/kmod/drivers/ | head -30
  └ 31 lines...

● Read rest of patch
  $ cd /users/szhong/kSTEP && git -C linux/current show -U32 dbfb089d360b 2>&1 | tail -300
  └ 301 lines...

Let me look at some existing drivers for reference and understand the kSTEP framework better.

● List more drivers
  $ cd /users/szhong/kSTEP && ls kmod/drivers/ | tail -30
  └ 31 lines...

● Read task implementation
  $ cd /users/szhong/kSTEP && cat kmod/task.c
  └ 113 lines...

● Read a reference driver
  $ cd /users/szhong/kSTEP && cat kmod/drivers/nr_uninterruptible_race.c 2>/dev/null || cat
  kmod/drivers/core_enqueue.c
  └ 157 lines...

● Read sched_switch_prev_state driver
  $ cd /users/szhong/kSTEP && cat kmod/drivers/sched_switch_prev_state.c
  └ 89 lines...

● Read internal header
  $ cd /users/szhong/kSTEP && cat kmod/internal.h | head -80
  └ 80 lines...

● Read ttwu_race driver
  $ cd /users/szhong/kSTEP && cat kmod/drivers/ttwu_race.c
  └ 138 lines...

● Read task_state_cmp driver
  $ cd /users/szhong/kSTEP && cat kmod/drivers/task_state_cmp.c
  └ 93 lines...

● Check kernel version at buggy commit
  $ cd /users/szhong/kSTEP && git -C linux/current log --oneline dbfb089d360b~1 -1
  └ 2 lines...

● Get kernel version from Makefile
  $ cd /users/szhong/kSTEP && git -C linux/current show dbfb089d360b~1:Makefile | head -5
  └ 6 lines...

● Read kthread implementation
  $ cd /users/szhong/kSTEP && cat kmod/kthread.c
  └ 157 lines...

● Read tick implementation
  $ cd /users/szhong/kSTEP && cat kmod/tick.c
  └ 165 lines...

Now I have a clear understanding. Let me create the plan and driver.

● Check reproduce.py format
  $ cd /users/szhong/kSTEP && cat reproduce.py | tail -30
  └ 31 lines...

● Check TODO.md format and bug entry
  $ cd /users/szhong/kSTEP && head -30 TODO.md && echo "---" && grep -n "dbfb089d360b" TODO.md
  └ 33 lines...

● Check reproduce.py structure
  $ cd /users/szhong/kSTEP && grep -A5 "class Bug" reproduce.py | head -20 && echo "===" && grep -B2
   -A10 "^bugs = " reproduce.py | head -40
  └ 21 lines...

● Read reproduce.py header
  $ cd /users/szhong/kSTEP && head -60 reproduce.py
  └ 61 lines...

Now let me create the driver and start building. First, let me checkout the buggy kernel.

● Create kmod/drivers/loadavg_race.c (+114)

● Check if kernel already built
  $ cd /users/szhong/kSTEP && ls build/linux/ 2>/dev/null | grep loadavg
  └ 1 line...

Now let me checkout the buggy kernel and build:

● Checkout buggy kernel
  $ cd /users/szhong/kSTEP && ./checkout_linux.py dbfb089d360b~1 loadavg_race_buggy 2>&1
  └ 7 lines...

● Read shell output: Waiting up to 30 seconds for command output
  └ 7 lines...

● Read shell output: Waiting up to 30 seconds for command output
  └ 7 lines...

● Read shell output: Waiting up to 60 seconds for command output
  └ 7 lines...

● Read shell output: Waiting up to 120 seconds for command output
  └ 7 lines...

● Read shell output: Waiting up to 120 seconds for command output
  └ 10 lines...

Good, checkout complete. Now build the buggy kernel and kstep module.

● Build buggy kernel
  $ cd /users/szhong/kSTEP && make linux LINUX_NAME=loadavg_race_buggy 2>&1 | tail -20
  └ 21 lines...

● Check build errors
  $ cd /users/szhong/kSTEP && make linux LINUX_NAME=loadavg_race_buggy 2>&1 | grep -E "error:|Error"
   | head -20
  └ 5 lines...

● Find root build error
  $ cd /users/szhong/kSTEP && make linux LINUX_NAME=loadavg_race_buggy 2>&1 | grep -B5 "error:" |
  head -30
  └ 1 line...

● Find actual error
  $ cd /users/szhong/kSTEP && make linux LINUX_NAME=loadavg_race_buggy 2>&1 | grep -iE
  "error|warning.*thunk" | head -20
  └ 6 lines...

● Debug thunk build error
  $ cd /users/szhong/kSTEP/linux/loadavg_race_buggy && make LOCALVERSION=-loadavg_race_buggy
  WERROR=0 arch/x86/entry/thunk_64.o 2>&1 | tail -20
  └ 21 lines...

● Check existing builds
  $ cd /users/szhong/kSTEP && ls build/linux/ 2>/dev/null | head -20
  └ 1 line...

● Check config scripts
  $ cd /users/szhong/kSTEP && grep "5.8" Makefile 2>/dev/null; cat scripts/kernel_config.py
  2>/dev/null | head -30
  └ 1 line...

● Read project Makefile
  $ cd /users/szhong/kSTEP && cat Makefile
  └ 105 lines...

● Check toolchain version
  $ cd /users/szhong/kSTEP && as --version | head -1 && objdump --version | head -1
  └ 3 lines...

● Check if objtool can be disabled
  $ cd /users/szhong/kSTEP && grep -r "CONFIG_STACK_VALIDATION" linux/config.kstep* 2>/dev/null
  └ 1 line...

● Check objtool config
  $ cd /users/szhong/kSTEP/linux/loadavg_race_buggy && grep CONFIG_STACK_VALIDATION .config
  2>/dev/null
  └ 2 lines...

● Check thunk_64.S contents
  $ cd /users/szhong/kSTEP/linux/loadavg_race_buggy && grep -r "SYM_FUNC_START\|ENTRY"
  arch/x86/entry/thunk_64.S | head -10
  └ 2 lines...

● Check kernel versions of worktrees
  $ cd /users/szhong/kSTEP && for d in linux/*/; do if [ -f "$d/Makefile" ]; then head -5
  "$d/Makefile" | grep -E "VERSION|PATCHLEVEL|SUBLEVEL" | head -3 | tr '\n' ' '; echo " <- $d"; fi;
  done 2>/dev/null | head -30
  └ 31 lines...

● Check ttwu worktrees
  $ cd /users/szhong/kSTEP && ls linux/ | grep ttwu
  └ 3 lines...

● Check ttwu builds
  $ cd /users/szhong/kSTEP && ls build/ | grep ttwu 2>/dev/null
  └ 3 lines...

● Check ttwu kernel version
  $ cd /users/szhong/kSTEP && head -5 linux/ttwu_race_buggy/Makefile | grep -E
  "VERSION|PATCHLEVEL|SUBLEVEL"
  └ 5 lines...

● Check ttwu build config
  $ cd /users/szhong/kSTEP && grep CONFIG_STACK_VALIDATION linux/ttwu_race_buggy/.config 2>/dev/null
   && ls -la build/ttwu_race_buggy/image 2>/dev/null
  └ 3 lines...

● Check objtool git log
  $ cd /users/szhong/kSTEP/linux/loadavg_race_buggy && git log --oneline tools/objtool/elf.c
  2>/dev/null | head -5
  └ 6 lines...

● Diff objtool between kernels
  $ cd /users/szhong/kSTEP/linux/loadavg_race_buggy && diff tools/objtool/elf.c
  ../ttwu_race_buggy/tools/objtool/elf.c | head -50
  └ 51 lines...

● Find the error message in objtool
  $ cd /users/szhong/kSTEP/linux/loadavg_race_buggy && grep -n "missing symbol table"
  tools/objtool/elf.c
  └ 2 lines...

● Read linux/loadavg_race_buggy/tools/objtool/elf.c lines 340-380
  └ 41 lines read

● Disable stack validation
  $ cd /users/szhong/kSTEP/linux/loadavg_race_buggy && sed -i 's/CONFIG_STACK_VALIDATION=y/#
  CONFIG_STACK_VALIDATION is not set/' .config && rm -f arch/x86/entry/thunk_64.o && rm -rf
  tools/objtool/objtool
  └ 1 line...

● Build buggy kernel (no objtool)
  $ cd /users/szhong/kSTEP && make linux LINUX_NAME=loadavg_race_buggy 2>&1 | tail -30
  └ 31 lines...

● Find new build errors
  $ cd /users/szhong/kSTEP && make linux LINUX_NAME=loadavg_race_buggy 2>&1 | grep -E "error:" |
  head -10
  └ 1 line...

● Find build errors
  $ cd /users/szhong/kSTEP && make linux LINUX_NAME=loadavg_race_buggy 2>&1 | grep "Error" | head
  -10
  └ 5 lines...

● Check kstep config for objtool
  $ cd /users/szhong/kSTEP && cat linux/config.kstep | grep -i stack_valid && cat
  linux/config.kstep.x86_64 | grep -i stack_valid
  └ 1 line...

● Check if config was changed
  $ cd /users/szhong/kSTEP && grep CONFIG_STACK_VALIDATION linux/loadavg_race_buggy/.config
  └ 2 lines...

● Read kstep config files
  $ cd /users/szhong/kSTEP && cat linux/config.kstep | head -20 && echo "---" && cat
  linux/config.kstep.x86_64 | head -20
  └ 27 lines...

● Check objtool config
  $ cd /users/szhong/kSTEP && cat linux/config.kstep | grep -i objtool && echo "---" && cat
  linux/config.kstep.x86_64 | grep -i objtool
  └ 1 line...

● Check if buggy commit is in rc2
  $ cd /users/szhong/kSTEP/linux/master && git log --oneline c6e7bd7afaeb..v5.8-rc2 --
  kernel/sched/core.c 2>/dev/null | head -5 && echo "---" && git merge-base --is-ancestor
  c6e7bd7afaeb v5.8-rc2 && echo "c6e7bd7afaeb is in v5.8-rc2" || echo "c6e7bd7afaeb is NOT in
  v5.8-rc2"
  └ 8 lines...

● Diff sched/core between rc2 and rc4
  $ cd /users/szhong/kSTEP/linux/master && git diff v5.8-rc2..v5.8-rc4 -- kernel/sched/core.c | head
   -80
  └ 81 lines...

● Check ttwu build date
  $ cd /users/szhong/kSTEP && file build/ttwu_race_buggy/image 2>/dev/null && stat -c "%y"
  build/ttwu_race_buggy/image 2>/dev/null
  └ 3 lines...

● Check ttwu worktree for patches
  $ cd /users/szhong/kSTEP/linux/ttwu_race_buggy && git log --oneline -5 && echo "---" && git diff
  HEAD -- tools/objtool/elf.c | head -30
  └ 7 lines...

● Check if any patches applied
  $ cd /users/szhong/kSTEP/linux/ttwu_race_buggy && git diff HEAD -- tools/ | head -5 && git diff
  HEAD -- arch/x86/entry/thunk_64.S | head -5
  └ 1 line...

● Check ttwu thunk object file
  $ cd /users/szhong/kSTEP/linux/ttwu_race_buggy && ls -la arch/x86/entry/thunk_64.o 2>/dev/null &&
  objdump -h arch/x86/entry/thunk_64.o 2>/dev/null | head -20
  └ 13 lines...

● Diff thunk_64.S between versions
  $ cd /users/szhong/kSTEP && diff linux/ttwu_race_buggy/arch/x86/entry/thunk_64.S
  linux/loadavg_race_buggy/arch/x86/entry/thunk_64.S
  └ 1 line...

● Diff configs
  $ cd /users/szhong/kSTEP && diff linux/ttwu_race_buggy/.config linux/loadavg_race_buggy/.config |
  head -40
  └ 41 lines...

● Regenerate config
  $ cd /users/szhong/kSTEP/linux/loadavg_race_buggy && make olddefconfig 2>&1 | tail -5 && grep
  CONFIG_STACK_VALIDATION .config
  └ 7 lines...

● Find STACK_VALIDATION Kconfig entry
  $ cd /users/szhong/kSTEP/linux/loadavg_race_buggy && grep -n CONFIG_STACK_VALIDATION
  arch/x86/Kconfig
  └ 1 line...

● Find STACK_VALIDATION in Kconfig
  $ cd /users/szhong/kSTEP/linux/loadavg_race_buggy && grep -rn "CONFIG_STACK_VALIDATION" Kconfig*
  arch/x86/Kconfig.debug lib/Kconfig.debug 2>/dev/null | head -5
  └ 1 line...

● Search for STACK_VALIDATION
  $ cd /users/szhong/kSTEP/linux/loadavg_race_buggy && grep -rn "STACK_VALIDATION" Kconfig
  lib/Kconfig.debug arch/x86/ 2>/dev/null | head -10
  └ 10 lines...

● Copy ttwu config
  $ cd /users/szhong/kSTEP/linux/loadavg_race_buggy && cp ../ttwu_race_buggy/.config .config && make
   olddefconfig 2>&1 | tail -5
  └ 5 lines...

● Test build thunk with ttwu config
  $ cd /users/szhong/kSTEP/linux/loadavg_race_buggy && touch .config &&
  KBUILD_BUILD_TIMESTAMP='1970-01-01' KBUILD_BUILD_VERSION='1' make LOCALVERSION=-loadavg_race_buggy
   WERROR=0 HOSTCFLAGS=-Wno-error arch/x86/entry/thunk_64.o 2>&1 | tail -10
  └ 11 lines...

● Diff build scripts
  $ cd /users/szhong/kSTEP && diff linux/ttwu_race_buggy/scripts/Makefile.build
  linux/loadavg_race_buggy/scripts/Makefile.build | head -30
  └ 1 line...

● Diff objtool directories
  $ cd /users/szhong/kSTEP && diff linux/ttwu_race_buggy/tools/objtool/
  linux/loadavg_race_buggy/tools/objtool/ --stat
  └ 3 lines...

● Diff objtool source directories
  $ cd /users/szhong/kSTEP && diff -rq linux/ttwu_race_buggy/tools/objtool/
  linux/loadavg_race_buggy/tools/objtool/ 2>/dev/null | grep -v ".o$\|.d$\|objtool$\|fixdep$"
  └ 60 lines...

● Try with ttwu objtool binary
  $ cd /users/szhong/kSTEP/linux/loadavg_race_buggy && cp ../ttwu_race_buggy/tools/objtool/objtool
  tools/objtool/objtool && touch tools/objtool/objtool && KBUILD_BUILD_TIMESTAMP='1970-01-01'
  KBUILD_BUILD_VERSION='1' make LOCALVERSION=-loadavg_race_buggy WERROR=0 arch/x86/entry/thunk_64.o
  2>&1 | tail -10
  └ 11 lines...

● Check thunk source
  $ cd /users/szhong/kSTEP/linux/loadavg_race_buggy && grep -c 'thunk' arch/x86/entry/thunk_64.S &&
  cat arch/x86/entry/thunk_64.S
  └ 63 lines...

● Check PREEMPTION config
  $ cd /users/szhong/kSTEP/linux/loadavg_race_buggy && grep CONFIG_PREEMPTION .config
  └ 1 line...

● Check ttwu PREEMPTION config
  $ cd /users/szhong/kSTEP/linux/ttwu_race_buggy && grep CONFIG_PREEMPTION .config
  └ 1 line...

● Check objtool check.c
  $ cd /users/szhong/kSTEP/linux/loadavg_race_buggy && grep -n "warning:" tools/objtool/check.c |
  head -10 && grep -n "missing symbol" tools/objtool/check.c | head -5
  └ 1 line...

● Diff objtool elf.c between versions
  $ cd /users/szhong/kSTEP && diff linux/ttwu_race_buggy/tools/objtool/elf.c
  linux/loadavg_race_buggy/tools/objtool/elf.c | head -60
  └ 61 lines...

● Patch objtool to handle missing symtab
  $ cd /users/szhong/kSTEP/linux/loadavg_race_buggy && sed -i 's/WARN("missing symbol
  table");/WARN("missing symbol table (treating as empty)");/' tools/objtool/elf.c && sed -i
  '/WARN("missing symbol table (treating as empty)");/{n;s/return -1;/return 0;/}'
  tools/objtool/elf.c && rm -f tools/objtool/objtool tools/objtool/elf.o
  └ 1 line...

● Verify patch
  $ cd /users/szhong/kSTEP/linux/loadavg_race_buggy && grep -A2 "missing symbol table"
  tools/objtool/elf.c
  └ 4 lines...

Now let me also restore proper kstep config and build:

● Build buggy kernel with patched objtool
  $ cd /users/szhong/kSTEP && rm linux/loadavg_race_buggy/.config && make linux
  LINUX_NAME=loadavg_race_buggy 2>&1 | tail -20
  └ 21 lines...

Kernel built successfully. Now build kstep module:

● Build kstep module
  $ cd /users/szhong/kSTEP && make kstep LINUX_NAME=loadavg_race_buggy 2>&1 | tail -20
  └ 21 lines...

I need to use `kstep_ksym_lookup` for unexported kernel functions. Let me update the driver:

● Read kmod/drivers/loadavg_race.c
  └ 113 lines read

● Edit kmod/drivers/loadavg_race.c (+20 -6)

● Build kstep module
  $ cd /users/szhong/kSTEP && make kstep LINUX_NAME=loadavg_race_buggy 2>&1 | tail -15
  └ 16 lines...

Built successfully. Now run the test:

● Run on buggy kernel
  $ cd /users/szhong/kSTEP && ./run.py loadavg_race --linux_name loadavg_race_buggy 2>&1 | tail -20
  └ 21 lines...

● Check full log
  $ cd /users/szhong/kSTEP && cat data/logs/latest.log | head -50
  └ 2 lines...

● Check latest log
  $ cd /users/szhong/kSTEP && cat data/latest.log | head -80
  └ 81 lines...

● Check relevant log entries
  $ cd /users/szhong/kSTEP && grep -E "kstep|loadavg|TRACE|BUG|Oops|panic|page fault"
  data/latest.log | head -30
  └ 10 lines...

● Test ttwu_race on its buggy kernel
  $ cd /users/szhong/kSTEP && ./run.py ttwu_race --linux_name ttwu_race_buggy 2>&1 | tail -10
  └ 11 lines...

● Check ttwu_race build error
  $ cd /users/szhong/kSTEP && make kstep LINUX_NAME=ttwu_race_buggy 2>&1 | tail -10
  └ 11 lines...

● Check coverage code
  $ cd /users/szhong/kSTEP && cat linux/cov.c | head -60
  └ 13 lines...

● Restore original objtool
  $ cd /users/szhong/kSTEP/linux/loadavg_race_buggy && git checkout tools/objtool/elf.c
  └ 2 lines...

● Add dummy section to force symtab
  $ cd /users/szhong/kSTEP/linux/loadavg_race_buggy && echo '.section .note.dummy, ""' >>
  arch/x86/entry/thunk_64.S && rm -f tools/objtool/objtool tools/objtool/elf.o
  arch/x86/entry/thunk_64.o
  └ 1 line...

● Build with dummy section
  $ cd /users/szhong/kSTEP && rm -f linux/loadavg_race_buggy/.config && make linux
  LINUX_NAME=loadavg_race_buggy 2>&1 | grep -E "Error|thunk|bzImage" | head -10
  └ 8 lines...

● Restore thunk_64.S
  $ cd /users/szhong/kSTEP/linux/loadavg_race_buggy && git checkout arch/x86/entry/thunk_64.S && rm
  -f arch/x86/entry/thunk_64.o
  └ 2 lines...

● Add dummy global symbol
  $ cd /users/szhong/kSTEP/linux/loadavg_race_buggy && cat >> arch/x86/entry/thunk_64.S << 'EOF'

  /* Dummy symbol to ensure .symtab is generated by newer binutils */
  .globl __thunk_dummy_sym
  __thunk_dummy_sym:...
  └ 3 lines...

● Build with dummy symbol
  $ cd /users/szhong/kSTEP && rm -f linux/loadavg_race_buggy/.config && make linux
  LINUX_NAME=loadavg_race_buggy 2>&1 | grep -E "Error|thunk|bzImage" | head -10
  └ 5 lines...

Build succeeded. Now build kstep and run:

● Build kstep module
  $ cd /users/szhong/kSTEP && make kstep LINUX_NAME=loadavg_race_buggy 2>&1 | tail -5
  └ 3 lines...

● Run on buggy kernel
  $ cd /users/szhong/kSTEP && ./run.py loadavg_race --linux_name loadavg_race_buggy 2>&1 | tail -20
  └ 21 lines...

● Check SLAB/SLUB config
  $ cd /users/szhong/kSTEP/linux/loadavg_race_buggy && grep -E "CONFIG_SL[AU]B" .config
  └ 10 lines...

● Check ttwu SLAB config
  $ cd /users/szhong/kSTEP/linux/ttwu_race_buggy && grep -E "CONFIG_SL[AU]B" .config
  └ 5 lines...

● Check kstep SLAB config
  $ cd /users/szhong/kSTEP && grep -i "slab\|slub" linux/config.kstep linux/config.kstep.x86_64
  └ 2 lines...

● Check get_map in SLUB
  $ cd /users/szhong/kSTEP/linux/loadavg_race_buggy && grep -rn "get_map" mm/slub.c | head -5
  └ 5 lines...

● Read linux/loadavg_race_buggy/mm/slub.c lines 445-470
  └ 26 lines read

● Check if accounting functions changed between rc2 and rc4
  $ cd /users/szhong/kSTEP/linux/master && git diff v5.8-rc2..v5.8-rc4 -- kernel/sched/core.c | grep
   -E "^[+-].*deactivate_task|^[+-].*activate_task|^[+-].*task_contributes_to_load|^[+-].*nr_uninter
  ruptible"
  └ 1 line...

Good - the relevant functions didn't change between rc2 and rc4. Let me use the ttwu_race_buggy kernel directly.

● Re-checkout at v5.8-rc2
  $ cd /users/szhong/kSTEP && ./checkout_linux.py v5.8-rc2 loadavg_race_buggy 2>&1 | tail -5
  └ 4 lines...

● Clean up old worktree
  $ cd /users/szhong/kSTEP && rm -rf linux/loadavg_race_buggy build/loadavg_race_buggy && git -C
  linux/master worktree prune 2>&1
  └ 1 line...

