● Read bugs/e0b257c3_prevent_softirq_inactive_cpu.md
  └ 41 lines read

● Read kmod/driver.h
  └ 110 lines read

● Read the patch
  $ cd /users/szhong/kSTEP && git -C linux/current show -U32 e0b257c3b71b 2>/dev/null | head -300
  └ 246 lines...

● List existing drivers
  $ cd /users/szhong/kSTEP && ls kmod/drivers/ | head -30
  └ 31 lines...

● Search for relevant patterns
  $ cd /users/szhong/kSTEP && grep -r "cpu_active\|cpu_deactivate\|hotplug\|nohz_balance_exit" kmod/
   --include="*.c" --include="*.h" -l 2>/dev/null
  └ 6 lines...

● Search for cpu_active usage
  $ cd /users/szhong/kSTEP && grep -r "cpu_active\|set_cpu_active\|nohz_balance" kmod/
  --include="*.c" --include="*.h" -n 2>/dev/null | head -30
  └ 6 lines...

Let me examine the existing hotplug-related drivers for patterns:

● Read kmod/drivers/do_set_cpus_fix.c
  └ 113 lines read

● Read kmod/drivers/balance_push_hotplug.c
  └ 88 lines read

● Read kmod/drivers/balance_push_hotplug.c lines 1-5
  └ 5 lines read

● View internal.h
  $ cd /users/szhong/kSTEP && cat kmod/internal.h | head -60
  └ 61 lines...

● Get kernel version for this commit
  $ cd /users/szhong/kSTEP && git -C linux/current log --oneline e0b257c3b71b -1 && git -C
  linux/current describe --tags e0b257c3b71b~1 2>/dev/null || git -C linux/current log --format='%H
  %s' e0b257c3b71b~1 -1
  └ 3 lines...

● View KSYM_IMPORT macros
  $ cd /users/szhong/kSTEP && cat kmod/internal.h | grep -A5 "KSYM_IMPORT"
  └ 15 lines...

● Find KSYM macros
  $ cd /users/szhong/kSTEP && grep -rn "KSYM_IMPORT\|kstep_ksym_lookup" kmod/ksym.h kmod/ksym.c
  kmod/internal.h 2>/dev/null | head -30
  └ 8 lines...

● View tick.c
  $ cd /users/szhong/kSTEP && cat kmod/tick.c 2>/dev/null | head -100
  └ 101 lines...

● Find softirq handling
  $ cd /users/szhong/kSTEP && grep -rn "on_sched_softirq\|softirq" kmod/tick.c kmod/main.c
  2>/dev/null | head -30
  └ 12 lines...

● View kstep_tick implementation
  $ cd /users/szhong/kSTEP && grep -A30 "void kstep_tick" kmod/tick.c | head -60
  └ 61 lines...

● Get kernel version from Makefile
  $ cd /users/szhong/kSTEP && git -C linux/current show e0b257c3b71b~1:Makefile | head -6
  └ 7 lines...

Good, `KERNEL_VERSION(5, 11, 0)`. Now let me check how `trigger_load_balance` looks in this version and also check if `on_null_domain` macro is available:

● Check trigger_load_balance in buggy kernel
  $ cd /users/szhong/kSTEP && git -C linux/current show e0b257c3b71b~1:kernel/sched/fair.c | grep -n
   "trigger_load_balance\|on_null_domain\|next_balance" | head -20
  └ 21 lines...

● View trigger_load_balance in buggy kernel
  $ cd /users/szhong/kSTEP && git -C linux/current show e0b257c3b71b~1:kernel/sched/fair.c | sed -n
  '10089,10110p'
  └ 23 lines...

Now let me create the driver. Let me also check for the `trigger_load_balance` function:

● View trigger_load_balance function
  $ cd /users/szhong/kSTEP && git -C linux/current show e0b257c3b71b~1:kernel/sched/fair.c | grep -n
   -A12 "^void trigger_load_balance"
  └ 14 lines...

Now I have all the context. Let me start building. First, checkout the buggy kernel, then write the driver:

● Checkout buggy kernel
  $ cd /users/szhong/kSTEP && ./checkout_linux.py e0b257c3b71b~1 softirq_inactive_buggy 2>&1
  └ 7 lines...

● Read shell output: Waiting up to 30 seconds for command output
  └ 7 lines...

While the checkout runs, let me write the driver:

● Create kmod/drivers/softirq_inactive_cpu.c (+90)

● Read shell output: Waiting up to 60 seconds for command output
  └ 7 lines...

● Read shell output: Waiting up to 120 seconds for command output
  └ 7 lines...

● Read shell output: Waiting up to 120 seconds for command output
  └ 7 lines...

● Read shell output: Waiting up to 120 seconds for command output
  └ 10 lines...

● Build buggy kernel
  $ cd /users/szhong/kSTEP && make linux LINUX_NAME=softirq_inactive_buggy 2>&1 | tail -20
  └ 21 lines...

Build failed. Let me check the errors:

● Check build errors
  $ cd /users/szhong/kSTEP && make linux LINUX_NAME=softirq_inactive_buggy 2>&1 | grep -i "error:" |
   head -20
  └ 1 line...

● Check build errors
  $ cd /users/szhong/kSTEP && make linux LINUX_NAME=softirq_inactive_buggy 2>&1 | grep -i
  "error\|Error\|fatal" | head -20
  └ 6 lines...

● Check thunk_64 error details
  $ cd /users/szhong/kSTEP && make linux LINUX_NAME=softirq_inactive_buggy 2>&1 | grep -B5
  "thunk_64"
  └ 10 lines...

● Check existing builds
  $ cd /users/szhong/kSTEP && ls build/ | head -20
  └ 21 lines...

● View Makefile
  $ cd /users/szhong/kSTEP && cat Makefile | head -100
  └ 100 lines...

● Check existing worktrees
  $ cd /users/szhong/kSTEP && ls linux/ | grep -v master | grep -v current | head -20
  └ 21 lines...

● Check balance_push kernel version
  $ cd /users/szhong/kSTEP && git -C linux/master log --oneline balance_push_buggy 2>/dev/null ||
  git -C linux/balance_push_buggy log --oneline -1
  └ 2 lines...

● Check objtool config
  $ cd /users/szhong/kSTEP && cat linux/config.kstep | grep -i
  "objtool\|UNWINDER\|ORC\|STACK_VALIDATION"
  └ 1 line...

● Check x86 config
  $ cd /users/szhong/kSTEP && cat linux/config.kstep.x86_64 | grep -i
  "objtool\|UNWINDER\|ORC\|STACK_VALIDATION"
  └ 1 line...

● Check generated config
  $ cd /users/szhong/kSTEP && grep -i "objtool\|STACK_VALIDATION\|UNWINDER"
  linux/softirq_inactive_buggy/.config 2>/dev/null | head -10
  └ 6 lines...

● Disable stack validation
  $ cd /users/szhong/kSTEP/linux/softirq_inactive_buggy && scripts/config --disable STACK_VALIDATION
   --enable UNWINDER_FRAME_POINTER --disable UNWINDER_ORC && touch .config
  └ 1 line...

● Rebuild buggy kernel
  $ cd /users/szhong/kSTEP && make linux LINUX_NAME=softirq_inactive_buggy 2>&1 | tail -30
  └ 31 lines...

● Find exact build errors
  $ cd /users/szhong/kSTEP && make linux LINUX_NAME=softirq_inactive_buggy 2>&1 | grep -E "Error
  [0-9]|error:" | head -20
  └ 5 lines...

● Regen config and check
  $ cd /users/szhong/kSTEP/linux/softirq_inactive_buggy && make olddefconfig 2>&1 | tail -5 && grep
  "STACK_VALIDATION\|UNWINDER" .config
  └ 11 lines...

● Check entry Makefile
  $ cd /users/szhong/kSTEP/linux/softirq_inactive_buggy && head -5 arch/x86/entry/Makefile
  └ 5 lines...

● Check for existing thunk references
  $ cd /users/szhong/kSTEP/linux/softirq_inactive_buggy && grep
  "thunk_64\|OBJECT_FILES_NON_STANDARD" arch/x86/entry/Makefile
  └ 1 line...

● Skip objtool for thunk_64
  $ cd /users/szhong/kSTEP/linux/softirq_inactive_buggy && echo
  'OBJECT_FILES_NON_STANDARD_thunk_64.o := y' >> arch/x86/entry/Makefile && rm -f
  arch/x86/entry/thunk_64.o
  └ 1 line...

● Rebuild buggy kernel
  $ cd /users/szhong/kSTEP && make linux LINUX_NAME=softirq_inactive_buggy 2>&1 | tail -20
  └ 21 lines...

Kernel built successfully. Now build kstep:

● Build kstep module
  $ cd /users/szhong/kSTEP && make kstep LINUX_NAME=softirq_inactive_buggy 2>&1 | tail -30
  └ 31 lines...

Build succeeded. Now run the driver on the buggy kernel:

● Run driver on buggy kernel
  $ cd /users/szhong/kSTEP && ./run.py softirq_inactive_cpu --linux_name softirq_inactive_buggy 2>&1
   | tail -30
  └ 31 lines...

Bug triggered on buggy kernel - `SCHED_SOFTIRQ raised on inactive CPU 1!` and the status is `fail` (meaning the bug is present). Now let me verify the fix by building and running on the fixed kernel:

● Check log output
  $ cd /users/szhong/kSTEP && cat data/logs/latest.log | grep -E
  "status|softirq_on_inactive|SCHED_SOFTIRQ"
  └ 2 lines...

● Check output
  $ cd /users/szhong/kSTEP && cat data/latest.jsonl
  └ 2 lines...

Bug confirmed on buggy kernel. Now build the fixed kernel:

● Checkout fixed kernel
  $ cd /users/szhong/kSTEP && ./checkout_linux.py e0b257c3b71b softirq_inactive_fixed 2>&1 | tail -5
  └ 1 line...

● Read shell output: Waiting up to 120 seconds for command output
  └ 1 line...

● Read shell output: Waiting up to 120 seconds for command output
  └ 6 lines...

● Apply objtool workaround
  $ cd /users/szhong/kSTEP/linux/softirq_inactive_fixed && echo
  'OBJECT_FILES_NON_STANDARD_thunk_64.o := y' >> arch/x86/entry/Makefile
  └ 1 line...

● Build fixed kernel
  $ cd /users/szhong/kSTEP && make linux LINUX_NAME=softirq_inactive_fixed 2>&1 | tail -10
  └ 11 lines...

