● Read bugs/e38e5299_hrtick_schedule_context.md
  └ 38 lines read

● Read kmod/driver.h
  └ 110 lines read

● Read the patch
  $ cd /users/szhong/kSTEP && git -C linux/current show -U32 e38e5299747b 2>/dev/null | head -300
  └ 90 lines...

● List existing drivers
  $ cd /users/szhong/kSTEP && ls kmod/drivers/ | head -20
  └ 21 lines...

● Find donor references in core.c
  $ cd /users/szhong/kSTEP && git -C linux/current show e38e5299747b~1:kernel/sched/core.c
  2>/dev/null | grep -n 'donor' | head -40
  └ 41 lines...

● Check kernel version
  $ cd /users/szhong/kSTEP && git -C linux/current log --oneline -1 e38e5299747b~1 2>/dev/null
  └ 2 lines...

● Read rq_set_donor definition
  $ cd /users/szhong/kSTEP && git -C linux/current show e38e5299747b~1:kernel/sched/sched.h
  2>/dev/null | grep -n -A5 'rq_set_donor'
  └ 12 lines...

● Find rq_set_donor
  $ cd /users/szhong/kSTEP && git -C linux/current show e38e5299747b~1:kernel/sched/sched.h
  2>/dev/null | grep -n 'rq_set_donor\|->donor\b' | head -20
  └ 9 lines...

● Find donor assignment in core.c
  $ cd /users/szhong/kSTEP && git -C linux/current show e38e5299747b~1:kernel/sched/core.c
  2>/dev/null | grep -n 'rq_set_donor\|rq->donor\s*=' | head -20
  └ 4 lines...

● Check ifdef for rq_set_donor
  $ cd /users/szhong/kSTEP && git -C linux/current show e38e5299747b~1:kernel/sched/sched.h
  2>/dev/null | sed -n '1360,1380p'
  └ 22 lines...

● Check ifdef context for rq_set_donor
  $ cd /users/szhong/kSTEP && git -C linux/current show e38e5299747b~1:kernel/sched/sched.h
  2>/dev/null | sed -n '1350,1380p'
  └ 31 lines...

● All donor references in sched.h
  $ cd /users/szhong/kSTEP && git -C linux/current show e38e5299747b~1:kernel/sched/sched.h
  2>/dev/null | grep -n 'donor' | head -30
  └ 12 lines...

● Find donor field in rq struct
  $ cd /users/szhong/kSTEP && git -C linux/current show e38e5299747b~1:kernel/sched/sched.h
  2>/dev/null | grep -n -B2 -A2 'struct task_struct.*donor'
  └ 16 lines...

● Check kernel config for proxy
  $ cd /users/szhong/kSTEP && cat linux/config 2>/dev/null | grep -i proxy
  └ 1 line...

● Check PROXY_EXEC config usage
  $ cd /users/szhong/kSTEP && grep -r 'SCHED_PROXY_EXEC' linux/current/kernel/sched/ 2>/dev/null |
  head -20
  └ 1 line...

● Check Kconfig for PROXY_EXEC
  $ cd /users/szhong/kSTEP && git -C linux/current show e38e5299747b~1:kernel/sched/Kconfig
  2>/dev/null | grep -A10 'PROXY_EXEC' 2>/dev/null || git -C linux/current show
  e38e5299747b~1:init/Kconfig 2>/dev/null | grep -A10 'PROXY_EXEC' 2>/dev/null
  └ 12 lines...

● Read Makefile
  $ cd /users/szhong/kSTEP && cat Makefile | head -80
  └ 80 lines...

● List linux directory
  $ cd /users/szhong/kSTEP && ls linux/ | head -20
  └ 21 lines...

● Read linux-config target
  $ cd /users/szhong/kSTEP && cat Makefile | grep -A30 'linux-config'
  └ 31 lines...

● Read full kstep config
  $ cd /users/szhong/kSTEP && cat linux/config.kstep 2>/dev/null
  └ 109 lines...

● Check for EXPERT and HRTICK
  $ cd /users/szhong/kSTEP && cat linux/config.kstep 2>/dev/null | grep -i 'expert\|hrtick'
  └ 2 lines...

● Check kstep config for proxy
  $ cd /users/szhong/kSTEP && cat linux/config.kstep 2>/dev/null | grep -i proxy
  └ 1 line...

✗ Check arch-specific config
  $ cd /users/szhong/kSTEP && cat linux/config.kstep.x86_64 2>/dev/null || cat
  linux/config.kstep.$(uname -m) 2>/dev/null
  Command blocked: contains dangerous shell expansion patterns (e.g., parameter transformation,
  indirect expansion, or nested command substitution) that could enable arbitrary code
  execution. Please rewrite the command without these expansion patterns.

● List config files
  $ cd /users/szhong/kSTEP && ls linux/config*
  └ 2 lines...

● Check architecture
  $ cd /users/szhong/kSTEP && uname -m
  └ 2 lines...

● Read x86_64 config
  $ cd /users/szhong/kSTEP && cat linux/config.kstep.x86_64
  └ 7 lines...

● Read RT task_tick implementation
  $ cd /users/szhong/kSTEP && git -C linux/current show e38e5299747b~1:kernel/sched/rt.c 2>/dev/null
   | grep -n -A30 'static void task_tick_rt'
  └ 32 lines...

● Read CFS task_tick implementation
  $ cd /users/szhong/kSTEP && git -C linux/current show e38e5299747b~1:kernel/sched/fair.c
  2>/dev/null | grep -n -A30 'static void task_tick_fair'
  └ 32 lines...

Let me look at an existing driver for reference and understand the kSTEP framework better.

● Find large drivers
  $ cd /users/szhong/kSTEP && wc -l kmod/drivers/*.c | sort -n | tail -5
  └ 6 lines...

● Read default driver
  $ cd /users/szhong/kSTEP && cat kmod/drivers/default.c
  └ 58 lines...

● Read tick.c
  $ cd /users/szhong/kSTEP && cat kmod/tick.c
  └ 165 lines...

● Read kthread.c
  $ cd /users/szhong/kSTEP && cat kmod/kthread.c
  └ 157 lines...

● Read internal.h
  $ cd /users/szhong/kSTEP && cat kmod/internal.h
  └ 90 lines...

● Read largest driver for patterns
  $ cd /users/szhong/kSTEP && cat kmod/drivers/sched_switch_prev.c
  └ 196 lines...

● Find kprobe usage
  $ cd /users/szhong/kSTEP && grep -r 'kprobe\|kretprobe' kmod/ --include='*.c' -l
  └ 4 lines...

● Check kernel version
  $ cd /users/szhong/kSTEP && git -C linux/current show e38e5299747b~1:Makefile 2>/dev/null | head
  -10
  └ 11 lines...

● Read checkout script
  $ cd /users/szhong/kSTEP && cat checkout_linux.py
  └ 123 lines...

● Checkout buggy kernel
  $ cd /users/szhong/kSTEP && ./checkout_linux.py e38e5299747b~1 hrtick_buggy 2>&1 | tail -5
  └ 1 line...

● Read shell output: Waiting up to 30 seconds for command output
  └ 1 line...

● Read shell output: Waiting up to 60 seconds for command output
  └ 1 line...

● Read shell output: Waiting up to 60 seconds for command output
  └ 1 line...

● Read shell output: Waiting up to 60 seconds for command output
  └ 1 line...

● Read shell output: Waiting up to 120 seconds for command output
  └ 1 line...

● Read shell output: Waiting up to 120 seconds for command output
  └ 1 line...

● Read shell output: Waiting up to 120 seconds for command output
  └ 7 lines...



Good, checkout completed. Now let me add `CONFIG_SCHED_PROXY_EXEC=y` and build. While building, I'll write the driver.

● Add PROXY_EXEC to config
  $ cd /users/szhong/kSTEP && echo 'CONFIG_SCHED_PROXY_EXEC=y' >> linux/config.kstep
  └ 1 line...

● Build buggy kernel
  $ cd /users/szhong/kSTEP && make linux LINUX_NAME=hrtick_buggy 2>&1 | tail -20
  └ 1 line...

While the kernel builds, let me write the driver.

● Read proxy execution code
  $ cd /users/szhong/kSTEP && git -C linux/current show e38e5299747b~1:kernel/sched/core.c
  2>/dev/null | sed -n '6470,6660p'
  └ 192 lines...

Let me check the build progress and write the driver in parallel:

● Read shell output: Waiting up to 10 seconds for command output
  └ 21 lines...

Kernel built. Let me verify PROXY_EXEC is enabled and write the driver:

● Verify HRTICK enabled
  $ cd /users/szhong/kSTEP && grep SCHED_HRTICK linux/hrtick_buggy/.config
  └ 2 lines...

● Verify PROXY_EXEC enabled
  $ cd /users/szhong/kSTEP && grep SCHED_PROXY_EXEC linux/hrtick_buggy/.config
  └ 2 lines...

Both enabled. Now let me write the driver:

● Create kmod/drivers/hrtick_context.c (+191)

● Build kstep module
  $ cd /users/szhong/kSTEP && make kstep LINUX_NAME=hrtick_buggy 2>&1 | tail -20
  └ 21 lines...

Need to use KSYM_IMPORT for `sched_setscheduler_nocheck`:

● Edit kmod/drivers/hrtick_context.c (+10 -1)

● Rebuild kstep module
  $ cd /users/szhong/kSTEP && make kstep LINUX_NAME=hrtick_buggy 2>&1 | tail -10
  └ 11 lines...

● See full error
  $ cd /users/szhong/kSTEP && make kstep LINUX_NAME=hrtick_buggy 2>&1 | grep 'hrtick_context' | head
   -10
  └ 10 lines...

● Edit kmod/drivers/hrtick_context.c (+5 -7)

● Rebuild kstep module
  $ cd /users/szhong/kSTEP && make kstep LINUX_NAME=hrtick_buggy 2>&1 | tail -10
  └ 11 lines...

Build succeeded. Now let me run the driver:

● Run driver on buggy kernel
  $ cd /users/szhong/kSTEP && ./run.py hrtick_context --linux_name hrtick_buggy 2>&1 | tail -5
  └ 6 lines...

● Check logs for bug
  $ cd /users/szhong/kSTEP && cat data/logs/latest.log | grep -E
  'HRTICK|hrtick|MISMATCH|donor|curr|proxy|fail|pass|BUG|kprobe|mutex' | head -30
  └ 2 lines...

● Check logs for bug
  $ cd /users/szhong/kSTEP && cat data/latest.log | grep -E
  'HRTICK|hrtick|MISMATCH|donor|curr|proxy|fail|pass|BUG|kprobe|mutex|CFS|RT thread' | head -40
  └ 14 lines...

The sysctl doesn't exist at that path. Let me find the correct name:

● Find hrtick sysctl
  $ cd /users/szhong/kSTEP && git -C linux/current show e38e5299747b~1:kernel/sched/debug.c
  2>/dev/null | grep -i hrtick
  └ 1 line...

● Find hrtick toggle
  $ cd /users/szhong/kSTEP && grep -r 'hrtick' linux/hrtick_buggy/kernel/sched/ --include='*.c' |
  grep -i 'sysctl\|debugfs\|dentry\|feature\|enabled' | head -10
  └ 5 lines...

● Find hrtick feature flag
  $ cd /users/szhong/kSTEP && grep -n 'hrtick_enabled\|HRTICK_FAIR\|HRTICK_DL'
  linux/hrtick_buggy/kernel/sched/features.h 2>/dev/null
  └ 2 lines...

● Check hrtick_enabled definition
  $ cd /users/szhong/kSTEP && grep -n 'hrtick_enabled' linux/hrtick_buggy/kernel/sched/sched.h
  2>/dev/null
  └ 9 lines...

● Read hrtick_enabled
  $ cd /users/szhong/kSTEP && sed -n '2970,3010p' linux/hrtick_buggy/kernel/sched/sched.h
  └ 42 lines...

● Find HRTICK feature
  $ cd /users/szhong/kSTEP && grep -n 'SCHED_FEAT.*HRTICK'
  linux/hrtick_buggy/kernel/sched/features.h
  └ 3 lines...

HRTICK is controlled via sched features in debugfs. Let me fix:

● Edit kmod/drivers/hrtick_context.c (+2 -2)

● Build and run driver
  $ cd /users/szhong/kSTEP && make kstep LINUX_NAME=hrtick_buggy 2>&1 | tail -5 && ./run.py
  hrtick_context --linux_name hrtick_buggy 2>&1 | tail -5
  └ 11 lines...

● Check logs
  $ cd /users/szhong/kSTEP && cat data/latest.log | grep -E
  'hrtick|HRTICK|MISMATCH|kprobe|features|panic|fail|pass|CFS|RT thread|donor|mutex' | head -30
  └ 15 lines...

● List all sched features
  $ cd /users/szhong/kSTEP && cat linux/hrtick_buggy/kernel/sched/features.h | grep -n 'SCHED_FEAT'
  └ 29 lines...

