● Read bugs/e65855a5_fix_deadlock_enabling_uclamp_static.md
  └ 31 lines read

● Read kmod/driver.h
  └ 110 lines read

● Read the commit patch
  $ cd /users/szhong/kSTEP && git -C linux/current show -U32 e65855a52b47 2>/dev/null | head -200
  └ 132 lines...

● List existing drivers
  $ cd /users/szhong/kSTEP && ls kmod/drivers/ | head -20
  └ 21 lines...

● Check existing driver patterns
  $ cd /users/szhong/kSTEP && cat kmod/drivers/*.c | head -100
  └ 101 lines...

● Check kernel versions
  $ cd /users/szhong/kSTEP && git -C linux/current log --oneline e65855a52b47 -1 && git -C
  linux/current log --oneline e65855a52b47~1 -1
  └ 3 lines...

● Check for uclamp usage
  $ cd /users/szhong/kSTEP && grep -r "sched_setattr\|sched_setscheduler\|uclamp" kmod/drivers/
  2>/dev/null | head -10
  └ 11 lines...

● Check internal.h
  $ cd /users/szhong/kSTEP && grep -r "internal.h" kmod/drivers/ | head -5 && cat kmod/internal.h
  2>/dev/null | head -50
  └ 56 lines...

● Check kernel version
  $ cd /users/szhong/kSTEP && git -C linux/current describe --tags e65855a52b47~1 2>/dev/null || git
   -C linux/current log --oneline e65855a52b47~1 -3
  └ 2 lines...

● Read kmod/drivers/sched_change_assert.c
  └ 69 lines read

● Read kmod/drivers/uclamp_oob.c
  └ 78 lines read

● Find relevant code in buggy kernel
  $ cd /users/szhong/kSTEP && git -C linux/current show e65855a52b47~1:kernel/sched/core.c | grep -n
   "sched_uclamp_used\|static_branch_enable\|__setscheduler_uclamp\|uclamp_validate\|__sched_setsche
  duler" | head -30
  └ 27 lines...

● Check __sched_setscheduler flow
  $ cd /users/szhong/kSTEP && git -C linux/current show e65855a52b47~1:kernel/sched/core.c | sed -n
  '5090,5340p'
  └ 251 lines...

● Check if sched_uclamp_used enabled at boot
  $ cd /users/szhong/kSTEP && git -C linux/current show e65855a52b47~1:kernel/sched/core.c | sed -n
  '7630,7650p'
  └ 22 lines...

● Check build directory
  $ cd /users/szhong/kSTEP && ls build/ 2>/dev/null
  └ 55 lines...

● Check kernel config script
  $ cd /users/szhong/kSTEP && cat scripts/kernel_config.py 2>/dev/null | head -80
  └ 1 line...

● Check UCLAMP config
  $ cd /users/szhong/kSTEP && grep -r "UCLAMP\|CONFIG_UCLAMP" build/*.config 2>/dev/null || grep -r
  "UCLAMP" scripts/ 2>/dev/null | head -10
  └ 1 line...

● Read Makefile
  $ cd /users/szhong/kSTEP && cat Makefile | head -60
  └ 61 lines...

● Check UCLAMP in config
  $ cd /users/szhong/kSTEP && grep "UCLAMP" build/uclamp_oob_buggy/.config 2>/dev/null
  └ 1 line...

● Find kernel config
  $ cd /users/szhong/kSTEP && find build/ -name ".config" 2>/dev/null | head -3 && find build/ -name
   "*.config" 2>/dev/null | head -3
  └ 3 lines...

● Find config scripts
  $ cd /users/szhong/kSTEP && cat scripts/kernel_config.py 2>/dev/null || find scripts/ -name "*.py"
   -exec grep -l "UCLAMP\|config" {} \;
  └ 3 lines...

● Find ksym_lookup definition
  $ cd /users/szhong/kSTEP && grep -r "kstep_ksym_lookup" kmod/*.c kmod/*.h 2>/dev/null | head -10
  └ 11 lines...

● Check UCLAMP config setup
  $ cd /users/szhong/kSTEP && grep -r "CONFIG_UCLAMP\|UCLAMP_TASK" scripts/ kmod/ 2>/dev/null | head
   -20
  └ 1 line...

● Check checkout script
  $ cd /users/szhong/kSTEP && cat checkout_linux.py | head -80
  └ 81 lines...

● Check UCLAMP in build scripts
  $ cd /users/szhong/kSTEP && grep -r "UCLAMP" checkout_linux.py scripts/consts.py 2>/dev/null
  └ 1 line...

● Find uclamp config
  $ cd /users/szhong/kSTEP && grep -r "extra_config\|UCLAMP\|uclamp" scripts/ checkout_linux.py
  2>/dev/null | head -20
  └ 2 lines...

● Search for uclamp config
  $ cd /users/szhong/kSTEP && find scripts/ -name "*.py" -exec cat {} \; 2>/dev/null | grep -i
  "uclamp\|config" | head -20
  └ 6 lines...

● Check kernel config file
  $ cd /users/szhong/kSTEP && cat linux/config 2>/dev/null | head -30
  └ 1 line...

● Check kernel config for UCLAMP
  $ cd /users/szhong/kSTEP && cat linux/config 2>/dev/null | grep -i "uclamp\|UCLAMP"
  └ 1 line...

● Check consts.py
  $ cd /users/szhong/kSTEP && cat scripts/consts.py
  └ 35 lines...

● Find config file
  $ cd /users/szhong/kSTEP && find . -name "config" -path "*/linux/*" 2>/dev/null | head -5
  └ 6 lines...

● Read checkout function
  $ cd /users/szhong/kSTEP && cat checkout_linux.py | grep -A 30 "def checkout_linux"
  └ 32 lines...

● Check linux build target
  $ cd /users/szhong/kSTEP && cat Makefile | grep -A 20 "linux:"
  └ 22 lines...

● Read full kstep config
  $ cd /users/szhong/kSTEP && cat linux/config.kstep
  └ 109 lines...

● Check UCLAMP in kstep config
  $ cd /users/szhong/kSTEP && cat linux/config.kstep 2>/dev/null | grep -i
  "uclamp\|UCLAMP\|ATOMIC_SLEEP\|DEBUG_ATOMIC"
  └ 3 lines...

● Check arch-specific configs
  $ cd /users/szhong/kSTEP && ls linux/config.kstep.*
  └ 2 lines...

● Read arch configs
  $ cd /users/szhong/kSTEP && cat linux/config.kstep.x86_64 && echo "---" && cat
  linux/config.kstep.aarch64
  └ 13 lines...

● Check debug config in existing build
  $ cd /users/szhong/kSTEP && grep "DEBUG_ATOMIC_SLEEP\|LOCKDEP\|PROVE_LOCKING\|PREEMPT_COUNT"
  build/uclamp_oob_buggy/.config 2>/dev/null
  └ 1 line...

● Check DEBUG_ATOMIC_SLEEP across builds
  $ cd /users/szhong/kSTEP && for d in build/*/; do f="$d/.config"; if [ -f "$f" ]; then echo "===
  $d ==="; grep "DEBUG_ATOMIC_SLEEP" "$f" 2>/dev/null; fi; done | head -20
  └ 3 lines...

Now I understand the bug. Let me start the reproduction. First, checkout the buggy kernel and build.

● Checkout buggy kernel
  $ cd /users/szhong/kSTEP && ./checkout_linux.py e65855a52b47~1 uclamp_deadlock_buggy 2>&1 | tail
  -5
  └ 1 line...

● Read shell output: Waiting up to 60 seconds for command output
  └ 1 line...

● Read shell output: Waiting up to 60 seconds for command output
  └ 1 line...

● Read shell output: Waiting up to 60 seconds for command output
  └ 1 line...

● Read shell output: Waiting up to 120 seconds for command output
  └ 1 line...

● Read shell output: Waiting up to 120 seconds for command output
  └ 6 lines...

Good, checkout done. Now let me write the driver and prepare the build with `CONFIG_DEBUG_ATOMIC_SLEEP` enabled.

● Create kmod/drivers/uclamp_deadlock.c (+163)

Let me rewrite the driver with a more robust approach - using kprobes to detect the bug condition:

● Edit kmod/drivers/uclamp_deadlock.c (+90 -84)

Now build the buggy kernel:

● Build buggy kernel
  $ cd /users/szhong/kSTEP && make linux LINUX_NAME=uclamp_deadlock_buggy 2>&1 | tail -20
  └ 1 line...

● Read shell output: Waiting up to 120 seconds for command output
  └ 21 lines...

● Check build errors
  $ cd /users/szhong/kSTEP && make linux LINUX_NAME=uclamp_deadlock_buggy 2>&1 | grep -i
  "error\|warning" | head -20
  └ 7 lines...

● Get more error context
  $ cd /users/szhong/kSTEP && make linux LINUX_NAME=uclamp_deadlock_buggy 2>&1 | grep -B5
  "error\|Error" | head -30
  └ 18 lines...

● Check objtool config
  $ cd /users/szhong/kSTEP && grep "CONFIG_STACK_VALIDATION\|OBJTOOL"
  linux/uclamp_deadlock_buggy/.config 2>/dev/null
  └ 2 lines...

● Check objtool config
  $ cd /users/szhong/kSTEP && grep -r "objtool\|thunk"
  linux/uclamp_deadlock_buggy/arch/x86/entry/Makefile 2>/dev/null | head -10
  └ 2 lines...

● Check if uclamp_oob kernel exists
  $ cd /users/szhong/kSTEP && ls build/uclamp_oob_buggy/ 2>/dev/null && echo "---" && ls linux/ |
  grep uclamp
  └ 12 lines...

● Find built kernels
  $ cd /users/szhong/kSTEP && for d in build/*/; do [ -f "$d/image" ] && head -c 8 "$d/image" >
  /dev/null 2>&1 && echo "$d"; done | head -10
  └ 11 lines...

● Check uclamp_oob kernel version
  $ cd /users/szhong/kSTEP && git -C linux/uclamp_oob_buggy log --oneline -1 2>/dev/null
  └ 2 lines...

● Get exact version of uclamp_oob kernel
  $ cd /users/szhong/kSTEP && git -C linux/uclamp_oob_buggy describe --tags 2>/dev/null
  └ 2 lines...

● Disable STACK_VALIDATION to fix objtool
  $ cd /users/szhong/kSTEP/linux/uclamp_deadlock_buggy && echo "# CONFIG_STACK_VALIDATION is not
  set" >> .config && make olddefconfig 2>&1 | tail -5
  └ 6 lines...

● Rebuild buggy kernel
  $ cd /users/szhong/kSTEP && make linux LINUX_NAME=uclamp_deadlock_buggy 2>&1 | tail -30
  └ 30 lines...

● Check if STACK_VALIDATION is disabled
  $ cd /users/szhong/kSTEP && grep "STACK_VALIDATION" linux/uclamp_deadlock_buggy/.config
  └ 3 lines...

● Check if config forces STACK_VALIDATION
  $ grep "STACK_VALIDATION" /users/szhong/kSTEP/linux/config.kstep
  /users/szhong/kSTEP/linux/config.kstep.x86_64 2>/dev/null
  └ 1 line...

● Fix config properly
  $ cd /users/szhong/kSTEP && rm linux/uclamp_deadlock_buggy/.config && cd
  linux/uclamp_deadlock_buggy && ../../linux/config.kstep ../../linux/config.kstep.x86_64
  2>/dev/null; ls -la .config 2>/dev/null; echo "---"; ./scripts/kconfig/merge_config.sh -n
  ../../linux/config.kstep ../../linux/config.kstep.x86_64 2>&1 | tail -5 && echo "#
  CONFIG_STACK_VALIDATION is not set" >> .config && make olddefconfig 2>&1 | tail -3 && grep ...
  └ 13 lines...

● Find nearby version kernels
  $ cd /users/szhong/kSTEP && for d in linux/*/; do [ -d "$d" ] && [ -f "$d/.config" ] && v=$(git -C
   "$d" describe --tags 2>/dev/null); [ -n "$v" ] && echo "$d: $v"; done 2>/dev/null | grep
  "v5\.[678]" | head -20
  └ 11 lines...

● Check if v5.8 kernels built
  $ cd /users/szhong/kSTEP && ls build/ptrace_freeze_buggy/ 2>/dev/null && ls
  build/loadavg_race_buggy/ 2>/dev/null
  └ 3 lines...

So v5.8-rc4 and v5.8-rc6 built fine. The issue must be specific to our checkout. Let me check what's different:

✗ Compare thunk_64.S files
  $ cd /users/szhong/kSTEP && diff <(git -C linux/ptrace_freeze_buggy show
  HEAD:arch/x86/entry/thunk_64.S 2>/dev/null | head -20) <(git -C linux/uclamp_deadlock_buggy show
  HEAD:arch/x86/entry/thunk_64.S 2>/dev/null | head -20)
  Command blocked: contains dangerous shell expansion patterns (e.g., parameter transformation,
  indirect expansion, or nested command substitution) that could enable arbitrary code
  execution. Please rewrite the command without these expansion patterns.

● Compare thunk files
  $ cd /users/szhong/kSTEP && git -C linux/ptrace_freeze_buggy show HEAD:arch/x86/entry/thunk_64.S
  2>/dev/null | md5sum && git -C linux/uclamp_deadlock_buggy show HEAD:arch/x86/entry/thunk_64.S
  2>/dev/null | md5sum
  └ 3 lines...

● Check existing thunk_64.o
  $ cd /users/szhong/kSTEP && ls -la linux/ptrace_freeze_buggy/arch/x86/entry/thunk_64.o 2>/dev/null
   && file linux/ptrace_freeze_buggy/arch/x86/entry/thunk_64.o 2>/dev/null
  └ 3 lines...

● Check ptrace freeze config
  $ cd /users/szhong/kSTEP && grep "STACK_VALIDATION" linux/ptrace_freeze_buggy/.config
  └ 3 lines...

● Check objtool binary
  $ cd /users/szhong/kSTEP && ls -la linux/uclamp_deadlock_buggy/tools/objtool/objtool 2>/dev/null
  && ls -la linux/ptrace_freeze_buggy/tools/objtool/objtool 2>/dev/null
  └ 3 lines...

● Check assembly and symtab
  $ cd /users/szhong/kSTEP/linux/uclamp_deadlock_buggy && as --version | head -1 && as
  arch/x86/entry/thunk_64.S -o /tmp/thunk_test.o 2>&1 && file /tmp/thunk_test.o && readelf -S
  /tmp/thunk_test.o | grep symtab
  └ 20 lines...

● Compare .o file dates
  $ cd /users/szhong/kSTEP && ls -la linux/ptrace_freeze_buggy/arch/x86/entry/thunk_64.o
  linux/uclamp_deadlock_buggy/arch/x86/entry/thunk_64.o 2>/dev/null
  └ 2 lines...

● Verbose build of thunk_64.o
  $ cd /users/szhong/kSTEP/linux/uclamp_deadlock_buggy && make V=1 arch/x86/entry/thunk_64.o 2>&1 |
  tail -20
  └ 21 lines...

● Copy objtool from working build
  $ cd /users/szhong/kSTEP && cp linux/ptrace_freeze_buggy/tools/objtool/objtool
  linux/uclamp_deadlock_buggy/tools/objtool/objtool
  └ 1 line...

● Rebuild buggy kernel
  $ cd /users/szhong/kSTEP && make linux LINUX_NAME=uclamp_deadlock_buggy 2>&1 | tail -20
  └ 21 lines...

● Get build errors
  $ cd /users/szhong/kSTEP && make linux LINUX_NAME=uclamp_deadlock_buggy 2>&1 | grep -i "error" |
  head -20
  └ 6 lines...

● Get verbose assembly command
  $ cd /users/szhong/kSTEP/linux/uclamp_deadlock_buggy && make V=1 arch/x86/entry/thunk_64.o 2>&1 |
  grep -E "^(as|gcc|cc)" | head -5
  └ 3 lines...

● Copy full objtool directory
  $ cd /users/szhong/kSTEP && cp -r linux/ptrace_freeze_buggy/tools/objtool/
  linux/uclamp_deadlock_buggy/tools/objtool/ && touch
  linux/uclamp_deadlock_buggy/tools/objtool/objtool
  └ 2 lines...

● Copy full objtool directory
  $ cd /users/szhong/kSTEP && rm -rf linux/uclamp_deadlock_buggy/tools/objtool/ && cp -r
  linux/ptrace_freeze_buggy/tools/objtool/ linux/uclamp_deadlock_buggy/tools/objtool/ && touch
  linux/uclamp_deadlock_buggy/tools/objtool/objtool
  └ 1 line...

● Rebuild buggy kernel
  $ cd /users/szhong/kSTEP && make linux LINUX_NAME=uclamp_deadlock_buggy 2>&1 | tail -30
  └ 31 lines...

Kernel built successfully. Now build kstep module:

