● Read bugs/39a2a6eb_shift_out_of_bounds_in.md
  └ 38 lines read

● Read kmod/driver.h
  └ 111 lines read

● Read the patch
  $ cd /users/szhong/kSTEP && git -C linux/current show -U32 39a2a6eb5c9b 2>/dev/null | head -200
  └ 201 lines...

✗ Read example driver
  $ cd /users/szhong/kSTEP && cat kmod/drivers/sched_balance_fork.c 2>/dev/null || cat
  kmod/drivers/$(ls kmod/drivers/ | head -1) | head -80
  Command blocked: contains dangerous shell expansion patterns (e.g., parameter transformation,
  indirect expansion, or nested command substitution) that could enable arbitrary code
  execution. Please rewrite the command without these expansion patterns.

● List existing drivers
  $ cd /users/szhong/kSTEP && ls kmod/drivers/ | head -20
  └ 21 lines...

● Check commit exists
  $ cd /users/szhong/kSTEP && git -C linux/current log --oneline 39a2a6eb5c9b~1..39a2a6eb5c9b
  2>/dev/null && git -C linux/current log --oneline -1 39a2a6eb5c9b~1 2>/dev/null
  └ 3 lines...

● Read example balance driver
  $ cd /users/szhong/kSTEP && cat kmod/drivers/extra_balance.c
  └ 43 lines...

● Read another example driver
  $ cd /users/szhong/kSTEP && cat kmod/drivers/find_idlest_grp.c
  └ 210 lines...

● Read internal.h
  $ cd /users/szhong/kSTEP && cat kmod/internal.h | head -40
  └ 41 lines...

● Get kernel version
  $ cd /users/szhong/kSTEP && git -C linux/current show 39a2a6eb5c9b~1:Makefile | head -5
  └ 6 lines...

● Find nr_balance_failed usage
  $ cd /users/szhong/kSTEP && git -C linux/current show 39a2a6eb5c9b~1:kernel/sched/fair.c | grep -n
   'nr_balance_failed' | head -20
  └ 10 lines...

● Read active balance logic
  $ cd /users/szhong/kSTEP && git -C linux/current show 39a2a6eb5c9b~1:kernel/sched/fair.c | sed -n
  '9470,9510p'
  └ 42 lines...

● Read load_balance logic
  $ cd /users/szhong/kSTEP && git -C linux/current show 39a2a6eb5c9b~1:kernel/sched/fair.c | sed -n
  '9720,9800p'
  └ 82 lines...

● Find related drivers
  $ cd /users/szhong/kSTEP && ls kmod/drivers/ | wc -l && grep -l
  'nr_balance_failed\|shr_bound\|detach_tasks\|load_balance' kmod/drivers/*.c 2>/dev/null
  └ 4 lines...

● Find drivers using balance callbacks
  $ cd /users/szhong/kSTEP && grep -l 'on_sched_balance_selected\|on_sched_balance_begin'
  kmod/drivers/*.c | head -5
  └ 6 lines...

● Read softirq driver with nr_balance_failed
  $ cd /users/szhong/kSTEP && cat kmod/drivers/softirq_inactive_cpu.c
  └ 91 lines...

● Read neg_imbalance driver
  $ cd /users/szhong/kSTEP && cat kmod/drivers/neg_imbalance.c
  └ 100 lines...

● Read charge_percpu driver
  $ cd /users/szhong/kSTEP && cat kmod/drivers/charge_percpu_cpuusage.c
  └ 112 lines...

● Check KSYM_IMPORT usage
  $ cd /users/szhong/kSTEP && grep -n 'KSYM_IMPORT' kmod/drivers/*.c | head -20
  └ 21 lines...

Now let me understand the kernel version and check the load balance code more carefully:

● Read detach_tasks logic
  $ cd /users/szhong/kSTEP && git -C linux/current show 39a2a6eb5c9b~1:kernel/sched/fair.c | sed -n
  '7580,7620p'
  └ 42 lines...

● Read load_balance function
  $ cd /users/szhong/kSTEP && git -C linux/current show 39a2a6eb5c9b~1:kernel/sched/fair.c | sed -n
  '9680,9750p'
  └ 71 lines...

● Check QEMU CPU config
  $ cd /users/szhong/kSTEP && grep -n 'cpu\|CPU\|smp' run.py | head -20
  └ 10 lines...

● Find QEMU SMP config
  $ cd /users/szhong/kSTEP && grep -n 'smp\|cpu' scripts/*.sh scripts/*.py 2>/dev/null | grep -i
  qemu | head -10
  └ 1 line...

● Check driver config parsing
  $ cd /users/szhong/kSTEP && sed -n '30,60p' run.py
  └ 32 lines...

● Check driver parameter parsing
  $ cd /users/szhong/kSTEP && sed -n '200,260p' run.py
  └ 62 lines...

● Check reproduce.py format
  $ cd /users/szhong/kSTEP && head -80 reproduce.py
  └ 81 lines...

● Read more of reproduce.py
  $ cd /users/szhong/kSTEP && sed -n '80,200p' reproduce.py
  └ 122 lines...

● Check need_active_balance function
  $ cd /users/szhong/kSTEP && git -C linux/current show 39a2a6eb5c9b~1:kernel/sched/fair.c | grep -n
   'need_active_balance\|voluntary_active\|imbalanced_active' | head -20
  └ 6 lines...

● Read need_active_balance
  $ cd /users/szhong/kSTEP && git -C linux/current show 39a2a6eb5c9b~1:kernel/sched/fair.c | sed -n
  '9505,9530p'
  └ 26 lines...

Now I have a clear understanding. Let me write the driver:

● Create kmod/drivers/shr_bound_balance.c (+104)

Now let me checkout the buggy kernel and build:

● Checkout buggy kernel
  $ cd /users/szhong/kSTEP && ./checkout_linux.py 39a2a6eb5c9b~1 shr_bound_buggy 2>&1 | tail -5
  └ 6 lines...

