● Read bugs/3a0baa8e_entity_s_lag_with_run.md
  └ 41 lines read

● Read kmod/driver.h
  └ 111 lines read

● Read the patch
  $ cd /users/szhong/kSTEP && git -C linux/current show -U32 3a0baa8e6c57 2>/dev/null | head -300
  └ 244 lines...

● List existing drivers
  $ cd /users/szhong/kSTEP && ls kmod/drivers/ | head -20
  └ 21 lines...

● Read rest of patch
  $ cd /users/szhong/kSTEP && git -C linux/current show -U32 3a0baa8e6c57 | tail -100
  └ 101 lines...

● Look for related drivers
  $ cd /users/szhong/kSTEP && cat kmod/drivers/lag_bound*.c 2>/dev/null || ls kmod/drivers/*lag*
  kmod/drivers/*prot* kmod/drivers/*slice* 2>/dev/null | head -5
  └ 6 lines...

● Read lag driver
  $ cd /users/szhong/kSTEP && cat kmod/drivers/lag_vruntime.c
  └ 48 lines...

● Read related driver
  $ cd /users/szhong/kSTEP && cat kmod/drivers/slice_update.c
  └ 60 lines...

● Get parent commit hash
  $ cd /users/szhong/kSTEP && git -C linux/current log --oneline 3a0baa8e6c57~1..3a0baa8e6c57 | head
   -5 && git -C linux/current show 3a0baa8e6c57~1 --format="%H" --no-patch
  └ 3 lines...

● Read internal header
  $ cd /users/szhong/kSTEP && cat kmod/internal.h | head -80
  └ 80 lines...

● Check KSYM macros
  $ cd /users/szhong/kSTEP && grep -r "KSYM_IMPORT\|KSYM_" kmod/internal.h | head -20
  └ 11 lines...

● Check kernel version
  $ cd /users/szhong/kSTEP && git -C linux/current log --oneline -5 3a0baa8e6c57 && echo "---" &&
  git -C linux/current tag --contains 3a0baa8e6c57 | head -3
  └ 10 lines...

● Check sched features
  $ cd /users/szhong/kSTEP && grep -r "sched_feat\|RUN_TO_PARITY\|PREEMPT_SHORT"
  linux/current/kernel/sched/features.h 2>/dev/null | head -20
  └ 1 line...

● Check vprot usage in kernel
  $ cd /users/szhong/kSTEP && grep -r "vprot\|protect_slice\|cfs_rq_min_slice"
  linux/current/kernel/sched/fair.c 2>/dev/null | head -30
  └ 1 line...

● Fetch LKML discussion
  $ cd /users/szhong/kSTEP && curl -sL
  'https://lore.kernel.org/lkml/20250708165630.1948751-6-vincent.guittot@linaro.org/t.mbox.gz' |
  gunzip 2>/dev/null | head -200
  └ 201 lines...

● Check reproduce.py format
  $ cd /users/szhong/kSTEP && cat reproduce.py | head -40
  └ 41 lines...

● Check existing drivers for vprot
  $ cd /users/szhong/kSTEP && grep -rn "vprot\|protect_slice\|do_preempt_short\|min_slice"
  kmod/drivers/ 2>/dev/null | head -20
  └ 1 line...

● Check how drivers access se.slice
  $ cd /users/szhong/kSTEP && grep -rn "se->slice\|kstep_task_create\|se\.slice" kmod/drivers/*.c |
  head -20
  └ 21 lines...

● Read extra_tick driver for patterns
  $ cd /users/szhong/kSTEP && cat kmod/drivers/extra_tick.c
  └ 81 lines...

● Check reproduce.py entry format
  $ cd /users/szhong/kSTEP && cat reproduce.py | grep -A 10 "Bug(" | head -60
  └ 61 lines...

Now I have a good understanding of the bug. Let me create the plan and start implementation.

● Checkout buggy kernel
  $ cd /users/szhong/kSTEP && ./checkout_linux.py 3a0baa8e6c57~1 lag_parity_buggy 2>&1 | tail -5
  └ 6 lines...

● Check sched features in buggy kernel
  $ cd /users/szhong/kSTEP && grep -n "PREEMPT_SHORT\|RUN_TO_PARITY"
  linux/current/kernel/sched/features.h 2>/dev/null
  └ 4 lines...

● Check place_entity in buggy kernel
  $ cd /users/szhong/kSTEP && grep -n "place_entity" linux/current/kernel/sched/fair.c | head -20
  └ 8 lines...

● Read place_entity implementation
  $ cd /users/szhong/kSTEP && sed -n '5123,5200p' linux/current/kernel/sched/fair.c
  └ 79 lines...

● Read rest of place_entity
  $ cd /users/szhong/kSTEP && sed -n '5200,5260p' linux/current/kernel/sched/fair.c
  └ 62 lines...

● Find check_preempt_wakeup_fair
  $ cd /users/szhong/kSTEP && grep -n "check_preempt_wakeup_fair" linux/current/kernel/sched/fair.c
  | head -5
  └ 3 lines...

● Check custom_slice and min_slice fields
  $ cd /users/szhong/kSTEP && grep -n "custom_slice\|min_slice" linux/current/include/linux/sched.h
  | head -20
  └ 3 lines...

● Check cfs_rq_min_slice definition
  $ cd /users/szhong/kSTEP && grep -n "cfs_rq_min_slice\|min_slice"
  linux/current/kernel/sched/sched.h | head -20
  └ 1 line...

● Find min_slice in fair.c
  $ cd /users/szhong/kSTEP && grep -n "cfs_rq_min_slice\|min_slice"
  linux/current/kernel/sched/fair.c | head -20
  └ 21 lines...

● Read check_preempt_wakeup_fair
  $ cd /users/szhong/kSTEP && sed -n '8641,8720p' linux/current/kernel/sched/fair.c
  └ 81 lines...

● Read end of check_preempt_wakeup_fair
  $ cd /users/szhong/kSTEP && sed -n '8720,8740p' linux/current/kernel/sched/fair.c
  └ 22 lines...

● Check set_protect_slice in buggy kernel
  $ cd /users/szhong/kSTEP && sed -n '889,910p' linux/current/kernel/sched/fair.c
  └ 23 lines...

Good. On the buggy kernel, `set_protect_slice` takes only `se` and there's no `update_protect_slice` function. Now let me write the driver.

● Create kmod/drivers/lag_parity.c (+97)

Now let me build and test on the buggy kernel:

● Build buggy kernel
  $ cd /users/szhong/kSTEP && make linux LINUX_NAME=lag_parity_buggy 2>&1 | tail -5
  └ 6 lines...

● Build kstep module
  $ cd /users/szhong/kSTEP && make kstep LINUX_NAME=lag_parity_buggy 2>&1 | tail -10
  └ 11 lines...

● Check build errors
  $ cd /users/szhong/kSTEP && make kstep LINUX_NAME=lag_parity_buggy 2>&1 | grep "error:" | head -10
  └ 3 lines...

● Check tick_period usage
  $ cd /users/szhong/kSTEP && grep -n "tick_period" kmod/tick_jiffies.c
  └ 6 lines...

● Check tick_period in kernel headers
  $ cd /users/szhong/kSTEP && grep -rn "tick_period" linux/current/include/ 2>/dev/null | head -5
  └ 1 line...

● Check tick_period in kernel source
  $ cd /users/szhong/kSTEP && grep -rn "tick_period" linux/current/kernel/time/ 2>/dev/null | head
  -10
  └ 7 lines...

● Read kmod/tick_jiffies.c
  └ 50 lines read

● Check kernel version
  $ cd /users/szhong/kSTEP && head -5 linux/current/Makefile
  └ 6 lines...

● Check tick_period in headers
  $ cd /users/szhong/kSTEP && grep -n "tick_period" linux/current/kernel/time/tick-internal.h
  2>/dev/null
  └ 1 line...

● Edit kmod/tick_jiffies.c (+2)

● Rebuild kstep module
  $ cd /users/szhong/kSTEP && make kstep LINUX_NAME=lag_parity_buggy 2>&1 | tail -10
  └ 11 lines...

Build successful. Now let's run the driver:

● Run driver on buggy kernel
  $ cd /users/szhong/kSTEP && ./run.py lag_parity --linux_name lag_parity_buggy 2>&1 | tail -20
  └ 21 lines...

● Check test result
  $ cd /users/szhong/kSTEP && grep -E "fail|pass|status" data/latest.jsonl 2>/dev/null | tail -5
  └ 2 lines...

Bug confirmed on buggy kernel - vprot not updated. Now let's test on the fixed kernel:

● Checkout fixed kernel
  $ cd /users/szhong/kSTEP && ./checkout_linux.py 3a0baa8e6c57 lag_parity_fixed 2>&1 | tail -5
  └ 6 lines...

