● Read bugs/dcd6dffb_fix_rq_uclamp_init_size.md
  └ 25 lines read

● Read kmod/driver.h
  └ 110 lines read

● Read the patch
  $ cd /users/szhong/kSTEP && git -C linux/current show -U32 dcd6dffb0a75 2>/dev/null | head -200
  └ 88 lines...

✗ Read an example driver
  $ cd /users/szhong/kSTEP && cat kmod/drivers/$(ls kmod/drivers/ | head -1) | head -80
  Command blocked: contains dangerous shell expansion patterns (e.g., parameter transformation,
  indirect expansion, or nested command substitution) that could enable arbitrary code
  execution. Please rewrite the command without these expansion patterns.

● List existing drivers
  $ cd /users/szhong/kSTEP && ls kmod/drivers/ | head -20
  └ 21 lines...

● Find uclamp_rq definition
  $ cd /users/szhong/kSTEP && git -C linux/current grep -n "struct uclamp_rq" -- include/linux/
  kernel/sched/ | head -20
  └ 1 line...

● Get first driver name
  $ cd /users/szhong/kSTEP && ls kmod/drivers/ | head -1
  └ 2 lines...

● Find uclamp_rq in sched.h
  $ cd /users/szhong/kSTEP && git -C linux/current show dcd6dffb0a75~1:kernel/sched/sched.h | grep
  -n "uclamp_rq" | head -20
  └ 6 lines...

● Read kmod/drivers/affine_move_completion.c
  └ 154 lines read

● Read uclamp_rq struct definition
  $ cd /users/szhong/kSTEP && git -C linux/current show dcd6dffb0a75~1:kernel/sched/sched.h | sed -n
   '813,880p'
  └ 68 lines...

